[0.005s] Invoking command in '/home/zyshin3/gazebo_maritime/Acoustic_decoy_ws/build/acoustic_decoy_controls': CMAKE_PREFIX_PATH=${CMAKE_PREFIX_PATH}:/opt/ros/jazzy /usr/bin/cmake --build /home/zyshin3/gazebo_maritime/Acoustic_decoy_ws/build/acoustic_decoy_controls -- -j20 -l20
[0.049s] Invoked command in '/home/zyshin3/gazebo_maritime/Acoustic_decoy_ws/build/acoustic_decoy_controls' returned '0': CMAKE_PREFIX_PATH=${CMAKE_PREFIX_PATH}:/opt/ros/jazzy /usr/bin/cmake --build /home/zyshin3/gazebo_maritime/Acoustic_decoy_ws/build/acoustic_decoy_controls -- -j20 -l20
[0.050s] Invoking command in '/home/zyshin3/gazebo_maritime/Acoustic_decoy_ws/build/acoustic_decoy_controls': CMAKE_PREFIX_PATH=${CMAKE_PREFIX_PATH}:/opt/ros/jazzy /usr/bin/cmake --install /home/zyshin3/gazebo_maritime/Acoustic_decoy_ws/build/acoustic_decoy_controls
[0.056s] -- Install configuration: ""
[0.056s] -- Up-to-date: /home/zyshin3/gazebo_maritime/Acoustic_decoy_ws/install/acoustic_decoy_controls/share/ament_index/resource_index/package_run_dependencies/acoustic_decoy_controls
[0.056s] -- Up-to-date: /home/zyshin3/gazebo_maritime/Acoustic_decoy_ws/install/acoustic_decoy_controls/share/ament_index/resource_index/parent_prefix_path/acoustic_decoy_controls
[0.056s] -- Up-to-date: /home/zyshin3/gazebo_maritime/Acoustic_decoy_ws/install/acoustic_decoy_controls/share/acoustic_decoy_controls/environment/ament_prefix_path.sh
[0.056s] -- Up-to-date: /home/zyshin3/gazebo_maritime/Acoustic_decoy_ws/install/acoustic_decoy_controls/share/acoustic_decoy_controls/environment/ament_prefix_path.dsv
[0.056s] -- Up-to-date: /home/zyshin3/gazebo_maritime/Acoustic_decoy_ws/install/acoustic_decoy_controls/share/acoustic_decoy_controls/environment/path.sh
[0.056s] -- Up-to-date: /home/zyshin3/gazebo_maritime/Acoustic_decoy_ws/install/acoustic_decoy_controls/share/acoustic_decoy_controls/environment/path.dsv
[0.056s] -- Up-to-date: /home/zyshin3/gazebo_maritime/Acoustic_decoy_ws/install/acoustic_decoy_controls/share/acoustic_decoy_controls/local_setup.bash
[0.056s] -- Up-to-date: /home/zyshin3/gazebo_maritime/Acoustic_decoy_ws/install/acoustic_decoy_controls/share/acoustic_decoy_controls/local_setup.sh
[0.056s] -- Up-to-date: /home/zyshin3/gazebo_maritime/Acoustic_decoy_ws/install/acoustic_decoy_controls/share/acoustic_decoy_controls/local_setup.zsh
[0.056s] -- Up-to-date: /home/zyshin3/gazebo_maritime/Acoustic_decoy_ws/install/acoustic_decoy_controls/share/acoustic_decoy_controls/local_setup.dsv
[0.056s] -- Up-to-date: /home/zyshin3/gazebo_maritime/Acoustic_decoy_ws/install/acoustic_decoy_controls/share/acoustic_decoy_controls/package.dsv
[0.056s] -- Up-to-date: /home/zyshin3/gazebo_maritime/Acoustic_decoy_ws/install/acoustic_decoy_controls/share/ament_index/resource_index/packages/acoustic_decoy_controls
[0.056s] -- Up-to-date: /home/zyshin3/gazebo_maritime/Acoustic_decoy_ws/install/acoustic_decoy_controls/share/acoustic_decoy_controls/cmake/acoustic_decoy_controlsConfig.cmake
[0.056s] -- Up-to-date: /home/zyshin3/gazebo_maritime/Acoustic_decoy_ws/install/acoustic_decoy_controls/share/acoustic_decoy_controls/cmake/acoustic_decoy_controlsConfig-version.cmake
[0.057s] -- Up-to-date: /home/zyshin3/gazebo_maritime/Acoustic_decoy_ws/install/acoustic_decoy_controls/share/acoustic_decoy_controls/package.xml
[0.064s] Invoked command in '/home/zyshin3/gazebo_maritime/Acoustic_decoy_ws/build/acoustic_decoy_controls' returned '0': CMAKE_PREFIX_PATH=${CMAKE_PREFIX_PATH}:/opt/ros/jazzy /usr/bin/cmake --install /home/zyshin3/gazebo_maritime/Acoustic_decoy_ws/build/acoustic_decoy_controls
