[0.049s] DEBUG:colcon:Command line arguments: ['/usr/bin/colcon', 'build']
[0.049s] DEBUG:colcon:Parsed command line arguments: Namespace(log_base=None, log_level=None, verb_name='build', build_base='build', install_base='install', merge_install=False, symlink_install=False, test_result_base=None, continue_on_error=False, executor='parallel', parallel_workers=20, event_handlers=None, ignore_user_meta=False, metas=['./colcon.meta'], base_paths=['.'], packages_ignore=None, packages_ignore_regex=None, paths=None, packages_up_to=None, packages_up_to_regex=None, packages_above=None, packages_above_and_dependencies=None, packages_above_depth=None, packages_select_by_dep=None, packages_skip_by_dep=None, packages_skip_up_to=None, packages_select_build_failed=False, packages_skip_build_finished=False, packages_select_test_failures=False, packages_skip_test_passed=False, packages_select=None, packages_skip=None, packages_select_regex=None, packages_skip_regex=None, packages_start=None, packages_end=None, allow_overriding=[], cmake_args=None, cmake_target=None, cmake_target_skip_unavailable=False, cmake_clean_cache=False, cmake_clean_first=False, cmake_force_configure=False, ament_cmake_args=None, catkin_cmake_args=None, catkin_skip_building_tests=False, mixin_files=None, mixin=None, verb_parser=<colcon_mixin.mixin.mixin_argument.MixinArgumentDecorator object at 0x780d95184f80>, verb_extension=<colcon_core.verb.build.BuildVerb object at 0x780d95b3e270>, main=<bound method BuildVerb.main of <colcon_core.verb.build.BuildVerb object at 0x780d95b3e270>>, mixin_verb=('build',))
[0.067s] Level 1:colcon.colcon_core.package_discovery:discover_packages(colcon_meta) check parameters
[0.067s] Level 1:colcon.colcon_core.package_discovery:discover_packages(recursive) check parameters
[0.067s] Level 1:colcon.colcon_core.package_discovery:discover_packages(ignore) check parameters
[0.067s] Level 1:colcon.colcon_core.package_discovery:discover_packages(path) check parameters
[0.067s] Level 1:colcon.colcon_core.package_discovery:discover_packages(colcon_meta) discover
[0.067s] Level 1:colcon.colcon_core.package_discovery:discover_packages(recursive) discover
[0.067s] INFO:colcon.colcon_core.package_discovery:Crawling recursively for packages in '/home/zyshin3/gazebo_maritime/Acoustic_decoy_ws'
[0.067s] Level 1:colcon.colcon_core.package_identification:_identify(.) by extensions ['ignore', 'ignore_ament_install']
[0.067s] Level 1:colcon.colcon_core.package_identification:_identify(.) by extension 'ignore'
[0.067s] Level 1:colcon.colcon_core.package_identification:_identify(.) by extension 'ignore_ament_install'
[0.067s] Level 1:colcon.colcon_core.package_identification:_identify(.) by extensions ['colcon_pkg']
[0.067s] Level 1:colcon.colcon_core.package_identification:_identify(.) by extension 'colcon_pkg'
[0.067s] Level 1:colcon.colcon_core.package_identification:_identify(.) by extensions ['colcon_meta']
[0.067s] Level 1:colcon.colcon_core.package_identification:_identify(.) by extension 'colcon_meta'
[0.067s] Level 1:colcon.colcon_core.package_identification:_identify(.) by extensions ['ros']
[0.067s] Level 1:colcon.colcon_core.package_identification:_identify(.) by extension 'ros'
[0.080s] Level 1:colcon.colcon_core.package_identification:_identify(.) by extensions ['cmake', 'python']
[0.080s] Level 1:colcon.colcon_core.package_identification:_identify(.) by extension 'cmake'
[0.080s] Level 1:colcon.colcon_core.package_identification:_identify(.) by extension 'python'
[0.080s] Level 1:colcon.colcon_core.package_identification:_identify(.) by extensions ['python_setup_py']
[0.080s] Level 1:colcon.colcon_core.package_identification:_identify(.) by extension 'python_setup_py'
[0.080s] Level 1:colcon.colcon_core.package_identification:_identify(build) by extensions ['ignore', 'ignore_ament_install']
[0.080s] Level 1:colcon.colcon_core.package_identification:_identify(build) by extension 'ignore'
[0.080s] Level 1:colcon.colcon_core.package_identification:_identify(build) ignored
[0.080s] Level 1:colcon.colcon_core.package_identification:_identify(install) by extensions ['ignore', 'ignore_ament_install']
[0.080s] Level 1:colcon.colcon_core.package_identification:_identify(install) by extension 'ignore'
[0.080s] Level 1:colcon.colcon_core.package_identification:_identify(install) ignored
[0.080s] Level 1:colcon.colcon_core.package_identification:_identify(log) by extensions ['ignore', 'ignore_ament_install']
[0.080s] Level 1:colcon.colcon_core.package_identification:_identify(log) by extension 'ignore'
[0.080s] Level 1:colcon.colcon_core.package_identification:_identify(log) ignored
[0.080s] Level 1:colcon.colcon_core.package_identification:_identify(src) by extensions ['ignore', 'ignore_ament_install']
[0.080s] Level 1:colcon.colcon_core.package_identification:_identify(src) by extension 'ignore'
[0.080s] Level 1:colcon.colcon_core.package_identification:_identify(src) by extension 'ignore_ament_install'
[0.080s] Level 1:colcon.colcon_core.package_identification:_identify(src) by extensions ['colcon_pkg']
[0.080s] Level 1:colcon.colcon_core.package_identification:_identify(src) by extension 'colcon_pkg'
[0.080s] Level 1:colcon.colcon_core.package_identification:_identify(src) by extensions ['colcon_meta']
[0.080s] Level 1:colcon.colcon_core.package_identification:_identify(src) by extension 'colcon_meta'
[0.080s] Level 1:colcon.colcon_core.package_identification:_identify(src) by extensions ['ros']
[0.080s] Level 1:colcon.colcon_core.package_identification:_identify(src) by extension 'ros'
[0.080s] Level 1:colcon.colcon_core.package_identification:_identify(src) by extensions ['cmake', 'python']
[0.080s] Level 1:colcon.colcon_core.package_identification:_identify(src) by extension 'cmake'
[0.080s] Level 1:colcon.colcon_core.package_identification:_identify(src) by extension 'python'
[0.080s] Level 1:colcon.colcon_core.package_identification:_identify(src) by extensions ['python_setup_py']
[0.080s] Level 1:colcon.colcon_core.package_identification:_identify(src) by extension 'python_setup_py'
[0.080s] Level 1:colcon.colcon_core.package_identification:_identify(src/acoustic_decoy_controls) by extensions ['ignore', 'ignore_ament_install']
[0.080s] Level 1:colcon.colcon_core.package_identification:_identify(src/acoustic_decoy_controls) by extension 'ignore'
[0.080s] Level 1:colcon.colcon_core.package_identification:_identify(src/acoustic_decoy_controls) by extension 'ignore_ament_install'
[0.080s] Level 1:colcon.colcon_core.package_identification:_identify(src/acoustic_decoy_controls) by extensions ['colcon_pkg']
[0.081s] Level 1:colcon.colcon_core.package_identification:_identify(src/acoustic_decoy_controls) by extension 'colcon_pkg'
[0.081s] Level 1:colcon.colcon_core.package_identification:_identify(src/acoustic_decoy_controls) by extensions ['colcon_meta']
[0.081s] Level 1:colcon.colcon_core.package_identification:_identify(src/acoustic_decoy_controls) by extension 'colcon_meta'
[0.081s] Level 1:colcon.colcon_core.package_identification:_identify(src/acoustic_decoy_controls) by extensions ['ros']
[0.081s] Level 1:colcon.colcon_core.package_identification:_identify(src/acoustic_decoy_controls) by extension 'ros'
[0.082s] DEBUG:colcon.colcon_core.package_identification:Package 'src/acoustic_decoy_controls' with type 'ros.ament_cmake' and name 'acoustic_decoy_controls'
[0.082s] Level 1:colcon.colcon_core.package_identification:_identify(src/acoustic_decoy_descriptions) by extensions ['ignore', 'ignore_ament_install']
[0.082s] Level 1:colcon.colcon_core.package_identification:_identify(src/acoustic_decoy_descriptions) by extension 'ignore'
[0.082s] Level 1:colcon.colcon_core.package_identification:_identify(src/acoustic_decoy_descriptions) by extension 'ignore_ament_install'
[0.082s] Level 1:colcon.colcon_core.package_identification:_identify(src/acoustic_decoy_descriptions) by extensions ['colcon_pkg']
[0.082s] Level 1:colcon.colcon_core.package_identification:_identify(src/acoustic_decoy_descriptions) by extension 'colcon_pkg'
[0.082s] Level 1:colcon.colcon_core.package_identification:_identify(src/acoustic_decoy_descriptions) by extensions ['colcon_meta']
[0.082s] Level 1:colcon.colcon_core.package_identification:_identify(src/acoustic_decoy_descriptions) by extension 'colcon_meta'
[0.082s] Level 1:colcon.colcon_core.package_identification:_identify(src/acoustic_decoy_descriptions) by extensions ['ros']
[0.082s] Level 1:colcon.colcon_core.package_identification:_identify(src/acoustic_decoy_descriptions) by extension 'ros'
[0.082s] DEBUG:colcon.colcon_core.package_identification:Package 'src/acoustic_decoy_descriptions' with type 'ros.ament_cmake' and name 'acoustic_decoy_descriptions'
[0.082s] Level 1:colcon.colcon_core.package_identification:_identify(src/acoustic_decoy_gazebo) by extensions ['ignore', 'ignore_ament_install']
[0.082s] Level 1:colcon.colcon_core.package_identification:_identify(src/acoustic_decoy_gazebo) by extension 'ignore'
[0.082s] Level 1:colcon.colcon_core.package_identification:_identify(src/acoustic_decoy_gazebo) by extension 'ignore_ament_install'
[0.082s] Level 1:colcon.colcon_core.package_identification:_identify(src/acoustic_decoy_gazebo) by extensions ['colcon_pkg']
[0.082s] Level 1:colcon.colcon_core.package_identification:_identify(src/acoustic_decoy_gazebo) by extension 'colcon_pkg'
[0.082s] Level 1:colcon.colcon_core.package_identification:_identify(src/acoustic_decoy_gazebo) by extensions ['colcon_meta']
[0.082s] Level 1:colcon.colcon_core.package_identification:_identify(src/acoustic_decoy_gazebo) by extension 'colcon_meta'
[0.082s] Level 1:colcon.colcon_core.package_identification:_identify(src/acoustic_decoy_gazebo) by extensions ['ros']
[0.082s] Level 1:colcon.colcon_core.package_identification:_identify(src/acoustic_decoy_gazebo) by extension 'ros'
[0.082s] DEBUG:colcon.colcon_core.package_identification:Package 'src/acoustic_decoy_gazebo' with type 'ros.ament_cmake' and name 'acoustic_decoy_gazebo'
[0.083s] Level 1:colcon.colcon_core.package_identification:_identify(src/acoustic_decoy_starts) by extensions ['ignore', 'ignore_ament_install']
[0.083s] Level 1:colcon.colcon_core.package_identification:_identify(src/acoustic_decoy_starts) by extension 'ignore'
[0.083s] Level 1:colcon.colcon_core.package_identification:_identify(src/acoustic_decoy_starts) by extension 'ignore_ament_install'
[0.083s] Level 1:colcon.colcon_core.package_identification:_identify(src/acoustic_decoy_starts) by extensions ['colcon_pkg']
[0.083s] Level 1:colcon.colcon_core.package_identification:_identify(src/acoustic_decoy_starts) by extension 'colcon_pkg'
[0.083s] Level 1:colcon.colcon_core.package_identification:_identify(src/acoustic_decoy_starts) by extensions ['colcon_meta']
[0.083s] Level 1:colcon.colcon_core.package_identification:_identify(src/acoustic_decoy_starts) by extension 'colcon_meta'
[0.083s] Level 1:colcon.colcon_core.package_identification:_identify(src/acoustic_decoy_starts) by extensions ['ros']
[0.083s] Level 1:colcon.colcon_core.package_identification:_identify(src/acoustic_decoy_starts) by extension 'ros'
[0.083s] DEBUG:colcon.colcon_core.package_identification:Package 'src/acoustic_decoy_starts' with type 'ros.ament_cmake' and name 'acoustic_decoy_starts'
[0.083s] Level 1:colcon.colcon_core.package_discovery:discover_packages(recursive) using defaults
[0.083s] Level 1:colcon.colcon_core.package_discovery:discover_packages(ignore) discover
[0.083s] Level 1:colcon.colcon_core.package_discovery:discover_packages(ignore) using defaults
[0.083s] Level 1:colcon.colcon_core.package_discovery:discover_packages(path) discover
[0.083s] Level 1:colcon.colcon_core.package_discovery:discover_packages(path) using defaults
[0.091s] Level 1:colcon.colcon_core.package_discovery:discover_packages(prefix_path) check parameters
[0.091s] Level 1:colcon.colcon_core.package_discovery:discover_packages(prefix_path) discover
[0.092s] WARNING:colcon.colcon_ros.prefix_path.ament:The path '/home/zyshin3/gazebo_maritime/Acoustic_decoy_ws/install/ros_gz_example_bringup' in the environment variable AMENT_PREFIX_PATH doesn't exist
[0.092s] WARNING:colcon.colcon_ros.prefix_path.ament:The path '/home/zyshin3/gazebo_maritime/Acoustic_decoy_ws/install/ros_gz_example_gazebo' in the environment variable AMENT_PREFIX_PATH doesn't exist
[0.092s] WARNING:colcon.colcon_ros.prefix_path.ament:The path '/home/zyshin3/gazebo_maritime/Acoustic_decoy_ws/install/ros_gz_example_description' in the environment variable AMENT_PREFIX_PATH doesn't exist
[0.092s] WARNING:colcon.colcon_ros.prefix_path.ament:The path '/home/zyshin3/gazebo_maritime/Acoustic_decoy_ws/install/ros_gz_example_application' in the environment variable AMENT_PREFIX_PATH doesn't exist
[0.092s] WARNING:colcon.colcon_ros.prefix_path.catkin:The path '/home/zyshin3/gazebo_maritime/Acoustic_decoy_ws/install/ros_gz_example_bringup' in the environment variable CMAKE_PREFIX_PATH doesn't exist
[0.092s] WARNING:colcon.colcon_ros.prefix_path.catkin:The path '/home/zyshin3/gazebo_maritime/Acoustic_decoy_ws/install/ros_gz_example_gazebo' in the environment variable CMAKE_PREFIX_PATH doesn't exist
[0.092s] WARNING:colcon.colcon_ros.prefix_path.catkin:The path '/home/zyshin3/gazebo_maritime/Acoustic_decoy_ws/install/ros_gz_example_description' in the environment variable CMAKE_PREFIX_PATH doesn't exist
[0.092s] WARNING:colcon.colcon_ros.prefix_path.catkin:The path '/home/zyshin3/gazebo_maritime/Acoustic_decoy_ws/install/ros_gz_example_application' in the environment variable CMAKE_PREFIX_PATH doesn't exist
[0.092s] DEBUG:colcon.colcon_installed_package_information.package_discovery:Found 0 installed packages in /home/zyshin3/gazebo_maritime/Acoustic_decoy_ws/install
[0.093s] DEBUG:colcon.colcon_installed_package_information.package_discovery:Found 367 installed packages in /opt/ros/jazzy
[0.093s] Level 1:colcon.colcon_core.package_discovery:discover_packages(prefix_path) using defaults
[0.121s] Level 5:colcon.colcon_core.verb:set package 'acoustic_decoy_controls' build argument 'cmake_args' from command line to 'None'
[0.121s] Level 5:colcon.colcon_core.verb:set package 'acoustic_decoy_controls' build argument 'cmake_target' from command line to 'None'
[0.121s] Level 5:colcon.colcon_core.verb:set package 'acoustic_decoy_controls' build argument 'cmake_target_skip_unavailable' from command line to 'False'
[0.121s] Level 5:colcon.colcon_core.verb:set package 'acoustic_decoy_controls' build argument 'cmake_clean_cache' from command line to 'False'
[0.121s] Level 5:colcon.colcon_core.verb:set package 'acoustic_decoy_controls' build argument 'cmake_clean_first' from command line to 'False'
[0.121s] Level 5:colcon.colcon_core.verb:set package 'acoustic_decoy_controls' build argument 'cmake_force_configure' from command line to 'False'
[0.121s] Level 5:colcon.colcon_core.verb:set package 'acoustic_decoy_controls' build argument 'ament_cmake_args' from command line to 'None'
[0.121s] Level 5:colcon.colcon_core.verb:set package 'acoustic_decoy_controls' build argument 'catkin_cmake_args' from command line to 'None'
[0.121s] Level 5:colcon.colcon_core.verb:set package 'acoustic_decoy_controls' build argument 'catkin_skip_building_tests' from command line to 'False'
[0.121s] DEBUG:colcon.colcon_core.verb:Building package 'acoustic_decoy_controls' with the following arguments: {'ament_cmake_args': None, 'build_base': '/home/zyshin3/gazebo_maritime/Acoustic_decoy_ws/build/acoustic_decoy_controls', 'catkin_cmake_args': None, 'catkin_skip_building_tests': False, 'cmake_args': None, 'cmake_clean_cache': False, 'cmake_clean_first': False, 'cmake_force_configure': False, 'cmake_target': None, 'cmake_target_skip_unavailable': False, 'install_base': '/home/zyshin3/gazebo_maritime/Acoustic_decoy_ws/install/acoustic_decoy_controls', 'merge_install': False, 'path': '/home/zyshin3/gazebo_maritime/Acoustic_decoy_ws/src/acoustic_decoy_controls', 'symlink_install': False, 'test_result_base': None}
[0.121s] Level 5:colcon.colcon_core.verb:set package 'acoustic_decoy_descriptions' build argument 'cmake_args' from command line to 'None'
[0.121s] Level 5:colcon.colcon_core.verb:set package 'acoustic_decoy_descriptions' build argument 'cmake_target' from command line to 'None'
[0.121s] Level 5:colcon.colcon_core.verb:set package 'acoustic_decoy_descriptions' build argument 'cmake_target_skip_unavailable' from command line to 'False'
[0.121s] Level 5:colcon.colcon_core.verb:set package 'acoustic_decoy_descriptions' build argument 'cmake_clean_cache' from command line to 'False'
[0.121s] Level 5:colcon.colcon_core.verb:set package 'acoustic_decoy_descriptions' build argument 'cmake_clean_first' from command line to 'False'
[0.121s] Level 5:colcon.colcon_core.verb:set package 'acoustic_decoy_descriptions' build argument 'cmake_force_configure' from command line to 'False'
[0.121s] Level 5:colcon.colcon_core.verb:set package 'acoustic_decoy_descriptions' build argument 'ament_cmake_args' from command line to 'None'
[0.121s] Level 5:colcon.colcon_core.verb:set package 'acoustic_decoy_descriptions' build argument 'catkin_cmake_args' from command line to 'None'
[0.121s] Level 5:colcon.colcon_core.verb:set package 'acoustic_decoy_descriptions' build argument 'catkin_skip_building_tests' from command line to 'False'
[0.121s] DEBUG:colcon.colcon_core.verb:Building package 'acoustic_decoy_descriptions' with the following arguments: {'ament_cmake_args': None, 'build_base': '/home/zyshin3/gazebo_maritime/Acoustic_decoy_ws/build/acoustic_decoy_descriptions', 'catkin_cmake_args': None, 'catkin_skip_building_tests': False, 'cmake_args': None, 'cmake_clean_cache': False, 'cmake_clean_first': False, 'cmake_force_configure': False, 'cmake_target': None, 'cmake_target_skip_unavailable': False, 'install_base': '/home/zyshin3/gazebo_maritime/Acoustic_decoy_ws/install/acoustic_decoy_descriptions', 'merge_install': False, 'path': '/home/zyshin3/gazebo_maritime/Acoustic_decoy_ws/src/acoustic_decoy_descriptions', 'symlink_install': False, 'test_result_base': None}
[0.121s] Level 5:colcon.colcon_core.verb:set package 'acoustic_decoy_gazebo' build argument 'cmake_args' from command line to 'None'
[0.121s] Level 5:colcon.colcon_core.verb:set package 'acoustic_decoy_gazebo' build argument 'cmake_target' from command line to 'None'
[0.121s] Level 5:colcon.colcon_core.verb:set package 'acoustic_decoy_gazebo' build argument 'cmake_target_skip_unavailable' from command line to 'False'
[0.121s] Level 5:colcon.colcon_core.verb:set package 'acoustic_decoy_gazebo' build argument 'cmake_clean_cache' from command line to 'False'
[0.121s] Level 5:colcon.colcon_core.verb:set package 'acoustic_decoy_gazebo' build argument 'cmake_clean_first' from command line to 'False'
[0.121s] Level 5:colcon.colcon_core.verb:set package 'acoustic_decoy_gazebo' build argument 'cmake_force_configure' from command line to 'False'
[0.121s] Level 5:colcon.colcon_core.verb:set package 'acoustic_decoy_gazebo' build argument 'ament_cmake_args' from command line to 'None'
[0.121s] Level 5:colcon.colcon_core.verb:set package 'acoustic_decoy_gazebo' build argument 'catkin_cmake_args' from command line to 'None'
[0.121s] Level 5:colcon.colcon_core.verb:set package 'acoustic_decoy_gazebo' build argument 'catkin_skip_building_tests' from command line to 'False'
[0.121s] DEBUG:colcon.colcon_core.verb:Building package 'acoustic_decoy_gazebo' with the following arguments: {'ament_cmake_args': None, 'build_base': '/home/zyshin3/gazebo_maritime/Acoustic_decoy_ws/build/acoustic_decoy_gazebo', 'catkin_cmake_args': None, 'catkin_skip_building_tests': False, 'cmake_args': None, 'cmake_clean_cache': False, 'cmake_clean_first': False, 'cmake_force_configure': False, 'cmake_target': None, 'cmake_target_skip_unavailable': False, 'install_base': '/home/zyshin3/gazebo_maritime/Acoustic_decoy_ws/install/acoustic_decoy_gazebo', 'merge_install': False, 'path': '/home/zyshin3/gazebo_maritime/Acoustic_decoy_ws/src/acoustic_decoy_gazebo', 'symlink_install': False, 'test_result_base': None}
[0.121s] Level 5:colcon.colcon_core.verb:set package 'acoustic_decoy_starts' build argument 'cmake_args' from command line to 'None'
[0.121s] Level 5:colcon.colcon_core.verb:set package 'acoustic_decoy_starts' build argument 'cmake_target' from command line to 'None'
[0.121s] Level 5:colcon.colcon_core.verb:set package 'acoustic_decoy_starts' build argument 'cmake_target_skip_unavailable' from command line to 'False'
[0.121s] Level 5:colcon.colcon_core.verb:set package 'acoustic_decoy_starts' build argument 'cmake_clean_cache' from command line to 'False'
[0.121s] Level 5:colcon.colcon_core.verb:set package 'acoustic_decoy_starts' build argument 'cmake_clean_first' from command line to 'False'
[0.121s] Level 5:colcon.colcon_core.verb:set package 'acoustic_decoy_starts' build argument 'cmake_force_configure' from command line to 'False'
[0.121s] Level 5:colcon.colcon_core.verb:set package 'acoustic_decoy_starts' build argument 'ament_cmake_args' from command line to 'None'
[0.121s] Level 5:colcon.colcon_core.verb:set package 'acoustic_decoy_starts' build argument 'catkin_cmake_args' from command line to 'None'
[0.121s] Level 5:colcon.colcon_core.verb:set package 'acoustic_decoy_starts' build argument 'catkin_skip_building_tests' from command line to 'False'
[0.121s] DEBUG:colcon.colcon_core.verb:Building package 'acoustic_decoy_starts' with the following arguments: {'ament_cmake_args': None, 'build_base': '/home/zyshin3/gazebo_maritime/Acoustic_decoy_ws/build/acoustic_decoy_starts', 'catkin_cmake_args': None, 'catkin_skip_building_tests': False, 'cmake_args': None, 'cmake_clean_cache': False, 'cmake_clean_first': False, 'cmake_force_configure': False, 'cmake_target': None, 'cmake_target_skip_unavailable': False, 'install_base': '/home/zyshin3/gazebo_maritime/Acoustic_decoy_ws/install/acoustic_decoy_starts', 'merge_install': False, 'path': '/home/zyshin3/gazebo_maritime/Acoustic_decoy_ws/src/acoustic_decoy_starts', 'symlink_install': False, 'test_result_base': None}
[0.121s] INFO:colcon.colcon_core.executor:Executing jobs using 'parallel' executor
[0.122s] DEBUG:colcon.colcon_parallel_executor.executor.parallel:run_until_complete
[0.122s] INFO:colcon.colcon_ros.task.ament_cmake.build:Building ROS package in '/home/zyshin3/gazebo_maritime/Acoustic_decoy_ws/src/acoustic_decoy_descriptions' with build type 'ament_cmake'
[0.122s] INFO:colcon.colcon_cmake.task.cmake.build:Building CMake package in '/home/zyshin3/gazebo_maritime/Acoustic_decoy_ws/src/acoustic_decoy_descriptions'
[0.123s] INFO:colcon.colcon_core.plugin_system:Skipping extension 'colcon_core.shell.bat': Not used on non-Windows systems
[0.123s] INFO:colcon.colcon_core.shell:Skip shell extension 'powershell' for command environment: Not usable outside of PowerShell
[0.123s] DEBUG:colcon.colcon_core.shell:Skip shell extension 'dsv' for command environment
[0.125s] INFO:colcon.colcon_ros.task.ament_cmake.build:Building ROS package in '/home/zyshin3/gazebo_maritime/Acoustic_decoy_ws/src/acoustic_decoy_controls' with build type 'ament_cmake'
[0.125s] INFO:colcon.colcon_cmake.task.cmake.build:Building CMake package in '/home/zyshin3/gazebo_maritime/Acoustic_decoy_ws/src/acoustic_decoy_controls'
[0.125s] INFO:colcon.colcon_core.shell:Skip shell extension 'powershell' for command environment: Not usable outside of PowerShell
[0.125s] DEBUG:colcon.colcon_core.shell:Skip shell extension 'dsv' for command environment
[0.128s] DEBUG:colcon.colcon_core.event_handler.log_command:Invoking command in '/home/zyshin3/gazebo_maritime/Acoustic_decoy_ws/build/acoustic_decoy_descriptions': CMAKE_PREFIX_PATH=${CMAKE_PREFIX_PATH}:/opt/ros/jazzy /usr/bin/cmake /home/zyshin3/gazebo_maritime/Acoustic_decoy_ws/src/acoustic_decoy_descriptions -DCMAKE_INSTALL_PREFIX=/home/zyshin3/gazebo_maritime/Acoustic_decoy_ws/install/acoustic_decoy_descriptions
[0.129s] DEBUG:colcon.colcon_core.event_handler.log_command:Invoking command in '/home/zyshin3/gazebo_maritime/Acoustic_decoy_ws/build/acoustic_decoy_controls': CMAKE_PREFIX_PATH=${CMAKE_PREFIX_PATH}:/opt/ros/jazzy /usr/bin/cmake /home/zyshin3/gazebo_maritime/Acoustic_decoy_ws/src/acoustic_decoy_controls -DCMAKE_INSTALL_PREFIX=/home/zyshin3/gazebo_maritime/Acoustic_decoy_ws/install/acoustic_decoy_controls
[0.636s] DEBUG:colcon.colcon_core.event_handler.log_command:Invoked command in '/home/zyshin3/gazebo_maritime/Acoustic_decoy_ws/build/acoustic_decoy_descriptions' returned '0': CMAKE_PREFIX_PATH=${CMAKE_PREFIX_PATH}:/opt/ros/jazzy /usr/bin/cmake /home/zyshin3/gazebo_maritime/Acoustic_decoy_ws/src/acoustic_decoy_descriptions -DCMAKE_INSTALL_PREFIX=/home/zyshin3/gazebo_maritime/Acoustic_decoy_ws/install/acoustic_decoy_descriptions
[0.637s] DEBUG:colcon.colcon_core.event_handler.log_command:Invoking command in '/home/zyshin3/gazebo_maritime/Acoustic_decoy_ws/build/acoustic_decoy_descriptions': CMAKE_PREFIX_PATH=${CMAKE_PREFIX_PATH}:/opt/ros/jazzy /usr/bin/cmake --build /home/zyshin3/gazebo_maritime/Acoustic_decoy_ws/build/acoustic_decoy_descriptions -- -j20 -l20
[0.640s] DEBUG:colcon.colcon_core.event_handler.log_command:Invoked command in '/home/zyshin3/gazebo_maritime/Acoustic_decoy_ws/build/acoustic_decoy_controls' returned '0': CMAKE_PREFIX_PATH=${CMAKE_PREFIX_PATH}:/opt/ros/jazzy /usr/bin/cmake /home/zyshin3/gazebo_maritime/Acoustic_decoy_ws/src/acoustic_decoy_controls -DCMAKE_INSTALL_PREFIX=/home/zyshin3/gazebo_maritime/Acoustic_decoy_ws/install/acoustic_decoy_controls
[0.640s] DEBUG:colcon.colcon_core.event_handler.log_command:Invoking command in '/home/zyshin3/gazebo_maritime/Acoustic_decoy_ws/build/acoustic_decoy_controls': CMAKE_PREFIX_PATH=${CMAKE_PREFIX_PATH}:/opt/ros/jazzy /usr/bin/cmake --build /home/zyshin3/gazebo_maritime/Acoustic_decoy_ws/build/acoustic_decoy_controls -- -j20 -l20
[0.663s] DEBUG:colcon.colcon_core.event_handler.log_command:Invoked command in '/home/zyshin3/gazebo_maritime/Acoustic_decoy_ws/build/acoustic_decoy_descriptions' returned '0': CMAKE_PREFIX_PATH=${CMAKE_PREFIX_PATH}:/opt/ros/jazzy /usr/bin/cmake --build /home/zyshin3/gazebo_maritime/Acoustic_decoy_ws/build/acoustic_decoy_descriptions -- -j20 -l20
[0.669s] DEBUG:colcon.colcon_core.event_handler.log_command:Invoking command in '/home/zyshin3/gazebo_maritime/Acoustic_decoy_ws/build/acoustic_decoy_descriptions': CMAKE_PREFIX_PATH=${CMAKE_PREFIX_PATH}:/opt/ros/jazzy /usr/bin/cmake --install /home/zyshin3/gazebo_maritime/Acoustic_decoy_ws/build/acoustic_decoy_descriptions
[0.670s] DEBUG:colcon.colcon_core.event_handler.log_command:Invoked command in '/home/zyshin3/gazebo_maritime/Acoustic_decoy_ws/build/acoustic_decoy_controls' returned '0': CMAKE_PREFIX_PATH=${CMAKE_PREFIX_PATH}:/opt/ros/jazzy /usr/bin/cmake --build /home/zyshin3/gazebo_maritime/Acoustic_decoy_ws/build/acoustic_decoy_controls -- -j20 -l20
[0.670s] DEBUG:colcon.colcon_core.event_handler.log_command:Invoking command in '/home/zyshin3/gazebo_maritime/Acoustic_decoy_ws/build/acoustic_decoy_controls': CMAKE_PREFIX_PATH=${CMAKE_PREFIX_PATH}:/opt/ros/jazzy /usr/bin/cmake --install /home/zyshin3/gazebo_maritime/Acoustic_decoy_ws/build/acoustic_decoy_controls
[0.674s] Level 1:colcon.colcon_core.environment:create_environment_scripts_only(acoustic_decoy_descriptions)
[0.674s] DEBUG:colcon.colcon_core.event_handler.log_command:Invoked command in '/home/zyshin3/gazebo_maritime/Acoustic_decoy_ws/build/acoustic_decoy_descriptions' returned '0': CMAKE_PREFIX_PATH=${CMAKE_PREFIX_PATH}:/opt/ros/jazzy /usr/bin/cmake --install /home/zyshin3/gazebo_maritime/Acoustic_decoy_ws/build/acoustic_decoy_descriptions
[0.675s] Level 1:colcon.colcon_core.environment:checking '/home/zyshin3/gazebo_maritime/Acoustic_decoy_ws/install/acoustic_decoy_descriptions' for CMake module files
[0.675s] Level 1:colcon.colcon_core.environment:checking '/home/zyshin3/gazebo_maritime/Acoustic_decoy_ws/install/acoustic_decoy_descriptions' for CMake config files
[0.676s] Level 1:colcon.colcon_core.shell:create_environment_hook('acoustic_decoy_descriptions', 'cmake_prefix_path')
[0.676s] INFO:colcon.colcon_core.shell:Creating environment hook '/home/zyshin3/gazebo_maritime/Acoustic_decoy_ws/install/acoustic_decoy_descriptions/share/acoustic_decoy_descriptions/hook/cmake_prefix_path.ps1'
[0.676s] INFO:colcon.colcon_core.shell:Creating environment descriptor '/home/zyshin3/gazebo_maritime/Acoustic_decoy_ws/install/acoustic_decoy_descriptions/share/acoustic_decoy_descriptions/hook/cmake_prefix_path.dsv'
[0.676s] INFO:colcon.colcon_core.shell:Creating environment hook '/home/zyshin3/gazebo_maritime/Acoustic_decoy_ws/install/acoustic_decoy_descriptions/share/acoustic_decoy_descriptions/hook/cmake_prefix_path.sh'
[0.677s] Level 1:colcon.colcon_core.environment:checking '/home/zyshin3/gazebo_maritime/Acoustic_decoy_ws/install/acoustic_decoy_descriptions/bin'
[0.677s] Level 1:colcon.colcon_core.environment:checking '/home/zyshin3/gazebo_maritime/Acoustic_decoy_ws/install/acoustic_decoy_descriptions/lib/pkgconfig/acoustic_decoy_descriptions.pc'
[0.677s] Level 1:colcon.colcon_core.environment:checking '/home/zyshin3/gazebo_maritime/Acoustic_decoy_ws/install/acoustic_decoy_descriptions/lib/python3.12/site-packages'
[0.677s] Level 1:colcon.colcon_core.environment:checking '/home/zyshin3/gazebo_maritime/Acoustic_decoy_ws/install/acoustic_decoy_descriptions/bin'
[0.677s] INFO:colcon.colcon_core.shell:Creating package script '/home/zyshin3/gazebo_maritime/Acoustic_decoy_ws/install/acoustic_decoy_descriptions/share/acoustic_decoy_descriptions/package.ps1'
[0.677s] INFO:colcon.colcon_core.shell:Creating package descriptor '/home/zyshin3/gazebo_maritime/Acoustic_decoy_ws/install/acoustic_decoy_descriptions/share/acoustic_decoy_descriptions/package.dsv'
[0.678s] INFO:colcon.colcon_core.shell:Creating package script '/home/zyshin3/gazebo_maritime/Acoustic_decoy_ws/install/acoustic_decoy_descriptions/share/acoustic_decoy_descriptions/package.sh'
[0.678s] INFO:colcon.colcon_core.shell:Creating package script '/home/zyshin3/gazebo_maritime/Acoustic_decoy_ws/install/acoustic_decoy_descriptions/share/acoustic_decoy_descriptions/package.bash'
[0.678s] INFO:colcon.colcon_core.shell:Creating package script '/home/zyshin3/gazebo_maritime/Acoustic_decoy_ws/install/acoustic_decoy_descriptions/share/acoustic_decoy_descriptions/package.zsh'
[0.678s] Level 1:colcon.colcon_core.environment:create_file_with_runtime_dependencies(/home/zyshin3/gazebo_maritime/Acoustic_decoy_ws/install/acoustic_decoy_descriptions/share/colcon-core/packages/acoustic_decoy_descriptions)
[0.678s] Level 1:colcon.colcon_core.environment:create_environment_scripts_only(acoustic_decoy_descriptions)
[0.678s] Level 1:colcon.colcon_core.environment:checking '/home/zyshin3/gazebo_maritime/Acoustic_decoy_ws/install/acoustic_decoy_descriptions' for CMake module files
[0.679s] Level 1:colcon.colcon_core.environment:checking '/home/zyshin3/gazebo_maritime/Acoustic_decoy_ws/install/acoustic_decoy_descriptions' for CMake config files
[0.679s] Level 1:colcon.colcon_core.shell:create_environment_hook('acoustic_decoy_descriptions', 'cmake_prefix_path')
[0.679s] INFO:colcon.colcon_core.shell:Creating environment hook '/home/zyshin3/gazebo_maritime/Acoustic_decoy_ws/install/acoustic_decoy_descriptions/share/acoustic_decoy_descriptions/hook/cmake_prefix_path.ps1'
[0.679s] INFO:colcon.colcon_core.shell:Creating environment descriptor '/home/zyshin3/gazebo_maritime/Acoustic_decoy_ws/install/acoustic_decoy_descriptions/share/acoustic_decoy_descriptions/hook/cmake_prefix_path.dsv'
[0.679s] INFO:colcon.colcon_core.shell:Creating environment hook '/home/zyshin3/gazebo_maritime/Acoustic_decoy_ws/install/acoustic_decoy_descriptions/share/acoustic_decoy_descriptions/hook/cmake_prefix_path.sh'
[0.680s] Level 1:colcon.colcon_core.environment:checking '/home/zyshin3/gazebo_maritime/Acoustic_decoy_ws/install/acoustic_decoy_descriptions/bin'
[0.680s] Level 1:colcon.colcon_core.environment:checking '/home/zyshin3/gazebo_maritime/Acoustic_decoy_ws/install/acoustic_decoy_descriptions/lib/pkgconfig/acoustic_decoy_descriptions.pc'
[0.680s] Level 1:colcon.colcon_core.environment:checking '/home/zyshin3/gazebo_maritime/Acoustic_decoy_ws/install/acoustic_decoy_descriptions/lib/python3.12/site-packages'
[0.680s] Level 1:colcon.colcon_core.environment:checking '/home/zyshin3/gazebo_maritime/Acoustic_decoy_ws/install/acoustic_decoy_descriptions/bin'
[0.680s] INFO:colcon.colcon_core.shell:Creating package script '/home/zyshin3/gazebo_maritime/Acoustic_decoy_ws/install/acoustic_decoy_descriptions/share/acoustic_decoy_descriptions/package.ps1'
[0.680s] INFO:colcon.colcon_core.shell:Creating package descriptor '/home/zyshin3/gazebo_maritime/Acoustic_decoy_ws/install/acoustic_decoy_descriptions/share/acoustic_decoy_descriptions/package.dsv'
[0.680s] INFO:colcon.colcon_core.shell:Creating package script '/home/zyshin3/gazebo_maritime/Acoustic_decoy_ws/install/acoustic_decoy_descriptions/share/acoustic_decoy_descriptions/package.sh'
[0.680s] INFO:colcon.colcon_core.shell:Creating package script '/home/zyshin3/gazebo_maritime/Acoustic_decoy_ws/install/acoustic_decoy_descriptions/share/acoustic_decoy_descriptions/package.bash'
[0.681s] INFO:colcon.colcon_core.shell:Creating package script '/home/zyshin3/gazebo_maritime/Acoustic_decoy_ws/install/acoustic_decoy_descriptions/share/acoustic_decoy_descriptions/package.zsh'
[0.681s] Level 1:colcon.colcon_core.environment:create_file_with_runtime_dependencies(/home/zyshin3/gazebo_maritime/Acoustic_decoy_ws/install/acoustic_decoy_descriptions/share/colcon-core/packages/acoustic_decoy_descriptions)
[0.681s] INFO:colcon.colcon_ros.task.ament_cmake.build:Building ROS package in '/home/zyshin3/gazebo_maritime/Acoustic_decoy_ws/src/acoustic_decoy_gazebo' with build type 'ament_cmake'
[0.681s] INFO:colcon.colcon_cmake.task.cmake.build:Building CMake package in '/home/zyshin3/gazebo_maritime/Acoustic_decoy_ws/src/acoustic_decoy_gazebo'
[0.681s] INFO:colcon.colcon_core.shell:Skip shell extension 'powershell' for command environment: Not usable outside of PowerShell
[0.681s] DEBUG:colcon.colcon_core.shell:Skip shell extension 'dsv' for command environment
[0.684s] Level 1:colcon.colcon_core.environment:create_environment_scripts_only(acoustic_decoy_controls)
[0.684s] DEBUG:colcon.colcon_core.event_handler.log_command:Invoked command in '/home/zyshin3/gazebo_maritime/Acoustic_decoy_ws/build/acoustic_decoy_controls' returned '0': CMAKE_PREFIX_PATH=${CMAKE_PREFIX_PATH}:/opt/ros/jazzy /usr/bin/cmake --install /home/zyshin3/gazebo_maritime/Acoustic_decoy_ws/build/acoustic_decoy_controls
[0.684s] Level 1:colcon.colcon_core.environment:checking '/home/zyshin3/gazebo_maritime/Acoustic_decoy_ws/install/acoustic_decoy_controls' for CMake module files
[0.684s] Level 1:colcon.colcon_core.environment:checking '/home/zyshin3/gazebo_maritime/Acoustic_decoy_ws/install/acoustic_decoy_controls' for CMake config files
[0.684s] Level 1:colcon.colcon_core.shell:create_environment_hook('acoustic_decoy_controls', 'cmake_prefix_path')
[0.684s] INFO:colcon.colcon_core.shell:Creating environment hook '/home/zyshin3/gazebo_maritime/Acoustic_decoy_ws/install/acoustic_decoy_controls/share/acoustic_decoy_controls/hook/cmake_prefix_path.ps1'
[0.685s] INFO:colcon.colcon_core.shell:Creating environment descriptor '/home/zyshin3/gazebo_maritime/Acoustic_decoy_ws/install/acoustic_decoy_controls/share/acoustic_decoy_controls/hook/cmake_prefix_path.dsv'
[0.685s] INFO:colcon.colcon_core.shell:Creating environment hook '/home/zyshin3/gazebo_maritime/Acoustic_decoy_ws/install/acoustic_decoy_controls/share/acoustic_decoy_controls/hook/cmake_prefix_path.sh'
[0.685s] Level 1:colcon.colcon_core.environment:checking '/home/zyshin3/gazebo_maritime/Acoustic_decoy_ws/install/acoustic_decoy_controls/bin'
[0.685s] Level 1:colcon.colcon_core.environment:checking '/home/zyshin3/gazebo_maritime/Acoustic_decoy_ws/install/acoustic_decoy_controls/lib/pkgconfig/acoustic_decoy_controls.pc'
[0.685s] Level 1:colcon.colcon_core.environment:checking '/home/zyshin3/gazebo_maritime/Acoustic_decoy_ws/install/acoustic_decoy_controls/lib/python3.12/site-packages'
[0.685s] Level 1:colcon.colcon_core.environment:checking '/home/zyshin3/gazebo_maritime/Acoustic_decoy_ws/install/acoustic_decoy_controls/bin'
[0.685s] INFO:colcon.colcon_core.shell:Creating package script '/home/zyshin3/gazebo_maritime/Acoustic_decoy_ws/install/acoustic_decoy_controls/share/acoustic_decoy_controls/package.ps1'
[0.685s] INFO:colcon.colcon_core.shell:Creating package descriptor '/home/zyshin3/gazebo_maritime/Acoustic_decoy_ws/install/acoustic_decoy_controls/share/acoustic_decoy_controls/package.dsv'
[0.686s] INFO:colcon.colcon_core.shell:Creating package script '/home/zyshin3/gazebo_maritime/Acoustic_decoy_ws/install/acoustic_decoy_controls/share/acoustic_decoy_controls/package.sh'
[0.686s] INFO:colcon.colcon_core.shell:Creating package script '/home/zyshin3/gazebo_maritime/Acoustic_decoy_ws/install/acoustic_decoy_controls/share/acoustic_decoy_controls/package.bash'
[0.686s] INFO:colcon.colcon_core.shell:Creating package script '/home/zyshin3/gazebo_maritime/Acoustic_decoy_ws/install/acoustic_decoy_controls/share/acoustic_decoy_controls/package.zsh'
[0.686s] Level 1:colcon.colcon_core.environment:create_file_with_runtime_dependencies(/home/zyshin3/gazebo_maritime/Acoustic_decoy_ws/install/acoustic_decoy_controls/share/colcon-core/packages/acoustic_decoy_controls)
[0.686s] Level 1:colcon.colcon_core.environment:create_environment_scripts_only(acoustic_decoy_controls)
[0.686s] Level 1:colcon.colcon_core.environment:checking '/home/zyshin3/gazebo_maritime/Acoustic_decoy_ws/install/acoustic_decoy_controls' for CMake module files
[0.686s] Level 1:colcon.colcon_core.environment:checking '/home/zyshin3/gazebo_maritime/Acoustic_decoy_ws/install/acoustic_decoy_controls' for CMake config files
[0.686s] Level 1:colcon.colcon_core.shell:create_environment_hook('acoustic_decoy_controls', 'cmake_prefix_path')
[0.687s] INFO:colcon.colcon_core.shell:Creating environment hook '/home/zyshin3/gazebo_maritime/Acoustic_decoy_ws/install/acoustic_decoy_controls/share/acoustic_decoy_controls/hook/cmake_prefix_path.ps1'
[0.687s] INFO:colcon.colcon_core.shell:Creating environment descriptor '/home/zyshin3/gazebo_maritime/Acoustic_decoy_ws/install/acoustic_decoy_controls/share/acoustic_decoy_controls/hook/cmake_prefix_path.dsv'
[0.687s] INFO:colcon.colcon_core.shell:Creating environment hook '/home/zyshin3/gazebo_maritime/Acoustic_decoy_ws/install/acoustic_decoy_controls/share/acoustic_decoy_controls/hook/cmake_prefix_path.sh'
[0.687s] Level 1:colcon.colcon_core.environment:checking '/home/zyshin3/gazebo_maritime/Acoustic_decoy_ws/install/acoustic_decoy_controls/bin'
[0.687s] Level 1:colcon.colcon_core.environment:checking '/home/zyshin3/gazebo_maritime/Acoustic_decoy_ws/install/acoustic_decoy_controls/lib/pkgconfig/acoustic_decoy_controls.pc'
[0.687s] Level 1:colcon.colcon_core.environment:checking '/home/zyshin3/gazebo_maritime/Acoustic_decoy_ws/install/acoustic_decoy_controls/lib/python3.12/site-packages'
[0.687s] Level 1:colcon.colcon_core.environment:checking '/home/zyshin3/gazebo_maritime/Acoustic_decoy_ws/install/acoustic_decoy_controls/bin'
[0.687s] INFO:colcon.colcon_core.shell:Creating package script '/home/zyshin3/gazebo_maritime/Acoustic_decoy_ws/install/acoustic_decoy_controls/share/acoustic_decoy_controls/package.ps1'
[0.687s] INFO:colcon.colcon_core.shell:Creating package descriptor '/home/zyshin3/gazebo_maritime/Acoustic_decoy_ws/install/acoustic_decoy_controls/share/acoustic_decoy_controls/package.dsv'
[0.688s] INFO:colcon.colcon_core.shell:Creating package script '/home/zyshin3/gazebo_maritime/Acoustic_decoy_ws/install/acoustic_decoy_controls/share/acoustic_decoy_controls/package.sh'
[0.688s] INFO:colcon.colcon_core.shell:Creating package script '/home/zyshin3/gazebo_maritime/Acoustic_decoy_ws/install/acoustic_decoy_controls/share/acoustic_decoy_controls/package.bash'
[0.688s] INFO:colcon.colcon_core.shell:Creating package script '/home/zyshin3/gazebo_maritime/Acoustic_decoy_ws/install/acoustic_decoy_controls/share/acoustic_decoy_controls/package.zsh'
[0.688s] Level 1:colcon.colcon_core.environment:create_file_with_runtime_dependencies(/home/zyshin3/gazebo_maritime/Acoustic_decoy_ws/install/acoustic_decoy_controls/share/colcon-core/packages/acoustic_decoy_controls)
[0.689s] DEBUG:colcon.colcon_core.event_handler.log_command:Invoking command in '/home/zyshin3/gazebo_maritime/Acoustic_decoy_ws/build/acoustic_decoy_gazebo': AMENT_PREFIX_PATH=/home/zyshin3/gazebo_maritime/Acoustic_decoy_ws/install/acoustic_decoy_descriptions:${AMENT_PREFIX_PATH} CMAKE_PREFIX_PATH=/home/zyshin3/gazebo_maritime/Acoustic_decoy_ws/install/acoustic_decoy_descriptions:/home/zyshin3/gazebo_maritime/Acoustic_decoy_ws/install/ros_gz_example_bringup:/home/zyshin3/gazebo_maritime/Acoustic_decoy_ws/install/ros_gz_example_gazebo:/home/zyshin3/gazebo_maritime/Acoustic_decoy_ws/install/ros_gz_example_description:/home/zyshin3/gazebo_maritime/Acoustic_decoy_ws/install/ros_gz_example_application:/opt/ros/jazzy/opt/gz_sim_vendor:/opt/ros/jazzy/opt/gz_sensors_vendor:/opt/ros/jazzy/opt/gz_physics_vendor:/opt/ros/jazzy/opt/sdformat_vendor:/opt/ros/jazzy/opt/gz_gui_vendor:/opt/ros/jazzy/opt/gz_transport_vendor:/opt/ros/jazzy/opt/gz_rendering_vendor:/opt/ros/jazzy/opt/gz_plugin_vendor:/opt/ros/jazzy/opt/gz_fuel_tools_vendor:/opt/ros/jazzy/opt/gz_msgs_vendor:/opt/ros/jazzy/opt/gz_common_vendor:/opt/ros/jazzy/opt/gz_math_vendor:/opt/ros/jazzy/opt/gz_utils_vendor:/opt/ros/jazzy/opt/gz_tools_vendor:/opt/ros/jazzy/opt/gz_ogre_next_vendor:/opt/ros/jazzy/opt/gz_dartsim_vendor:/opt/ros/jazzy/opt/gz_cmake_vendor:/opt/ros/jazzy GZ_SIM_RESOURCE_PATH=/home/zyshin3/gazebo_maritime/Acoustic_decoy_ws/install/acoustic_decoy_descriptions/share/acoustic_decoy_descriptions/models:${GZ_SIM_RESOURCE_PATH} /usr/bin/cmake /home/zyshin3/gazebo_maritime/Acoustic_decoy_ws/src/acoustic_decoy_gazebo -DCMAKE_INSTALL_PREFIX=/home/zyshin3/gazebo_maritime/Acoustic_decoy_ws/install/acoustic_decoy_gazebo
[2.507s] DEBUG:colcon.colcon_core.event_handler.log_command:Invoked command in '/home/zyshin3/gazebo_maritime/Acoustic_decoy_ws/build/acoustic_decoy_gazebo' returned '0': AMENT_PREFIX_PATH=/home/zyshin3/gazebo_maritime/Acoustic_decoy_ws/install/acoustic_decoy_descriptions:${AMENT_PREFIX_PATH} CMAKE_PREFIX_PATH=/home/zyshin3/gazebo_maritime/Acoustic_decoy_ws/install/acoustic_decoy_descriptions:/home/zyshin3/gazebo_maritime/Acoustic_decoy_ws/install/ros_gz_example_bringup:/home/zyshin3/gazebo_maritime/Acoustic_decoy_ws/install/ros_gz_example_gazebo:/home/zyshin3/gazebo_maritime/Acoustic_decoy_ws/install/ros_gz_example_description:/home/zyshin3/gazebo_maritime/Acoustic_decoy_ws/install/ros_gz_example_application:/opt/ros/jazzy/opt/gz_sim_vendor:/opt/ros/jazzy/opt/gz_sensors_vendor:/opt/ros/jazzy/opt/gz_physics_vendor:/opt/ros/jazzy/opt/sdformat_vendor:/opt/ros/jazzy/opt/gz_gui_vendor:/opt/ros/jazzy/opt/gz_transport_vendor:/opt/ros/jazzy/opt/gz_rendering_vendor:/opt/ros/jazzy/opt/gz_plugin_vendor:/opt/ros/jazzy/opt/gz_fuel_tools_vendor:/opt/ros/jazzy/opt/gz_msgs_vendor:/opt/ros/jazzy/opt/gz_common_vendor:/opt/ros/jazzy/opt/gz_math_vendor:/opt/ros/jazzy/opt/gz_utils_vendor:/opt/ros/jazzy/opt/gz_tools_vendor:/opt/ros/jazzy/opt/gz_ogre_next_vendor:/opt/ros/jazzy/opt/gz_dartsim_vendor:/opt/ros/jazzy/opt/gz_cmake_vendor:/opt/ros/jazzy GZ_SIM_RESOURCE_PATH=/home/zyshin3/gazebo_maritime/Acoustic_decoy_ws/install/acoustic_decoy_descriptions/share/acoustic_decoy_descriptions/models:${GZ_SIM_RESOURCE_PATH} /usr/bin/cmake /home/zyshin3/gazebo_maritime/Acoustic_decoy_ws/src/acoustic_decoy_gazebo -DCMAKE_INSTALL_PREFIX=/home/zyshin3/gazebo_maritime/Acoustic_decoy_ws/install/acoustic_decoy_gazebo
[2.508s] DEBUG:colcon.colcon_core.event_handler.log_command:Invoking command in '/home/zyshin3/gazebo_maritime/Acoustic_decoy_ws/build/acoustic_decoy_gazebo': AMENT_PREFIX_PATH=/home/zyshin3/gazebo_maritime/Acoustic_decoy_ws/install/acoustic_decoy_descriptions:${AMENT_PREFIX_PATH} CMAKE_PREFIX_PATH=/home/zyshin3/gazebo_maritime/Acoustic_decoy_ws/install/acoustic_decoy_descriptions:/home/zyshin3/gazebo_maritime/Acoustic_decoy_ws/install/ros_gz_example_bringup:/home/zyshin3/gazebo_maritime/Acoustic_decoy_ws/install/ros_gz_example_gazebo:/home/zyshin3/gazebo_maritime/Acoustic_decoy_ws/install/ros_gz_example_description:/home/zyshin3/gazebo_maritime/Acoustic_decoy_ws/install/ros_gz_example_application:/opt/ros/jazzy/opt/gz_sim_vendor:/opt/ros/jazzy/opt/gz_sensors_vendor:/opt/ros/jazzy/opt/gz_physics_vendor:/opt/ros/jazzy/opt/sdformat_vendor:/opt/ros/jazzy/opt/gz_gui_vendor:/opt/ros/jazzy/opt/gz_transport_vendor:/opt/ros/jazzy/opt/gz_rendering_vendor:/opt/ros/jazzy/opt/gz_plugin_vendor:/opt/ros/jazzy/opt/gz_fuel_tools_vendor:/opt/ros/jazzy/opt/gz_msgs_vendor:/opt/ros/jazzy/opt/gz_common_vendor:/opt/ros/jazzy/opt/gz_math_vendor:/opt/ros/jazzy/opt/gz_utils_vendor:/opt/ros/jazzy/opt/gz_tools_vendor:/opt/ros/jazzy/opt/gz_ogre_next_vendor:/opt/ros/jazzy/opt/gz_dartsim_vendor:/opt/ros/jazzy/opt/gz_cmake_vendor:/opt/ros/jazzy GZ_SIM_RESOURCE_PATH=/home/zyshin3/gazebo_maritime/Acoustic_decoy_ws/install/acoustic_decoy_descriptions/share/acoustic_decoy_descriptions/models:${GZ_SIM_RESOURCE_PATH} /usr/bin/cmake --build /home/zyshin3/gazebo_maritime/Acoustic_decoy_ws/build/acoustic_decoy_gazebo -- -j20 -l20
[3.598s] DEBUG:colcon.colcon_core.event_handler.log_command:Invoked command in '/home/zyshin3/gazebo_maritime/Acoustic_decoy_ws/build/acoustic_decoy_gazebo' returned '0': AMENT_PREFIX_PATH=/home/zyshin3/gazebo_maritime/Acoustic_decoy_ws/install/acoustic_decoy_descriptions:${AMENT_PREFIX_PATH} CMAKE_PREFIX_PATH=/home/zyshin3/gazebo_maritime/Acoustic_decoy_ws/install/acoustic_decoy_descriptions:/home/zyshin3/gazebo_maritime/Acoustic_decoy_ws/install/ros_gz_example_bringup:/home/zyshin3/gazebo_maritime/Acoustic_decoy_ws/install/ros_gz_example_gazebo:/home/zyshin3/gazebo_maritime/Acoustic_decoy_ws/install/ros_gz_example_description:/home/zyshin3/gazebo_maritime/Acoustic_decoy_ws/install/ros_gz_example_application:/opt/ros/jazzy/opt/gz_sim_vendor:/opt/ros/jazzy/opt/gz_sensors_vendor:/opt/ros/jazzy/opt/gz_physics_vendor:/opt/ros/jazzy/opt/sdformat_vendor:/opt/ros/jazzy/opt/gz_gui_vendor:/opt/ros/jazzy/opt/gz_transport_vendor:/opt/ros/jazzy/opt/gz_rendering_vendor:/opt/ros/jazzy/opt/gz_plugin_vendor:/opt/ros/jazzy/opt/gz_fuel_tools_vendor:/opt/ros/jazzy/opt/gz_msgs_vendor:/opt/ros/jazzy/opt/gz_common_vendor:/opt/ros/jazzy/opt/gz_math_vendor:/opt/ros/jazzy/opt/gz_utils_vendor:/opt/ros/jazzy/opt/gz_tools_vendor:/opt/ros/jazzy/opt/gz_ogre_next_vendor:/opt/ros/jazzy/opt/gz_dartsim_vendor:/opt/ros/jazzy/opt/gz_cmake_vendor:/opt/ros/jazzy GZ_SIM_RESOURCE_PATH=/home/zyshin3/gazebo_maritime/Acoustic_decoy_ws/install/acoustic_decoy_descriptions/share/acoustic_decoy_descriptions/models:${GZ_SIM_RESOURCE_PATH} /usr/bin/cmake --build /home/zyshin3/gazebo_maritime/Acoustic_decoy_ws/build/acoustic_decoy_gazebo -- -j20 -l20
[3.599s] DEBUG:colcon.colcon_core.event_handler.log_command:Invoking command in '/home/zyshin3/gazebo_maritime/Acoustic_decoy_ws/build/acoustic_decoy_gazebo': AMENT_PREFIX_PATH=/home/zyshin3/gazebo_maritime/Acoustic_decoy_ws/install/acoustic_decoy_descriptions:${AMENT_PREFIX_PATH} CMAKE_PREFIX_PATH=/home/zyshin3/gazebo_maritime/Acoustic_decoy_ws/install/acoustic_decoy_descriptions:/home/zyshin3/gazebo_maritime/Acoustic_decoy_ws/install/ros_gz_example_bringup:/home/zyshin3/gazebo_maritime/Acoustic_decoy_ws/install/ros_gz_example_gazebo:/home/zyshin3/gazebo_maritime/Acoustic_decoy_ws/install/ros_gz_example_description:/home/zyshin3/gazebo_maritime/Acoustic_decoy_ws/install/ros_gz_example_application:/opt/ros/jazzy/opt/gz_sim_vendor:/opt/ros/jazzy/opt/gz_sensors_vendor:/opt/ros/jazzy/opt/gz_physics_vendor:/opt/ros/jazzy/opt/sdformat_vendor:/opt/ros/jazzy/opt/gz_gui_vendor:/opt/ros/jazzy/opt/gz_transport_vendor:/opt/ros/jazzy/opt/gz_rendering_vendor:/opt/ros/jazzy/opt/gz_plugin_vendor:/opt/ros/jazzy/opt/gz_fuel_tools_vendor:/opt/ros/jazzy/opt/gz_msgs_vendor:/opt/ros/jazzy/opt/gz_common_vendor:/opt/ros/jazzy/opt/gz_math_vendor:/opt/ros/jazzy/opt/gz_utils_vendor:/opt/ros/jazzy/opt/gz_tools_vendor:/opt/ros/jazzy/opt/gz_ogre_next_vendor:/opt/ros/jazzy/opt/gz_dartsim_vendor:/opt/ros/jazzy/opt/gz_cmake_vendor:/opt/ros/jazzy GZ_SIM_RESOURCE_PATH=/home/zyshin3/gazebo_maritime/Acoustic_decoy_ws/install/acoustic_decoy_descriptions/share/acoustic_decoy_descriptions/models:${GZ_SIM_RESOURCE_PATH} /usr/bin/cmake --install /home/zyshin3/gazebo_maritime/Acoustic_decoy_ws/build/acoustic_decoy_gazebo
[3.607s] Level 1:colcon.colcon_core.environment:create_environment_scripts_only(acoustic_decoy_gazebo)
[3.607s] Level 1:colcon.colcon_core.environment:checking '/home/zyshin3/gazebo_maritime/Acoustic_decoy_ws/install/acoustic_decoy_gazebo' for CMake module files
[3.607s] DEBUG:colcon.colcon_core.event_handler.log_command:Invoked command in '/home/zyshin3/gazebo_maritime/Acoustic_decoy_ws/build/acoustic_decoy_gazebo' returned '0': AMENT_PREFIX_PATH=/home/zyshin3/gazebo_maritime/Acoustic_decoy_ws/install/acoustic_decoy_descriptions:${AMENT_PREFIX_PATH} CMAKE_PREFIX_PATH=/home/zyshin3/gazebo_maritime/Acoustic_decoy_ws/install/acoustic_decoy_descriptions:/home/zyshin3/gazebo_maritime/Acoustic_decoy_ws/install/ros_gz_example_bringup:/home/zyshin3/gazebo_maritime/Acoustic_decoy_ws/install/ros_gz_example_gazebo:/home/zyshin3/gazebo_maritime/Acoustic_decoy_ws/install/ros_gz_example_description:/home/zyshin3/gazebo_maritime/Acoustic_decoy_ws/install/ros_gz_example_application:/opt/ros/jazzy/opt/gz_sim_vendor:/opt/ros/jazzy/opt/gz_sensors_vendor:/opt/ros/jazzy/opt/gz_physics_vendor:/opt/ros/jazzy/opt/sdformat_vendor:/opt/ros/jazzy/opt/gz_gui_vendor:/opt/ros/jazzy/opt/gz_transport_vendor:/opt/ros/jazzy/opt/gz_rendering_vendor:/opt/ros/jazzy/opt/gz_plugin_vendor:/opt/ros/jazzy/opt/gz_fuel_tools_vendor:/opt/ros/jazzy/opt/gz_msgs_vendor:/opt/ros/jazzy/opt/gz_common_vendor:/opt/ros/jazzy/opt/gz_math_vendor:/opt/ros/jazzy/opt/gz_utils_vendor:/opt/ros/jazzy/opt/gz_tools_vendor:/opt/ros/jazzy/opt/gz_ogre_next_vendor:/opt/ros/jazzy/opt/gz_dartsim_vendor:/opt/ros/jazzy/opt/gz_cmake_vendor:/opt/ros/jazzy GZ_SIM_RESOURCE_PATH=/home/zyshin3/gazebo_maritime/Acoustic_decoy_ws/install/acoustic_decoy_descriptions/share/acoustic_decoy_descriptions/models:${GZ_SIM_RESOURCE_PATH} /usr/bin/cmake --install /home/zyshin3/gazebo_maritime/Acoustic_decoy_ws/build/acoustic_decoy_gazebo
[3.608s] Level 1:colcon.colcon_core.environment:checking '/home/zyshin3/gazebo_maritime/Acoustic_decoy_ws/install/acoustic_decoy_gazebo' for CMake config files
[3.608s] Level 1:colcon.colcon_core.shell:create_environment_hook('acoustic_decoy_gazebo', 'cmake_prefix_path')
[3.608s] INFO:colcon.colcon_core.shell:Creating environment hook '/home/zyshin3/gazebo_maritime/Acoustic_decoy_ws/install/acoustic_decoy_gazebo/share/acoustic_decoy_gazebo/hook/cmake_prefix_path.ps1'
[3.608s] INFO:colcon.colcon_core.shell:Creating environment descriptor '/home/zyshin3/gazebo_maritime/Acoustic_decoy_ws/install/acoustic_decoy_gazebo/share/acoustic_decoy_gazebo/hook/cmake_prefix_path.dsv'
[3.608s] INFO:colcon.colcon_core.shell:Creating environment hook '/home/zyshin3/gazebo_maritime/Acoustic_decoy_ws/install/acoustic_decoy_gazebo/share/acoustic_decoy_gazebo/hook/cmake_prefix_path.sh'
[3.609s] Level 1:colcon.colcon_core.environment:checking '/home/zyshin3/gazebo_maritime/Acoustic_decoy_ws/install/acoustic_decoy_gazebo/lib'
[3.609s] Level 1:colcon.colcon_core.environment:checking '/home/zyshin3/gazebo_maritime/Acoustic_decoy_ws/install/acoustic_decoy_gazebo/bin'
[3.609s] Level 1:colcon.colcon_core.environment:checking '/home/zyshin3/gazebo_maritime/Acoustic_decoy_ws/install/acoustic_decoy_gazebo/lib/pkgconfig/acoustic_decoy_gazebo.pc'
[3.609s] Level 1:colcon.colcon_core.environment:checking '/home/zyshin3/gazebo_maritime/Acoustic_decoy_ws/install/acoustic_decoy_gazebo/lib/python3.12/site-packages'
[3.609s] Level 1:colcon.colcon_core.environment:checking '/home/zyshin3/gazebo_maritime/Acoustic_decoy_ws/install/acoustic_decoy_gazebo/bin'
[3.609s] INFO:colcon.colcon_core.shell:Creating package script '/home/zyshin3/gazebo_maritime/Acoustic_decoy_ws/install/acoustic_decoy_gazebo/share/acoustic_decoy_gazebo/package.ps1'
[3.610s] INFO:colcon.colcon_core.shell:Creating package descriptor '/home/zyshin3/gazebo_maritime/Acoustic_decoy_ws/install/acoustic_decoy_gazebo/share/acoustic_decoy_gazebo/package.dsv'
[3.610s] INFO:colcon.colcon_core.shell:Creating package script '/home/zyshin3/gazebo_maritime/Acoustic_decoy_ws/install/acoustic_decoy_gazebo/share/acoustic_decoy_gazebo/package.sh'
[3.610s] INFO:colcon.colcon_core.shell:Creating package script '/home/zyshin3/gazebo_maritime/Acoustic_decoy_ws/install/acoustic_decoy_gazebo/share/acoustic_decoy_gazebo/package.bash'
[3.610s] INFO:colcon.colcon_core.shell:Creating package script '/home/zyshin3/gazebo_maritime/Acoustic_decoy_ws/install/acoustic_decoy_gazebo/share/acoustic_decoy_gazebo/package.zsh'
[3.610s] Level 1:colcon.colcon_core.environment:create_file_with_runtime_dependencies(/home/zyshin3/gazebo_maritime/Acoustic_decoy_ws/install/acoustic_decoy_gazebo/share/colcon-core/packages/acoustic_decoy_gazebo)
[3.611s] Level 1:colcon.colcon_core.environment:create_environment_scripts_only(acoustic_decoy_gazebo)
[3.611s] Level 1:colcon.colcon_core.environment:checking '/home/zyshin3/gazebo_maritime/Acoustic_decoy_ws/install/acoustic_decoy_gazebo' for CMake module files
[3.611s] Level 1:colcon.colcon_core.environment:checking '/home/zyshin3/gazebo_maritime/Acoustic_decoy_ws/install/acoustic_decoy_gazebo' for CMake config files
[3.611s] Level 1:colcon.colcon_core.shell:create_environment_hook('acoustic_decoy_gazebo', 'cmake_prefix_path')
[3.611s] INFO:colcon.colcon_core.shell:Creating environment hook '/home/zyshin3/gazebo_maritime/Acoustic_decoy_ws/install/acoustic_decoy_gazebo/share/acoustic_decoy_gazebo/hook/cmake_prefix_path.ps1'
[3.611s] INFO:colcon.colcon_core.shell:Creating environment descriptor '/home/zyshin3/gazebo_maritime/Acoustic_decoy_ws/install/acoustic_decoy_gazebo/share/acoustic_decoy_gazebo/hook/cmake_prefix_path.dsv'
[3.612s] INFO:colcon.colcon_core.shell:Creating environment hook '/home/zyshin3/gazebo_maritime/Acoustic_decoy_ws/install/acoustic_decoy_gazebo/share/acoustic_decoy_gazebo/hook/cmake_prefix_path.sh'
[3.612s] Level 1:colcon.colcon_core.environment:checking '/home/zyshin3/gazebo_maritime/Acoustic_decoy_ws/install/acoustic_decoy_gazebo/lib'
[3.612s] Level 1:colcon.colcon_core.environment:checking '/home/zyshin3/gazebo_maritime/Acoustic_decoy_ws/install/acoustic_decoy_gazebo/bin'
[3.612s] Level 1:colcon.colcon_core.environment:checking '/home/zyshin3/gazebo_maritime/Acoustic_decoy_ws/install/acoustic_decoy_gazebo/lib/pkgconfig/acoustic_decoy_gazebo.pc'
[3.612s] Level 1:colcon.colcon_core.environment:checking '/home/zyshin3/gazebo_maritime/Acoustic_decoy_ws/install/acoustic_decoy_gazebo/lib/python3.12/site-packages'
[3.612s] Level 1:colcon.colcon_core.environment:checking '/home/zyshin3/gazebo_maritime/Acoustic_decoy_ws/install/acoustic_decoy_gazebo/bin'
[3.612s] INFO:colcon.colcon_core.shell:Creating package script '/home/zyshin3/gazebo_maritime/Acoustic_decoy_ws/install/acoustic_decoy_gazebo/share/acoustic_decoy_gazebo/package.ps1'
[3.612s] INFO:colcon.colcon_core.shell:Creating package descriptor '/home/zyshin3/gazebo_maritime/Acoustic_decoy_ws/install/acoustic_decoy_gazebo/share/acoustic_decoy_gazebo/package.dsv'
[3.613s] INFO:colcon.colcon_core.shell:Creating package script '/home/zyshin3/gazebo_maritime/Acoustic_decoy_ws/install/acoustic_decoy_gazebo/share/acoustic_decoy_gazebo/package.sh'
[3.613s] INFO:colcon.colcon_core.shell:Creating package script '/home/zyshin3/gazebo_maritime/Acoustic_decoy_ws/install/acoustic_decoy_gazebo/share/acoustic_decoy_gazebo/package.bash'
[3.613s] INFO:colcon.colcon_core.shell:Creating package script '/home/zyshin3/gazebo_maritime/Acoustic_decoy_ws/install/acoustic_decoy_gazebo/share/acoustic_decoy_gazebo/package.zsh'
[3.613s] Level 1:colcon.colcon_core.environment:create_file_with_runtime_dependencies(/home/zyshin3/gazebo_maritime/Acoustic_decoy_ws/install/acoustic_decoy_gazebo/share/colcon-core/packages/acoustic_decoy_gazebo)
[3.613s] INFO:colcon.colcon_ros.task.ament_cmake.build:Building ROS package in '/home/zyshin3/gazebo_maritime/Acoustic_decoy_ws/src/acoustic_decoy_starts' with build type 'ament_cmake'
[3.613s] INFO:colcon.colcon_cmake.task.cmake.build:Building CMake package in '/home/zyshin3/gazebo_maritime/Acoustic_decoy_ws/src/acoustic_decoy_starts'
[3.613s] INFO:colcon.colcon_core.shell:Skip shell extension 'powershell' for command environment: Not usable outside of PowerShell
[3.613s] DEBUG:colcon.colcon_core.shell:Skip shell extension 'dsv' for command environment
[3.618s] DEBUG:colcon.colcon_core.event_handler.log_command:Invoking command in '/home/zyshin3/gazebo_maritime/Acoustic_decoy_ws/build/acoustic_decoy_starts': AMENT_PREFIX_PATH=/home/zyshin3/gazebo_maritime/Acoustic_decoy_ws/install/acoustic_decoy_gazebo:/home/zyshin3/gazebo_maritime/Acoustic_decoy_ws/install/acoustic_decoy_descriptions:${AMENT_PREFIX_PATH} CMAKE_PREFIX_PATH=/home/zyshin3/gazebo_maritime/Acoustic_decoy_ws/install/acoustic_decoy_gazebo:/home/zyshin3/gazebo_maritime/Acoustic_decoy_ws/install/acoustic_decoy_descriptions:/home/zyshin3/gazebo_maritime/Acoustic_decoy_ws/install/ros_gz_example_bringup:/home/zyshin3/gazebo_maritime/Acoustic_decoy_ws/install/ros_gz_example_gazebo:/home/zyshin3/gazebo_maritime/Acoustic_decoy_ws/install/ros_gz_example_description:/home/zyshin3/gazebo_maritime/Acoustic_decoy_ws/install/ros_gz_example_application:/opt/ros/jazzy/opt/gz_sim_vendor:/opt/ros/jazzy/opt/gz_sensors_vendor:/opt/ros/jazzy/opt/gz_physics_vendor:/opt/ros/jazzy/opt/sdformat_vendor:/opt/ros/jazzy/opt/gz_gui_vendor:/opt/ros/jazzy/opt/gz_transport_vendor:/opt/ros/jazzy/opt/gz_rendering_vendor:/opt/ros/jazzy/opt/gz_plugin_vendor:/opt/ros/jazzy/opt/gz_fuel_tools_vendor:/opt/ros/jazzy/opt/gz_msgs_vendor:/opt/ros/jazzy/opt/gz_common_vendor:/opt/ros/jazzy/opt/gz_math_vendor:/opt/ros/jazzy/opt/gz_utils_vendor:/opt/ros/jazzy/opt/gz_tools_vendor:/opt/ros/jazzy/opt/gz_ogre_next_vendor:/opt/ros/jazzy/opt/gz_dartsim_vendor:/opt/ros/jazzy/opt/gz_cmake_vendor:/opt/ros/jazzy GZ_SIM_PLUGIN_PATH=/home/zyshin3/gazebo_maritime/Acoustic_decoy_ws/install/acoustic_decoy_gazebo/lib/acoustic_decoy_gazebo GZ_SIM_RESOURCE_PATH=/home/zyshin3/gazebo_maritime/Acoustic_decoy_ws/install/acoustic_decoy_gazebo/share/acoustic_decoy_gazebo/worlds:/home/zyshin3/gazebo_maritime/Acoustic_decoy_ws/install/acoustic_decoy_descriptions/share/acoustic_decoy_descriptions/models:${GZ_SIM_RESOURCE_PATH} /usr/bin/cmake /home/zyshin3/gazebo_maritime/Acoustic_decoy_ws/src/acoustic_decoy_starts -DCMAKE_INSTALL_PREFIX=/home/zyshin3/gazebo_maritime/Acoustic_decoy_ws/install/acoustic_decoy_starts
[4.306s] DEBUG:colcon.colcon_core.event_handler.log_command:Invoked command in '/home/zyshin3/gazebo_maritime/Acoustic_decoy_ws/build/acoustic_decoy_starts' returned '0': AMENT_PREFIX_PATH=/home/zyshin3/gazebo_maritime/Acoustic_decoy_ws/install/acoustic_decoy_gazebo:/home/zyshin3/gazebo_maritime/Acoustic_decoy_ws/install/acoustic_decoy_descriptions:${AMENT_PREFIX_PATH} CMAKE_PREFIX_PATH=/home/zyshin3/gazebo_maritime/Acoustic_decoy_ws/install/acoustic_decoy_gazebo:/home/zyshin3/gazebo_maritime/Acoustic_decoy_ws/install/acoustic_decoy_descriptions:/home/zyshin3/gazebo_maritime/Acoustic_decoy_ws/install/ros_gz_example_bringup:/home/zyshin3/gazebo_maritime/Acoustic_decoy_ws/install/ros_gz_example_gazebo:/home/zyshin3/gazebo_maritime/Acoustic_decoy_ws/install/ros_gz_example_description:/home/zyshin3/gazebo_maritime/Acoustic_decoy_ws/install/ros_gz_example_application:/opt/ros/jazzy/opt/gz_sim_vendor:/opt/ros/jazzy/opt/gz_sensors_vendor:/opt/ros/jazzy/opt/gz_physics_vendor:/opt/ros/jazzy/opt/sdformat_vendor:/opt/ros/jazzy/opt/gz_gui_vendor:/opt/ros/jazzy/opt/gz_transport_vendor:/opt/ros/jazzy/opt/gz_rendering_vendor:/opt/ros/jazzy/opt/gz_plugin_vendor:/opt/ros/jazzy/opt/gz_fuel_tools_vendor:/opt/ros/jazzy/opt/gz_msgs_vendor:/opt/ros/jazzy/opt/gz_common_vendor:/opt/ros/jazzy/opt/gz_math_vendor:/opt/ros/jazzy/opt/gz_utils_vendor:/opt/ros/jazzy/opt/gz_tools_vendor:/opt/ros/jazzy/opt/gz_ogre_next_vendor:/opt/ros/jazzy/opt/gz_dartsim_vendor:/opt/ros/jazzy/opt/gz_cmake_vendor:/opt/ros/jazzy GZ_SIM_PLUGIN_PATH=/home/zyshin3/gazebo_maritime/Acoustic_decoy_ws/install/acoustic_decoy_gazebo/lib/acoustic_decoy_gazebo GZ_SIM_RESOURCE_PATH=/home/zyshin3/gazebo_maritime/Acoustic_decoy_ws/install/acoustic_decoy_gazebo/share/acoustic_decoy_gazebo/worlds:/home/zyshin3/gazebo_maritime/Acoustic_decoy_ws/install/acoustic_decoy_descriptions/share/acoustic_decoy_descriptions/models:${GZ_SIM_RESOURCE_PATH} /usr/bin/cmake /home/zyshin3/gazebo_maritime/Acoustic_decoy_ws/src/acoustic_decoy_starts -DCMAKE_INSTALL_PREFIX=/home/zyshin3/gazebo_maritime/Acoustic_decoy_ws/install/acoustic_decoy_starts
[4.306s] DEBUG:colcon.colcon_core.event_handler.log_command:Invoking command in '/home/zyshin3/gazebo_maritime/Acoustic_decoy_ws/build/acoustic_decoy_starts': AMENT_PREFIX_PATH=/home/zyshin3/gazebo_maritime/Acoustic_decoy_ws/install/acoustic_decoy_gazebo:/home/zyshin3/gazebo_maritime/Acoustic_decoy_ws/install/acoustic_decoy_descriptions:${AMENT_PREFIX_PATH} CMAKE_PREFIX_PATH=/home/zyshin3/gazebo_maritime/Acoustic_decoy_ws/install/acoustic_decoy_gazebo:/home/zyshin3/gazebo_maritime/Acoustic_decoy_ws/install/acoustic_decoy_descriptions:/home/zyshin3/gazebo_maritime/Acoustic_decoy_ws/install/ros_gz_example_bringup:/home/zyshin3/gazebo_maritime/Acoustic_decoy_ws/install/ros_gz_example_gazebo:/home/zyshin3/gazebo_maritime/Acoustic_decoy_ws/install/ros_gz_example_description:/home/zyshin3/gazebo_maritime/Acoustic_decoy_ws/install/ros_gz_example_application:/opt/ros/jazzy/opt/gz_sim_vendor:/opt/ros/jazzy/opt/gz_sensors_vendor:/opt/ros/jazzy/opt/gz_physics_vendor:/opt/ros/jazzy/opt/sdformat_vendor:/opt/ros/jazzy/opt/gz_gui_vendor:/opt/ros/jazzy/opt/gz_transport_vendor:/opt/ros/jazzy/opt/gz_rendering_vendor:/opt/ros/jazzy/opt/gz_plugin_vendor:/opt/ros/jazzy/opt/gz_fuel_tools_vendor:/opt/ros/jazzy/opt/gz_msgs_vendor:/opt/ros/jazzy/opt/gz_common_vendor:/opt/ros/jazzy/opt/gz_math_vendor:/opt/ros/jazzy/opt/gz_utils_vendor:/opt/ros/jazzy/opt/gz_tools_vendor:/opt/ros/jazzy/opt/gz_ogre_next_vendor:/opt/ros/jazzy/opt/gz_dartsim_vendor:/opt/ros/jazzy/opt/gz_cmake_vendor:/opt/ros/jazzy GZ_SIM_PLUGIN_PATH=/home/zyshin3/gazebo_maritime/Acoustic_decoy_ws/install/acoustic_decoy_gazebo/lib/acoustic_decoy_gazebo GZ_SIM_RESOURCE_PATH=/home/zyshin3/gazebo_maritime/Acoustic_decoy_ws/install/acoustic_decoy_gazebo/share/acoustic_decoy_gazebo/worlds:/home/zyshin3/gazebo_maritime/Acoustic_decoy_ws/install/acoustic_decoy_descriptions/share/acoustic_decoy_descriptions/models:${GZ_SIM_RESOURCE_PATH} /usr/bin/cmake --build /home/zyshin3/gazebo_maritime/Acoustic_decoy_ws/build/acoustic_decoy_starts -- -j20 -l20
[4.350s] DEBUG:colcon.colcon_core.event_handler.log_command:Invoked command in '/home/zyshin3/gazebo_maritime/Acoustic_decoy_ws/build/acoustic_decoy_starts' returned '0': AMENT_PREFIX_PATH=/home/zyshin3/gazebo_maritime/Acoustic_decoy_ws/install/acoustic_decoy_gazebo:/home/zyshin3/gazebo_maritime/Acoustic_decoy_ws/install/acoustic_decoy_descriptions:${AMENT_PREFIX_PATH} CMAKE_PREFIX_PATH=/home/zyshin3/gazebo_maritime/Acoustic_decoy_ws/install/acoustic_decoy_gazebo:/home/zyshin3/gazebo_maritime/Acoustic_decoy_ws/install/acoustic_decoy_descriptions:/home/zyshin3/gazebo_maritime/Acoustic_decoy_ws/install/ros_gz_example_bringup:/home/zyshin3/gazebo_maritime/Acoustic_decoy_ws/install/ros_gz_example_gazebo:/home/zyshin3/gazebo_maritime/Acoustic_decoy_ws/install/ros_gz_example_description:/home/zyshin3/gazebo_maritime/Acoustic_decoy_ws/install/ros_gz_example_application:/opt/ros/jazzy/opt/gz_sim_vendor:/opt/ros/jazzy/opt/gz_sensors_vendor:/opt/ros/jazzy/opt/gz_physics_vendor:/opt/ros/jazzy/opt/sdformat_vendor:/opt/ros/jazzy/opt/gz_gui_vendor:/opt/ros/jazzy/opt/gz_transport_vendor:/opt/ros/jazzy/opt/gz_rendering_vendor:/opt/ros/jazzy/opt/gz_plugin_vendor:/opt/ros/jazzy/opt/gz_fuel_tools_vendor:/opt/ros/jazzy/opt/gz_msgs_vendor:/opt/ros/jazzy/opt/gz_common_vendor:/opt/ros/jazzy/opt/gz_math_vendor:/opt/ros/jazzy/opt/gz_utils_vendor:/opt/ros/jazzy/opt/gz_tools_vendor:/opt/ros/jazzy/opt/gz_ogre_next_vendor:/opt/ros/jazzy/opt/gz_dartsim_vendor:/opt/ros/jazzy/opt/gz_cmake_vendor:/opt/ros/jazzy GZ_SIM_PLUGIN_PATH=/home/zyshin3/gazebo_maritime/Acoustic_decoy_ws/install/acoustic_decoy_gazebo/lib/acoustic_decoy_gazebo GZ_SIM_RESOURCE_PATH=/home/zyshin3/gazebo_maritime/Acoustic_decoy_ws/install/acoustic_decoy_gazebo/share/acoustic_decoy_gazebo/worlds:/home/zyshin3/gazebo_maritime/Acoustic_decoy_ws/install/acoustic_decoy_descriptions/share/acoustic_decoy_descriptions/models:${GZ_SIM_RESOURCE_PATH} /usr/bin/cmake --build /home/zyshin3/gazebo_maritime/Acoustic_decoy_ws/build/acoustic_decoy_starts -- -j20 -l20
[4.350s] DEBUG:colcon.colcon_core.event_handler.log_command:Invoking command in '/home/zyshin3/gazebo_maritime/Acoustic_decoy_ws/build/acoustic_decoy_starts': AMENT_PREFIX_PATH=/home/zyshin3/gazebo_maritime/Acoustic_decoy_ws/install/acoustic_decoy_gazebo:/home/zyshin3/gazebo_maritime/Acoustic_decoy_ws/install/acoustic_decoy_descriptions:${AMENT_PREFIX_PATH} CMAKE_PREFIX_PATH=/home/zyshin3/gazebo_maritime/Acoustic_decoy_ws/install/acoustic_decoy_gazebo:/home/zyshin3/gazebo_maritime/Acoustic_decoy_ws/install/acoustic_decoy_descriptions:/home/zyshin3/gazebo_maritime/Acoustic_decoy_ws/install/ros_gz_example_bringup:/home/zyshin3/gazebo_maritime/Acoustic_decoy_ws/install/ros_gz_example_gazebo:/home/zyshin3/gazebo_maritime/Acoustic_decoy_ws/install/ros_gz_example_description:/home/zyshin3/gazebo_maritime/Acoustic_decoy_ws/install/ros_gz_example_application:/opt/ros/jazzy/opt/gz_sim_vendor:/opt/ros/jazzy/opt/gz_sensors_vendor:/opt/ros/jazzy/opt/gz_physics_vendor:/opt/ros/jazzy/opt/sdformat_vendor:/opt/ros/jazzy/opt/gz_gui_vendor:/opt/ros/jazzy/opt/gz_transport_vendor:/opt/ros/jazzy/opt/gz_rendering_vendor:/opt/ros/jazzy/opt/gz_plugin_vendor:/opt/ros/jazzy/opt/gz_fuel_tools_vendor:/opt/ros/jazzy/opt/gz_msgs_vendor:/opt/ros/jazzy/opt/gz_common_vendor:/opt/ros/jazzy/opt/gz_math_vendor:/opt/ros/jazzy/opt/gz_utils_vendor:/opt/ros/jazzy/opt/gz_tools_vendor:/opt/ros/jazzy/opt/gz_ogre_next_vendor:/opt/ros/jazzy/opt/gz_dartsim_vendor:/opt/ros/jazzy/opt/gz_cmake_vendor:/opt/ros/jazzy GZ_SIM_PLUGIN_PATH=/home/zyshin3/gazebo_maritime/Acoustic_decoy_ws/install/acoustic_decoy_gazebo/lib/acoustic_decoy_gazebo GZ_SIM_RESOURCE_PATH=/home/zyshin3/gazebo_maritime/Acoustic_decoy_ws/install/acoustic_decoy_gazebo/share/acoustic_decoy_gazebo/worlds:/home/zyshin3/gazebo_maritime/Acoustic_decoy_ws/install/acoustic_decoy_descriptions/share/acoustic_decoy_descriptions/models:${GZ_SIM_RESOURCE_PATH} /usr/bin/cmake --install /home/zyshin3/gazebo_maritime/Acoustic_decoy_ws/build/acoustic_decoy_starts
[4.360s] Level 1:colcon.colcon_core.environment:create_environment_scripts_only(acoustic_decoy_starts)
[4.360s] Level 1:colcon.colcon_core.environment:checking '/home/zyshin3/gazebo_maritime/Acoustic_decoy_ws/install/acoustic_decoy_starts' for CMake module files
[4.360s] DEBUG:colcon.colcon_core.event_handler.log_command:Invoked command in '/home/zyshin3/gazebo_maritime/Acoustic_decoy_ws/build/acoustic_decoy_starts' returned '0': AMENT_PREFIX_PATH=/home/zyshin3/gazebo_maritime/Acoustic_decoy_ws/install/acoustic_decoy_gazebo:/home/zyshin3/gazebo_maritime/Acoustic_decoy_ws/install/acoustic_decoy_descriptions:${AMENT_PREFIX_PATH} CMAKE_PREFIX_PATH=/home/zyshin3/gazebo_maritime/Acoustic_decoy_ws/install/acoustic_decoy_gazebo:/home/zyshin3/gazebo_maritime/Acoustic_decoy_ws/install/acoustic_decoy_descriptions:/home/zyshin3/gazebo_maritime/Acoustic_decoy_ws/install/ros_gz_example_bringup:/home/zyshin3/gazebo_maritime/Acoustic_decoy_ws/install/ros_gz_example_gazebo:/home/zyshin3/gazebo_maritime/Acoustic_decoy_ws/install/ros_gz_example_description:/home/zyshin3/gazebo_maritime/Acoustic_decoy_ws/install/ros_gz_example_application:/opt/ros/jazzy/opt/gz_sim_vendor:/opt/ros/jazzy/opt/gz_sensors_vendor:/opt/ros/jazzy/opt/gz_physics_vendor:/opt/ros/jazzy/opt/sdformat_vendor:/opt/ros/jazzy/opt/gz_gui_vendor:/opt/ros/jazzy/opt/gz_transport_vendor:/opt/ros/jazzy/opt/gz_rendering_vendor:/opt/ros/jazzy/opt/gz_plugin_vendor:/opt/ros/jazzy/opt/gz_fuel_tools_vendor:/opt/ros/jazzy/opt/gz_msgs_vendor:/opt/ros/jazzy/opt/gz_common_vendor:/opt/ros/jazzy/opt/gz_math_vendor:/opt/ros/jazzy/opt/gz_utils_vendor:/opt/ros/jazzy/opt/gz_tools_vendor:/opt/ros/jazzy/opt/gz_ogre_next_vendor:/opt/ros/jazzy/opt/gz_dartsim_vendor:/opt/ros/jazzy/opt/gz_cmake_vendor:/opt/ros/jazzy GZ_SIM_PLUGIN_PATH=/home/zyshin3/gazebo_maritime/Acoustic_decoy_ws/install/acoustic_decoy_gazebo/lib/acoustic_decoy_gazebo GZ_SIM_RESOURCE_PATH=/home/zyshin3/gazebo_maritime/Acoustic_decoy_ws/install/acoustic_decoy_gazebo/share/acoustic_decoy_gazebo/worlds:/home/zyshin3/gazebo_maritime/Acoustic_decoy_ws/install/acoustic_decoy_descriptions/share/acoustic_decoy_descriptions/models:${GZ_SIM_RESOURCE_PATH} /usr/bin/cmake --install /home/zyshin3/gazebo_maritime/Acoustic_decoy_ws/build/acoustic_decoy_starts
[4.360s] Level 1:colcon.colcon_core.environment:checking '/home/zyshin3/gazebo_maritime/Acoustic_decoy_ws/install/acoustic_decoy_starts' for CMake config files
[4.361s] Level 1:colcon.colcon_core.shell:create_environment_hook('acoustic_decoy_starts', 'cmake_prefix_path')
[4.361s] INFO:colcon.colcon_core.shell:Creating environment hook '/home/zyshin3/gazebo_maritime/Acoustic_decoy_ws/install/acoustic_decoy_starts/share/acoustic_decoy_starts/hook/cmake_prefix_path.ps1'
[4.361s] INFO:colcon.colcon_core.shell:Creating environment descriptor '/home/zyshin3/gazebo_maritime/Acoustic_decoy_ws/install/acoustic_decoy_starts/share/acoustic_decoy_starts/hook/cmake_prefix_path.dsv'
[4.361s] INFO:colcon.colcon_core.shell:Creating environment hook '/home/zyshin3/gazebo_maritime/Acoustic_decoy_ws/install/acoustic_decoy_starts/share/acoustic_decoy_starts/hook/cmake_prefix_path.sh'
[4.361s] Level 1:colcon.colcon_core.environment:checking '/home/zyshin3/gazebo_maritime/Acoustic_decoy_ws/install/acoustic_decoy_starts/bin'
[4.361s] Level 1:colcon.colcon_core.environment:checking '/home/zyshin3/gazebo_maritime/Acoustic_decoy_ws/install/acoustic_decoy_starts/lib/pkgconfig/acoustic_decoy_starts.pc'
[4.362s] Level 1:colcon.colcon_core.environment:checking '/home/zyshin3/gazebo_maritime/Acoustic_decoy_ws/install/acoustic_decoy_starts/lib/python3.12/site-packages'
[4.362s] Level 1:colcon.colcon_core.environment:checking '/home/zyshin3/gazebo_maritime/Acoustic_decoy_ws/install/acoustic_decoy_starts/bin'
[4.362s] INFO:colcon.colcon_core.shell:Creating package script '/home/zyshin3/gazebo_maritime/Acoustic_decoy_ws/install/acoustic_decoy_starts/share/acoustic_decoy_starts/package.ps1'
[4.362s] INFO:colcon.colcon_core.shell:Creating package descriptor '/home/zyshin3/gazebo_maritime/Acoustic_decoy_ws/install/acoustic_decoy_starts/share/acoustic_decoy_starts/package.dsv'
[4.362s] INFO:colcon.colcon_core.shell:Creating package script '/home/zyshin3/gazebo_maritime/Acoustic_decoy_ws/install/acoustic_decoy_starts/share/acoustic_decoy_starts/package.sh'
[4.362s] INFO:colcon.colcon_core.shell:Creating package script '/home/zyshin3/gazebo_maritime/Acoustic_decoy_ws/install/acoustic_decoy_starts/share/acoustic_decoy_starts/package.bash'
[4.363s] INFO:colcon.colcon_core.shell:Creating package script '/home/zyshin3/gazebo_maritime/Acoustic_decoy_ws/install/acoustic_decoy_starts/share/acoustic_decoy_starts/package.zsh'
[4.363s] Level 1:colcon.colcon_core.environment:create_file_with_runtime_dependencies(/home/zyshin3/gazebo_maritime/Acoustic_decoy_ws/install/acoustic_decoy_starts/share/colcon-core/packages/acoustic_decoy_starts)
[4.363s] Level 1:colcon.colcon_core.environment:create_environment_scripts_only(acoustic_decoy_starts)
[4.363s] Level 1:colcon.colcon_core.environment:checking '/home/zyshin3/gazebo_maritime/Acoustic_decoy_ws/install/acoustic_decoy_starts' for CMake module files
[4.363s] Level 1:colcon.colcon_core.environment:checking '/home/zyshin3/gazebo_maritime/Acoustic_decoy_ws/install/acoustic_decoy_starts' for CMake config files
[4.363s] Level 1:colcon.colcon_core.shell:create_environment_hook('acoustic_decoy_starts', 'cmake_prefix_path')
[4.364s] INFO:colcon.colcon_core.shell:Creating environment hook '/home/zyshin3/gazebo_maritime/Acoustic_decoy_ws/install/acoustic_decoy_starts/share/acoustic_decoy_starts/hook/cmake_prefix_path.ps1'
[4.364s] INFO:colcon.colcon_core.shell:Creating environment descriptor '/home/zyshin3/gazebo_maritime/Acoustic_decoy_ws/install/acoustic_decoy_starts/share/acoustic_decoy_starts/hook/cmake_prefix_path.dsv'
[4.364s] INFO:colcon.colcon_core.shell:Creating environment hook '/home/zyshin3/gazebo_maritime/Acoustic_decoy_ws/install/acoustic_decoy_starts/share/acoustic_decoy_starts/hook/cmake_prefix_path.sh'
[4.364s] Level 1:colcon.colcon_core.environment:checking '/home/zyshin3/gazebo_maritime/Acoustic_decoy_ws/install/acoustic_decoy_starts/bin'
[4.364s] Level 1:colcon.colcon_core.environment:checking '/home/zyshin3/gazebo_maritime/Acoustic_decoy_ws/install/acoustic_decoy_starts/lib/pkgconfig/acoustic_decoy_starts.pc'
[4.364s] Level 1:colcon.colcon_core.environment:checking '/home/zyshin3/gazebo_maritime/Acoustic_decoy_ws/install/acoustic_decoy_starts/lib/python3.12/site-packages'
[4.364s] Level 1:colcon.colcon_core.environment:checking '/home/zyshin3/gazebo_maritime/Acoustic_decoy_ws/install/acoustic_decoy_starts/bin'
[4.364s] INFO:colcon.colcon_core.shell:Creating package script '/home/zyshin3/gazebo_maritime/Acoustic_decoy_ws/install/acoustic_decoy_starts/share/acoustic_decoy_starts/package.ps1'
[4.365s] INFO:colcon.colcon_core.shell:Creating package descriptor '/home/zyshin3/gazebo_maritime/Acoustic_decoy_ws/install/acoustic_decoy_starts/share/acoustic_decoy_starts/package.dsv'
[4.365s] INFO:colcon.colcon_core.shell:Creating package script '/home/zyshin3/gazebo_maritime/Acoustic_decoy_ws/install/acoustic_decoy_starts/share/acoustic_decoy_starts/package.sh'
[4.365s] INFO:colcon.colcon_core.shell:Creating package script '/home/zyshin3/gazebo_maritime/Acoustic_decoy_ws/install/acoustic_decoy_starts/share/acoustic_decoy_starts/package.bash'
[4.365s] INFO:colcon.colcon_core.shell:Creating package script '/home/zyshin3/gazebo_maritime/Acoustic_decoy_ws/install/acoustic_decoy_starts/share/acoustic_decoy_starts/package.zsh'
[4.365s] Level 1:colcon.colcon_core.environment:create_file_with_runtime_dependencies(/home/zyshin3/gazebo_maritime/Acoustic_decoy_ws/install/acoustic_decoy_starts/share/colcon-core/packages/acoustic_decoy_starts)
[4.365s] DEBUG:colcon.colcon_parallel_executor.executor.parallel:closing loop
[4.365s] DEBUG:colcon.colcon_parallel_executor.executor.parallel:loop closed
[4.365s] DEBUG:colcon.colcon_parallel_executor.executor.parallel:run_until_complete finished with '0'
[4.365s] DEBUG:colcon.colcon_core.event_reactor:joining thread
[4.368s] INFO:colcon.colcon_core.plugin_system:Skipping extension 'colcon_notification.desktop_notification.terminal_notifier': Not used on non-Darwin systems
[4.368s] INFO:colcon.colcon_core.plugin_system:Skipping extension 'colcon_notification.desktop_notification.win32': Not used on non-Windows systems
[4.368s] INFO:colcon.colcon_notification.desktop_notification:Sending desktop notification using 'notify2'
[4.385s] DEBUG:colcon.colcon_core.event_reactor:joined thread
[4.385s] INFO:colcon.colcon_core.shell:Creating prefix script '/home/zyshin3/gazebo_maritime/Acoustic_decoy_ws/install/local_setup.ps1'
[4.388s] INFO:colcon.colcon_core.shell:Creating prefix util module '/home/zyshin3/gazebo_maritime/Acoustic_decoy_ws/install/_local_setup_util_ps1.py'
[4.392s] INFO:colcon.colcon_core.shell:Creating prefix chain script '/home/zyshin3/gazebo_maritime/Acoustic_decoy_ws/install/setup.ps1'
[4.394s] INFO:colcon.colcon_core.shell:Creating prefix script '/home/zyshin3/gazebo_maritime/Acoustic_decoy_ws/install/local_setup.sh'
[4.395s] INFO:colcon.colcon_core.shell:Creating prefix util module '/home/zyshin3/gazebo_maritime/Acoustic_decoy_ws/install/_local_setup_util_sh.py'
[4.396s] INFO:colcon.colcon_core.shell:Creating prefix chain script '/home/zyshin3/gazebo_maritime/Acoustic_decoy_ws/install/setup.sh'
[4.398s] INFO:colcon.colcon_core.shell:Creating prefix script '/home/zyshin3/gazebo_maritime/Acoustic_decoy_ws/install/local_setup.bash'
[4.399s] INFO:colcon.colcon_core.shell:Creating prefix chain script '/home/zyshin3/gazebo_maritime/Acoustic_decoy_ws/install/setup.bash'
[4.401s] INFO:colcon.colcon_core.shell:Creating prefix script '/home/zyshin3/gazebo_maritime/Acoustic_decoy_ws/install/local_setup.zsh'
[4.402s] INFO:colcon.colcon_core.shell:Creating prefix chain script '/home/zyshin3/gazebo_maritime/Acoustic_decoy_ws/install/setup.zsh'
