-- Install configuration: ""
-- Up-to-date: /home/zyshin3/gazebo_maritime/Acoustic_decoy_ws/install/acoustic_decoy_descriptions/share/acoustic_decoy_descriptions/models
-- Up-to-date: /home/zyshin3/gazebo_maritime/Acoustic_decoy_ws/install/acoustic_decoy_descriptions/share/acoustic_decoy_descriptions/models/rrbot
-- Up-to-date: /home/zyshin3/gazebo_maritime/Acoustic_decoy_ws/install/acoustic_decoy_descriptions/share/acoustic_decoy_descriptions/models/rrbot/model.sdf
-- Up-to-date: /home/zyshin3/gazebo_maritime/Acoustic_decoy_ws/install/acoustic_decoy_descriptions/share/acoustic_decoy_descriptions/models/diff_drive
-- Up-to-date: /home/zyshin3/gazebo_maritime/Acoustic_decoy_ws/install/acoustic_decoy_descriptions/share/acoustic_decoy_descriptions/models/diff_drive/model.config
-- Up-to-date: /home/zyshin3/gazebo_maritime/Acoustic_decoy_ws/install/acoustic_decoy_descriptions/share/acoustic_decoy_descriptions/models/diff_drive/model.sdf
-- Up-to-date: /home/zyshin3/gazebo_maritime/Acoustic_decoy_ws/install/acoustic_decoy_descriptions/share/acoustic_decoy_descriptions/environment/acoustic_decoy_descriptions.dsv
-- Up-to-date: /home/zyshin3/gazebo_maritime/Acoustic_decoy_ws/install/acoustic_decoy_descriptions/share/acoustic_decoy_descriptions/environment/acoustic_decoy_descriptions.sh
-- Up-to-date: /home/zyshin3/gazebo_maritime/Acoustic_decoy_ws/install/acoustic_decoy_descriptions/share/ament_index/resource_index/package_run_dependencies/acoustic_decoy_descriptions
-- Up-to-date: /home/zyshin3/gazebo_maritime/Acoustic_decoy_ws/install/acoustic_decoy_descriptions/share/ament_index/resource_index/parent_prefix_path/acoustic_decoy_descriptions
-- Up-to-date: /home/zyshin3/gazebo_maritime/Acoustic_decoy_ws/install/acoustic_decoy_descriptions/share/acoustic_decoy_descriptions/environment/ament_prefix_path.sh
-- Up-to-date: /home/zyshin3/gazebo_maritime/Acoustic_decoy_ws/install/acoustic_decoy_descriptions/share/acoustic_decoy_descriptions/environment/ament_prefix_path.dsv
-- Up-to-date: /home/zyshin3/gazebo_maritime/Acoustic_decoy_ws/install/acoustic_decoy_descriptions/share/acoustic_decoy_descriptions/environment/path.sh
-- Up-to-date: /home/zyshin3/gazebo_maritime/Acoustic_decoy_ws/install/acoustic_decoy_descriptions/share/acoustic_decoy_descriptions/environment/path.dsv
-- Up-to-date: /home/zyshin3/gazebo_maritime/Acoustic_decoy_ws/install/acoustic_decoy_descriptions/share/acoustic_decoy_descriptions/local_setup.bash
-- Up-to-date: /home/zyshin3/gazebo_maritime/Acoustic_decoy_ws/install/acoustic_decoy_descriptions/share/acoustic_decoy_descriptions/local_setup.sh
-- Up-to-date: /home/zyshin3/gazebo_maritime/Acoustic_decoy_ws/install/acoustic_decoy_descriptions/share/acoustic_decoy_descriptions/local_setup.zsh
-- Up-to-date: /home/zyshin3/gazebo_maritime/Acoustic_decoy_ws/install/acoustic_decoy_descriptions/share/acoustic_decoy_descriptions/local_setup.dsv
-- Installing: /home/zyshin3/gazebo_maritime/Acoustic_decoy_ws/install/acoustic_decoy_descriptions/share/acoustic_decoy_descriptions/package.dsv
-- Up-to-date: /home/zyshin3/gazebo_maritime/Acoustic_decoy_ws/install/acoustic_decoy_descriptions/share/ament_index/resource_index/packages/acoustic_decoy_descriptions
-- Up-to-date: /home/zyshin3/gazebo_maritime/Acoustic_decoy_ws/install/acoustic_decoy_descriptions/share/acoustic_decoy_descriptions/cmake/acoustic_decoy_descriptionsConfig.cmake
-- Up-to-date: /home/zyshin3/gazebo_maritime/Acoustic_decoy_ws/install/acoustic_decoy_descriptions/share/acoustic_decoy_descriptions/cmake/acoustic_decoy_descriptionsConfig-version.cmake
-- Up-to-date: /home/zyshin3/gazebo_maritime/Acoustic_decoy_ws/install/acoustic_decoy_descriptions/share/acoustic_decoy_descriptions/package.xml
