[0.004s] Invoking command in '/home/zyshin3/gazebo_maritime/Acoustic_decoy_ws/build/acoustic_decoy_controls': CMAKE_PREFIX_PATH=${CMAKE_PREFIX_PATH}:/opt/ros/jazzy /usr/bin/cmake /home/zyshin3/gazebo_maritime/Acoustic_decoy_ws/src/acoustic_decoy_controls -DCMAKE_INSTALL_PREFIX=/home/zyshin3/gazebo_maritime/Acoustic_decoy_ws/install/acoustic_decoy_controls
[0.050s] -- The C compiler identification is GNU 13.3.0
[0.079s] -- The CXX compiler identification is GNU 13.3.0
[0.089s] -- Detecting C compiler ABI info
[0.168s] -- Detecting C compiler ABI info - done
[0.173s] -- Check for working C compiler: /usr/bin/cc - skipped
[0.173s] -- Detecting C compile features
[0.173s] -- Detecting C compile features - done
[0.178s] -- Detecting CXX compiler ABI info
[0.294s] -- Detecting CXX compiler ABI info - done
[0.299s] -- Check for working CXX compiler: /usr/bin/c++ - skipped
[0.299s] -- Detecting CXX compile features
[0.299s] -- Detecting CXX compile features - done
[0.301s] -- Found ament_cmake: 2.5.4 (/opt/ros/jazzy/share/ament_cmake/cmake)
[0.392s] -- Found Python3: /usr/bin/python3 (found version "3.12.3") found components: Interpreter 
[0.510s] -- Configuring done (0.5s)
[0.514s] -- Generating done (0.0s)
[0.514s] -- Build files have been written to: /home/zyshin3/gazebo_maritime/Acoustic_decoy_ws/build/acoustic_decoy_controls
[0.515s] Invoked command in '/home/zyshin3/gazebo_maritime/Acoustic_decoy_ws/build/acoustic_decoy_controls' returned '0': CMAKE_PREFIX_PATH=${CMAKE_PREFIX_PATH}:/opt/ros/jazzy /usr/bin/cmake /home/zyshin3/gazebo_maritime/Acoustic_decoy_ws/src/acoustic_decoy_controls -DCMAKE_INSTALL_PREFIX=/home/zyshin3/gazebo_maritime/Acoustic_decoy_ws/install/acoustic_decoy_controls
[0.516s] Invoking command in '/home/zyshin3/gazebo_maritime/Acoustic_decoy_ws/build/acoustic_decoy_controls': CMAKE_PREFIX_PATH=${CMAKE_PREFIX_PATH}:/opt/ros/jazzy /usr/bin/cmake --build /home/zyshin3/gazebo_maritime/Acoustic_decoy_ws/build/acoustic_decoy_controls -- -j20 -l20
[0.545s] Invoked command in '/home/zyshin3/gazebo_maritime/Acoustic_decoy_ws/build/acoustic_decoy_controls' returned '0': CMAKE_PREFIX_PATH=${CMAKE_PREFIX_PATH}:/opt/ros/jazzy /usr/bin/cmake --build /home/zyshin3/gazebo_maritime/Acoustic_decoy_ws/build/acoustic_decoy_controls -- -j20 -l20
[0.546s] Invoking command in '/home/zyshin3/gazebo_maritime/Acoustic_decoy_ws/build/acoustic_decoy_controls': CMAKE_PREFIX_PATH=${CMAKE_PREFIX_PATH}:/opt/ros/jazzy /usr/bin/cmake --install /home/zyshin3/gazebo_maritime/Acoustic_decoy_ws/build/acoustic_decoy_controls
[0.551s] -- Install configuration: ""
[0.551s] -- Installing: /home/zyshin3/gazebo_maritime/Acoustic_decoy_ws/install/acoustic_decoy_controls/share/ament_index/resource_index/package_run_dependencies/acoustic_decoy_controls
[0.551s] -- Installing: /home/zyshin3/gazebo_maritime/Acoustic_decoy_ws/install/acoustic_decoy_controls/share/ament_index/resource_index/parent_prefix_path/acoustic_decoy_controls
[0.551s] -- Installing: /home/zyshin3/gazebo_maritime/Acoustic_decoy_ws/install/acoustic_decoy_controls/share/acoustic_decoy_controls/environment/ament_prefix_path.sh
[0.551s] -- Installing: /home/zyshin3/gazebo_maritime/Acoustic_decoy_ws/install/acoustic_decoy_controls/share/acoustic_decoy_controls/environment/ament_prefix_path.dsv
[0.551s] -- Installing: /home/zyshin3/gazebo_maritime/Acoustic_decoy_ws/install/acoustic_decoy_controls/share/acoustic_decoy_controls/environment/path.sh
[0.551s] -- Installing: /home/zyshin3/gazebo_maritime/Acoustic_decoy_ws/install/acoustic_decoy_controls/share/acoustic_decoy_controls/environment/path.dsv
[0.551s] -- Installing: /home/zyshin3/gazebo_maritime/Acoustic_decoy_ws/install/acoustic_decoy_controls/share/acoustic_decoy_controls/local_setup.bash
[0.551s] -- Installing: /home/zyshin3/gazebo_maritime/Acoustic_decoy_ws/install/acoustic_decoy_controls/share/acoustic_decoy_controls/local_setup.sh
[0.551s] -- Installing: /home/zyshin3/gazebo_maritime/Acoustic_decoy_ws/install/acoustic_decoy_controls/share/acoustic_decoy_controls/local_setup.zsh
[0.551s] -- Installing: /home/zyshin3/gazebo_maritime/Acoustic_decoy_ws/install/acoustic_decoy_controls/share/acoustic_decoy_controls/local_setup.dsv
[0.551s] -- Installing: /home/zyshin3/gazebo_maritime/Acoustic_decoy_ws/install/acoustic_decoy_controls/share/acoustic_decoy_controls/package.dsv
[0.551s] -- Installing: /home/zyshin3/gazebo_maritime/Acoustic_decoy_ws/install/acoustic_decoy_controls/share/ament_index/resource_index/packages/acoustic_decoy_controls
[0.551s] -- Installing: /home/zyshin3/gazebo_maritime/Acoustic_decoy_ws/install/acoustic_decoy_controls/share/acoustic_decoy_controls/cmake/acoustic_decoy_controlsConfig.cmake
[0.551s] -- Installing: /home/zyshin3/gazebo_maritime/Acoustic_decoy_ws/install/acoustic_decoy_controls/share/acoustic_decoy_controls/cmake/acoustic_decoy_controlsConfig-version.cmake
[0.551s] -- Installing: /home/zyshin3/gazebo_maritime/Acoustic_decoy_ws/install/acoustic_decoy_controls/share/acoustic_decoy_controls/package.xml
[0.559s] Invoked command in '/home/zyshin3/gazebo_maritime/Acoustic_decoy_ws/build/acoustic_decoy_controls' returned '0': CMAKE_PREFIX_PATH=${CMAKE_PREFIX_PATH}:/opt/ros/jazzy /usr/bin/cmake --install /home/zyshin3/gazebo_maritime/Acoustic_decoy_ws/build/acoustic_decoy_controls
