[0.008s] Invoking command in '/home/zyshin3/gazebo_maritime/Acoustic_decoy_ws/build/acoustic_decoy_gazebo': AMENT_PREFIX_PATH=/home/zyshin3/gazebo_maritime/Acoustic_decoy_ws/install/acoustic_decoy_descriptions:${AMENT_PREFIX_PATH} CMAKE_PREFIX_PATH=/home/zyshin3/gazebo_maritime/Acoustic_decoy_ws/install/acoustic_decoy_descriptions:/home/zyshin3/gazebo_maritime/Acoustic_decoy_ws/install/ros_gz_example_bringup:/home/zyshin3/gazebo_maritime/Acoustic_decoy_ws/install/ros_gz_example_gazebo:/home/zyshin3/gazebo_maritime/Acoustic_decoy_ws/install/ros_gz_example_description:/home/zyshin3/gazebo_maritime/Acoustic_decoy_ws/install/ros_gz_example_application:/opt/ros/jazzy/opt/gz_sim_vendor:/opt/ros/jazzy/opt/gz_sensors_vendor:/opt/ros/jazzy/opt/gz_physics_vendor:/opt/ros/jazzy/opt/sdformat_vendor:/opt/ros/jazzy/opt/gz_gui_vendor:/opt/ros/jazzy/opt/gz_transport_vendor:/opt/ros/jazzy/opt/gz_rendering_vendor:/opt/ros/jazzy/opt/gz_plugin_vendor:/opt/ros/jazzy/opt/gz_fuel_tools_vendor:/opt/ros/jazzy/opt/gz_msgs_vendor:/opt/ros/jazzy/opt/gz_common_vendor:/opt/ros/jazzy/opt/gz_math_vendor:/opt/ros/jazzy/opt/gz_utils_vendor:/opt/ros/jazzy/opt/gz_tools_vendor:/opt/ros/jazzy/opt/gz_ogre_next_vendor:/opt/ros/jazzy/opt/gz_dartsim_vendor:/opt/ros/jazzy/opt/gz_cmake_vendor:/opt/ros/jazzy GZ_SIM_RESOURCE_PATH=/home/zyshin3/gazebo_maritime/Acoustic_decoy_ws/install/acoustic_decoy_descriptions/share/acoustic_decoy_descriptions/models:${GZ_SIM_RESOURCE_PATH} /usr/bin/cmake /home/zyshin3/gazebo_maritime/Acoustic_decoy_ws/src/acoustic_decoy_gazebo -DCMAKE_INSTALL_PREFIX=/home/zyshin3/gazebo_maritime/Acoustic_decoy_ws/install/acoustic_decoy_gazebo
[0.065s] -- The C compiler identification is GNU 13.3.0
[0.106s] -- The CXX compiler identification is GNU 13.3.0
[0.117s] -- Detecting C compiler ABI info
[0.237s] -- Detecting C compiler ABI info - done
[0.246s] -- Check for working C compiler: /usr/bin/cc - skipped
[0.247s] -- Detecting C compile features
[0.247s] -- Detecting C compile features - done
[0.267s] -- Detecting CXX compiler ABI info
[0.349s] -- Detecting CXX compiler ABI info - done
[0.368s] -- Check for working CXX compiler: /usr/bin/c++ - skipped
[0.369s] -- Detecting CXX compile features
[0.369s] -- Detecting CXX compile features - done
[0.372s] -- Found ament_cmake: 2.5.4 (/opt/ros/jazzy/share/ament_cmake/cmake)
[0.470s] -- Found Python3: /usr/bin/python3 (found version "3.12.3") found components: Interpreter 
[0.528s] -- Found acoustic_decoy_descriptions: 0.0.0 (/home/zyshin3/gazebo_maritime/Acoustic_decoy_ws/install/acoustic_decoy_descriptions/share/acoustic_decoy_descriptions/cmake)
[0.536s] -- Looking for gz-plugin2 -- found version 2.0.4
[0.537s] -- Searching for dependencies of gz-plugin2
[0.538s] -- Looking for gz-utils2 -- found version 2.2.1
[0.538s] -- Searching for dependencies of gz-utils2
[0.539s] -- Searching for <gz-utils2> component [cli]
[0.540s] -- Looking for gz-utils2-cli -- found version 2.2.1
[0.540s] -- Searching for dependencies of gz-utils2-cli
[0.541s] -- Searching for <gz-plugin2> component [register]
[0.542s] -- Looking for gz-plugin2-register -- found version 2.0.4
[0.542s] -- Searching for dependencies of gz-plugin2-register
[0.543s] -- Looking for gz-common5 -- found version 5.7.1
[0.543s] -- Searching for dependencies of gz-common5
[0.544s] -- Looking for gz-utils2 -- found version 2.2.1
[0.544s] -- Looking for dlfcn.h - found
[0.548s] -- Looking for libdl - found
[0.549s] -- Found DL: TRUE  
[0.555s] -- Checking for module 'uuid'
[0.569s] --   Found uuid, version 2.39.3
[0.598s] -- Found UUID: TRUE  
[0.598s] -- Searching for <gz-common5> component [profiler]
[0.600s] -- Looking for gz-common5-profiler -- found version 5.7.1
[0.600s] -- Searching for dependencies of gz-common5-profiler
[0.601s] -- Looking for gz-sim8 -- found version 8.9.0
[0.601s] -- Searching for dependencies of gz-sim8
[0.601s] -- Looking for sdformat14 -- found version 14.7.0
[0.601s] -- Searching for dependencies of sdformat14
[0.605s] -- Checking for module 'tinyxml2'
[0.613s] --   Found tinyxml2, version 10.0.0
[0.635s] -- Looking for gz-math7 -- found version 7.5.2
[0.635s] -- Searching for dependencies of gz-math7
[0.635s] -- Looking for gz-utils2 -- found version 2.2.1
[0.635s] -- Looking for gz-utils2 -- found version 2.2.1
[0.636s] -- Looking for gz-plugin2 -- found version 2.0.4
[0.636s] -- Searching for dependencies of gz-plugin2
[0.636s] -- Looking for gz-utils2 -- found version 2.2.1
[0.636s] -- Searching for <gz-plugin2> component [loader]
[0.637s] -- Looking for gz-plugin2-loader -- found version 2.0.4
[0.637s] -- Searching for dependencies of gz-plugin2-loader
[0.637s] -- Searching for <gz-plugin2> component [register]
[0.638s] -- Looking for gz-transport13 -- found version 13.4.1
[0.638s] -- Searching for dependencies of gz-transport13
[0.701s] -- Found Protobuf: /usr/lib/x86_64-linux-gnu/libprotobuf.so (found version "3.21.12") 
[0.707s] -- Config-file not installed for ZeroMQ -- checking for pkg-config
[0.710s] -- Checking for module 'libzmq >= 4'
[0.718s] --   Found libzmq, version 4.3.5
[0.748s] -- Found ZeroMQ: TRUE (Required is at least version "4") 
[0.754s] -- Looking for gz-utils2 -- found version 2.2.1
[0.755s] -- Looking for gz-msgs10 -- found version 10.3.2
[0.755s] -- Searching for dependencies of gz-msgs10
[0.765s] -- Looking for gz-utils2 -- found version 2.2.1
[0.766s] -- Looking for gz-math7 -- found version 7.5.2
[0.771s] -- Searching for <gz-transport13> component [log]
[0.772s] -- Looking for gz-transport13-log -- found version 13.4.1
[0.772s] -- Searching for dependencies of gz-transport13-log
[0.772s] -- Searching for <gz-transport13> component [parameters]
[0.773s] -- Looking for gz-transport13-parameters -- found version 13.4.1
[0.773s] -- Searching for dependencies of gz-transport13-parameters
[0.774s] -- Looking for gz-msgs10 -- found version 10.3.2
[0.774s] -- Looking for gz-common5 -- found version 5.7.1
[0.775s] -- Searching for dependencies of gz-common5
[0.775s] -- Looking for gz-utils2 -- found version 2.2.1
[0.775s] -- Looking for dlfcn.h - found
[0.775s] -- Looking for libdl - found
[0.781s] -- Searching for <gz-common5> component [av]
[0.782s] -- Looking for gz-common5-av -- found version 5.7.1
[0.782s] -- Searching for dependencies of gz-common5-av
[0.785s] -- Checking for module 'libswscale'
[0.798s] --   Found libswscale, version 7.5.100
[0.820s] -- Found SWSCALE: TRUE  
[0.823s] -- Checking for module 'libavdevice >= 56.4.100'
[0.834s] --   Found libavdevice, version 60.3.100
[0.906s] -- Found AVDEVICE: TRUE (Required is at least version "56.4.100") 
[0.910s] -- Checking for module 'libavformat'
[0.926s] --   Found libavformat, version 60.16.100
[1.007s] -- Found AVFORMAT: TRUE  
[1.011s] -- Checking for module 'libavcodec'
[1.028s] --   Found libavcodec, version 60.31.102
[1.110s] -- Found AVCODEC: TRUE  
[1.114s] -- Checking for module 'libavutil'
[1.126s] --   Found libavutil, version 58.29.100
[1.194s] -- Found AVUTIL: TRUE  
[1.195s] -- Searching for <gz-common5> component [events]
[1.200s] -- Looking for gz-common5-events -- found version 5.7.1
[1.200s] -- Searching for dependencies of gz-common5-events
[1.201s] -- Looking for gz-math7 -- found version 7.5.2
[1.201s] -- Searching for <gz-common5> component [graphics]
[1.202s] -- Looking for gz-common5-graphics -- found version 5.7.1
[1.202s] -- Searching for dependencies of gz-common5-graphics
[1.202s] -- Looking for gz-math7 -- found version 7.5.2
[1.205s] -- Found GzAssimp: TRUE (found version "5.3.0") 
[1.205s] -- Searching for <gz-common5> component [io]
[1.206s] -- Looking for gz-common5-io -- found version 5.7.1
[1.206s] -- Searching for dependencies of gz-common5-io
[1.206s] -- Searching for <gz-common5> component [profiler]
[1.207s] -- Looking for gz-fuel_tools9 -- found version 9.1.1
[1.207s] -- Searching for dependencies of gz-fuel_tools9
[1.313s] -- Found CURL: /usr/lib/x86_64-linux-gnu/libcurl.so (found version "8.5.0")  
[1.323s] -- Checking for module 'jsoncpp'
[1.359s] --   Found jsoncpp, version 1.9.5
[1.421s] -- Found JSONCPP: TRUE  
[1.435s] -- Checking for module 'yaml-0.1'
[1.463s] --   Found yaml-0.1, version 0.2.5
[1.515s] -- Found YAML: TRUE  
[1.519s] -- Checking for module 'libzip'
[1.533s] --   Found libzip, version 1.7.3
[1.596s] -- Found ZIP: TRUE  
[1.598s] -- Looking for gz-utils2 -- found version 2.2.1
[1.599s] -- Looking for gz-common5 -- found version 5.7.1
[1.599s] -- Searching for dependencies of gz-common5
[1.600s] -- Looking for gz-utils2 -- found version 2.2.1
[1.601s] -- Looking for dlfcn.h - found
[1.601s] -- Looking for libdl - found
[1.609s] -- Searching for <gz-common5> component [testing]
[1.611s] -- Looking for gz-common5-testing -- found version 5.7.1
[1.611s] -- Searching for dependencies of gz-common5-testing
[1.612s] -- Looking for gz-math7 -- found version 7.5.2
[1.612s] -- Looking for gz-msgs10 -- found version 10.3.2
[1.613s] -- Looking for gz-gui8 -- found version 8.4.0
[1.613s] -- Searching for dependencies of gz-gui8
[1.631s] -- Looking for gz-utils2 -- found version 2.2.1
[1.631s] -- Looking for gz-math7 -- found version 7.5.2
[1.632s] -- Looking for gz-common5 -- found version 5.7.1
[1.633s] -- Looking for gz-plugin2 -- found version 2.0.4
[1.633s] -- Looking for gz-transport13 -- found version 13.4.1
[1.634s] -- Looking for gz-rendering8 -- found version 8.2.2
[1.634s] -- Searching for dependencies of gz-rendering8
[1.635s] -- Looking for gz-math7 -- found version 7.5.2
[1.635s] -- Searching for dependencies of gz-math7
[1.635s] -- Looking for gz-utils2 -- found version 2.2.1
[1.635s] -- Searching for <gz-math7> component [eigen3]
[1.636s] -- Looking for gz-math7-eigen3 -- found version 7.5.2
[1.636s] -- Searching for dependencies of gz-math7-eigen3
[1.641s] -- Looking for gz-common5 -- found version 5.7.1
[1.641s] -- Searching for dependencies of gz-common5
[1.641s] -- Looking for gz-utils2 -- found version 2.2.1
[1.642s] -- Looking for dlfcn.h - found
[1.642s] -- Looking for libdl - found
[1.646s] -- Searching for <gz-common5> component [graphics]
[1.646s] -- Searching for <gz-common5> component [events]
[1.647s] -- Searching for <gz-common5> component [geospatial]
[1.647s] -- Looking for gz-common5-geospatial -- found version 5.7.1
[1.647s] -- Searching for dependencies of gz-common5-geospatial
[1.647s] -- Looking for gz-math7 -- found version 7.5.2
[1.648s] -- Looking for gz-common5 -- found version 5.7.1
[1.648s] -- Looking for gz-plugin2 -- found version 2.0.4
[1.648s] -- Searching for dependencies of gz-plugin2
[1.648s] -- Looking for gz-utils2 -- found version 2.2.1
[1.649s] -- Searching for <gz-plugin2> component [all]
[1.650s] -- Looking for all libraries of gz-plugin2 -- found version 2.0.4
[1.650s] -- Looking for gz-plugin2 -- found version 2.0.4
[1.652s] -- Looking for gz-utils2 -- found version 2.2.1
[1.679s] -- Found OpenGL: /usr/lib/x86_64-linux-gnu/libOpenGL.so  found components: OpenGL 
[1.679s] -- Looking for gz-msgs10 -- found version 10.3.2
[1.690s] -- Looking for gz-physics7 -- found version 7.5.0
[1.690s] -- Searching for dependencies of gz-physics7
[1.691s] -- Looking for gz-common5 -- found version 5.7.1
[1.691s] -- Looking for gz-math7 -- found version 7.5.2
[1.691s] -- Looking for gz-plugin2 -- found version 2.0.4
[1.691s] -- Looking for gz-utils2 -- found version 2.2.1
[1.692s] -- Searching for <gz-physics7> component [heightmap]
[1.692s] -- Looking for gz-physics7-heightmap -- found version 7.5.0
[1.692s] -- Searching for dependencies of gz-physics7-heightmap
[1.693s] -- Looking for gz-common5 -- found version 5.7.1
[1.693s] -- Searching for <gz-physics7> component [mesh]
[1.693s] -- Looking for gz-physics7-mesh -- found version 7.5.0
[1.693s] -- Searching for dependencies of gz-physics7-mesh
[1.694s] -- Looking for gz-common5 -- found version 5.7.1
[1.694s] -- Searching for <gz-physics7> component [sdf]
[1.694s] -- Looking for gz-physics7-sdf -- found version 7.5.0
[1.694s] -- Searching for dependencies of gz-physics7-sdf
[1.695s] -- Looking for sdformat14 -- found version 14.7.0
[1.695s] -- Looking for gz-sensors8 -- found version 8.2.2
[1.695s] -- Searching for dependencies of gz-sensors8
[1.707s] -- Looking for gz-math7 -- found version 7.5.2
[1.707s] -- Looking for gz-common5 -- found version 5.7.1
[1.707s] -- Looking for gz-transport13 -- found version 13.4.1
[1.708s] -- Looking for gz-rendering8 -- found version 8.2.2
[1.708s] -- Looking for gz-msgs10 -- found version 10.3.2
[1.708s] -- Looking for sdformat14 -- found version 14.7.0
[1.709s] -- Searching for <gz-sensors8> component [air_pressure]
[1.710s] -- Looking for gz-sensors8-air_pressure -- found version 8.2.2
[1.710s] -- Searching for dependencies of gz-sensors8-air_pressure
[1.710s] -- Searching for <gz-sensors8> component [air_speed]
[1.711s] -- Looking for gz-sensors8-air_speed -- found version 8.2.2
[1.711s] -- Searching for dependencies of gz-sensors8-air_speed
[1.711s] -- Searching for <gz-sensors8> component [altimeter]
[1.712s] -- Looking for gz-sensors8-altimeter -- found version 8.2.2
[1.712s] -- Searching for dependencies of gz-sensors8-altimeter
[1.713s] -- Searching for <gz-sensors8> component [imu]
[1.713s] -- Looking for gz-sensors8-imu -- found version 8.2.2
[1.713s] -- Searching for dependencies of gz-sensors8-imu
[1.714s] -- Searching for <gz-sensors8> component [force_torque]
[1.715s] -- Looking for gz-sensors8-force_torque -- found version 8.2.2
[1.715s] -- Searching for dependencies of gz-sensors8-force_torque
[1.715s] -- Searching for <gz-sensors8> component [logical_camera]
[1.716s] -- Looking for gz-sensors8-logical_camera -- found version 8.2.2
[1.716s] -- Searching for dependencies of gz-sensors8-logical_camera
[1.716s] -- Searching for <gz-sensors8> component [magnetometer]
[1.717s] -- Looking for gz-sensors8-magnetometer -- found version 8.2.2
[1.717s] -- Searching for dependencies of gz-sensors8-magnetometer
[1.717s] -- Searching for <gz-sensors8> component [navsat]
[1.717s] -- Looking for gz-sensors8-navsat -- found version 8.2.2
[1.718s] -- Searching for dependencies of gz-sensors8-navsat
[1.718s] -- Searching for <gz-sensors8> component [dvl]
[1.718s] -- Looking for gz-sensors8-dvl -- found version 8.2.2
[1.718s] -- Searching for dependencies of gz-sensors8-dvl
[1.718s] -- Looking for gz-sensors8 -- found version 8.2.2
[1.719s] -- Searching for dependencies of gz-sensors8
[1.728s] -- Looking for gz-math7 -- found version 7.5.2
[1.729s] -- Looking for gz-common5 -- found version 5.7.1
[1.729s] -- Looking for gz-transport13 -- found version 13.4.1
[1.729s] -- Looking for gz-rendering8 -- found version 8.2.2
[1.729s] -- Looking for gz-msgs10 -- found version 10.3.2
[1.729s] -- Looking for sdformat14 -- found version 14.7.0
[1.730s] -- Searching for <gz-sensors8> component [rendering]
[1.730s] -- Looking for gz-sensors8-rendering -- found version 8.2.2
[1.730s] -- Searching for dependencies of gz-sensors8-rendering
[1.731s] -- Searching for <gz-sensors8> component [rendering]
[1.731s] -- Searching for <gz-sensors8> component [lidar]
[1.731s] -- Looking for gz-sensors8-lidar -- found version 8.2.2
[1.731s] -- Searching for dependencies of gz-sensors8-lidar
[1.732s] -- Looking for gz-sensors8 -- found version 8.2.2
[1.732s] -- Searching for <gz-sensors8> component [gpu_lidar]
[1.732s] -- Looking for gz-sensors8-gpu_lidar -- found version 8.2.2
[1.732s] -- Searching for dependencies of gz-sensors8-gpu_lidar
[1.733s] -- Looking for gz-sensors8 -- found version 8.2.2
[1.733s] -- Searching for <gz-sensors8> component [camera]
[1.733s] -- Looking for gz-sensors8-camera -- found version 8.2.2
[1.733s] -- Searching for dependencies of gz-sensors8-camera
[1.734s] -- Looking for gz-sensors8 -- found version 8.2.2
[1.734s] -- Searching for <gz-sensors8> component [boundingbox_camera]
[1.734s] -- Looking for gz-sensors8-boundingbox_camera -- found version 8.2.2
[1.734s] -- Searching for dependencies of gz-sensors8-boundingbox_camera
[1.735s] -- Searching for <gz-sensors8> component [segmentation_camera]
[1.735s] -- Looking for gz-sensors8-segmentation_camera -- found version 8.2.2
[1.735s] -- Searching for dependencies of gz-sensors8-segmentation_camera
[1.735s] -- Searching for <gz-sensors8> component [depth_camera]
[1.736s] -- Looking for gz-sensors8-depth_camera -- found version 8.2.2
[1.736s] -- Searching for dependencies of gz-sensors8-depth_camera
[1.736s] -- Looking for gz-sensors8 -- found version 8.2.2
[1.736s] -- Searching for <gz-sensors8> component [rgbd_camera]
[1.737s] -- Looking for gz-sensors8-rgbd_camera -- found version 8.2.2
[1.737s] -- Searching for dependencies of gz-sensors8-rgbd_camera
[1.737s] -- Looking for gz-sensors8 -- found version 8.2.2
[1.737s] -- Searching for <gz-sensors8> component [thermal_camera]
[1.738s] -- Looking for gz-sensors8-thermal_camera -- found version 8.2.2
[1.738s] -- Searching for dependencies of gz-sensors8-thermal_camera
[1.738s] -- Looking for gz-sensors8 -- found version 8.2.2
[1.738s] -- Searching for <gz-sensors8> component [wide_angle_camera]
[1.739s] -- Looking for gz-sensors8-wide_angle_camera -- found version 8.2.2
[1.739s] -- Searching for dependencies of gz-sensors8-wide_angle_camera
[1.739s] -- Looking for gz-rendering8 -- found version 8.2.2
[1.740s] -- Looking for gz-math7 -- found version 7.5.2
[1.740s] -- Looking for gz-utils2 -- found version 2.2.1
[1.751s] -- Compiling against Gazebo Harmonic
[1.754s] -- Found ament_lint_auto: 0.17.2 (/opt/ros/jazzy/share/ament_lint_auto/cmake)
[1.809s] -- Configuring done (1.8s)
[1.817s] -- Generating done (0.0s)
[1.819s] -- Build files have been written to: /home/zyshin3/gazebo_maritime/Acoustic_decoy_ws/build/acoustic_decoy_gazebo
[1.826s] Invoked command in '/home/zyshin3/gazebo_maritime/Acoustic_decoy_ws/build/acoustic_decoy_gazebo' returned '0': AMENT_PREFIX_PATH=/home/zyshin3/gazebo_maritime/Acoustic_decoy_ws/install/acoustic_decoy_descriptions:${AMENT_PREFIX_PATH} CMAKE_PREFIX_PATH=/home/zyshin3/gazebo_maritime/Acoustic_decoy_ws/install/acoustic_decoy_descriptions:/home/zyshin3/gazebo_maritime/Acoustic_decoy_ws/install/ros_gz_example_bringup:/home/zyshin3/gazebo_maritime/Acoustic_decoy_ws/install/ros_gz_example_gazebo:/home/zyshin3/gazebo_maritime/Acoustic_decoy_ws/install/ros_gz_example_description:/home/zyshin3/gazebo_maritime/Acoustic_decoy_ws/install/ros_gz_example_application:/opt/ros/jazzy/opt/gz_sim_vendor:/opt/ros/jazzy/opt/gz_sensors_vendor:/opt/ros/jazzy/opt/gz_physics_vendor:/opt/ros/jazzy/opt/sdformat_vendor:/opt/ros/jazzy/opt/gz_gui_vendor:/opt/ros/jazzy/opt/gz_transport_vendor:/opt/ros/jazzy/opt/gz_rendering_vendor:/opt/ros/jazzy/opt/gz_plugin_vendor:/opt/ros/jazzy/opt/gz_fuel_tools_vendor:/opt/ros/jazzy/opt/gz_msgs_vendor:/opt/ros/jazzy/opt/gz_common_vendor:/opt/ros/jazzy/opt/gz_math_vendor:/opt/ros/jazzy/opt/gz_utils_vendor:/opt/ros/jazzy/opt/gz_tools_vendor:/opt/ros/jazzy/opt/gz_ogre_next_vendor:/opt/ros/jazzy/opt/gz_dartsim_vendor:/opt/ros/jazzy/opt/gz_cmake_vendor:/opt/ros/jazzy GZ_SIM_RESOURCE_PATH=/home/zyshin3/gazebo_maritime/Acoustic_decoy_ws/install/acoustic_decoy_descriptions/share/acoustic_decoy_descriptions/models:${GZ_SIM_RESOURCE_PATH} /usr/bin/cmake /home/zyshin3/gazebo_maritime/Acoustic_decoy_ws/src/acoustic_decoy_gazebo -DCMAKE_INSTALL_PREFIX=/home/zyshin3/gazebo_maritime/Acoustic_decoy_ws/install/acoustic_decoy_gazebo
[1.826s] Invoking command in '/home/zyshin3/gazebo_maritime/Acoustic_decoy_ws/build/acoustic_decoy_gazebo': AMENT_PREFIX_PATH=/home/zyshin3/gazebo_maritime/Acoustic_decoy_ws/install/acoustic_decoy_descriptions:${AMENT_PREFIX_PATH} CMAKE_PREFIX_PATH=/home/zyshin3/gazebo_maritime/Acoustic_decoy_ws/install/acoustic_decoy_descriptions:/home/zyshin3/gazebo_maritime/Acoustic_decoy_ws/install/ros_gz_example_bringup:/home/zyshin3/gazebo_maritime/Acoustic_decoy_ws/install/ros_gz_example_gazebo:/home/zyshin3/gazebo_maritime/Acoustic_decoy_ws/install/ros_gz_example_description:/home/zyshin3/gazebo_maritime/Acoustic_decoy_ws/install/ros_gz_example_application:/opt/ros/jazzy/opt/gz_sim_vendor:/opt/ros/jazzy/opt/gz_sensors_vendor:/opt/ros/jazzy/opt/gz_physics_vendor:/opt/ros/jazzy/opt/sdformat_vendor:/opt/ros/jazzy/opt/gz_gui_vendor:/opt/ros/jazzy/opt/gz_transport_vendor:/opt/ros/jazzy/opt/gz_rendering_vendor:/opt/ros/jazzy/opt/gz_plugin_vendor:/opt/ros/jazzy/opt/gz_fuel_tools_vendor:/opt/ros/jazzy/opt/gz_msgs_vendor:/opt/ros/jazzy/opt/gz_common_vendor:/opt/ros/jazzy/opt/gz_math_vendor:/opt/ros/jazzy/opt/gz_utils_vendor:/opt/ros/jazzy/opt/gz_tools_vendor:/opt/ros/jazzy/opt/gz_ogre_next_vendor:/opt/ros/jazzy/opt/gz_dartsim_vendor:/opt/ros/jazzy/opt/gz_cmake_vendor:/opt/ros/jazzy GZ_SIM_RESOURCE_PATH=/home/zyshin3/gazebo_maritime/Acoustic_decoy_ws/install/acoustic_decoy_descriptions/share/acoustic_decoy_descriptions/models:${GZ_SIM_RESOURCE_PATH} /usr/bin/cmake --build /home/zyshin3/gazebo_maritime/Acoustic_decoy_ws/build/acoustic_decoy_gazebo -- -j20 -l20
[1.863s] [ 25%] [32mBuilding CXX object CMakeFiles/FullSystem.dir/src/FullSystem.cc.o[0m
[1.867s] [ 50%] [32mBuilding CXX object CMakeFiles/BasicSystem.dir/src/BasicSystem.cc.o[0m
[2.769s] [ 75%] [32m[1mLinking CXX shared library libBasicSystem.so[0m
[2.826s] [100%] [32m[1mLinking CXX shared library libFullSystem.so[0m
[2.846s] [100%] Built target BasicSystem
[2.908s] [100%] Built target FullSystem
[2.917s] Invoked command in '/home/zyshin3/gazebo_maritime/Acoustic_decoy_ws/build/acoustic_decoy_gazebo' returned '0': AMENT_PREFIX_PATH=/home/zyshin3/gazebo_maritime/Acoustic_decoy_ws/install/acoustic_decoy_descriptions:${AMENT_PREFIX_PATH} CMAKE_PREFIX_PATH=/home/zyshin3/gazebo_maritime/Acoustic_decoy_ws/install/acoustic_decoy_descriptions:/home/zyshin3/gazebo_maritime/Acoustic_decoy_ws/install/ros_gz_example_bringup:/home/zyshin3/gazebo_maritime/Acoustic_decoy_ws/install/ros_gz_example_gazebo:/home/zyshin3/gazebo_maritime/Acoustic_decoy_ws/install/ros_gz_example_description:/home/zyshin3/gazebo_maritime/Acoustic_decoy_ws/install/ros_gz_example_application:/opt/ros/jazzy/opt/gz_sim_vendor:/opt/ros/jazzy/opt/gz_sensors_vendor:/opt/ros/jazzy/opt/gz_physics_vendor:/opt/ros/jazzy/opt/sdformat_vendor:/opt/ros/jazzy/opt/gz_gui_vendor:/opt/ros/jazzy/opt/gz_transport_vendor:/opt/ros/jazzy/opt/gz_rendering_vendor:/opt/ros/jazzy/opt/gz_plugin_vendor:/opt/ros/jazzy/opt/gz_fuel_tools_vendor:/opt/ros/jazzy/opt/gz_msgs_vendor:/opt/ros/jazzy/opt/gz_common_vendor:/opt/ros/jazzy/opt/gz_math_vendor:/opt/ros/jazzy/opt/gz_utils_vendor:/opt/ros/jazzy/opt/gz_tools_vendor:/opt/ros/jazzy/opt/gz_ogre_next_vendor:/opt/ros/jazzy/opt/gz_dartsim_vendor:/opt/ros/jazzy/opt/gz_cmake_vendor:/opt/ros/jazzy GZ_SIM_RESOURCE_PATH=/home/zyshin3/gazebo_maritime/Acoustic_decoy_ws/install/acoustic_decoy_descriptions/share/acoustic_decoy_descriptions/models:${GZ_SIM_RESOURCE_PATH} /usr/bin/cmake --build /home/zyshin3/gazebo_maritime/Acoustic_decoy_ws/build/acoustic_decoy_gazebo -- -j20 -l20
[2.918s] Invoking command in '/home/zyshin3/gazebo_maritime/Acoustic_decoy_ws/build/acoustic_decoy_gazebo': AMENT_PREFIX_PATH=/home/zyshin3/gazebo_maritime/Acoustic_decoy_ws/install/acoustic_decoy_descriptions:${AMENT_PREFIX_PATH} CMAKE_PREFIX_PATH=/home/zyshin3/gazebo_maritime/Acoustic_decoy_ws/install/acoustic_decoy_descriptions:/home/zyshin3/gazebo_maritime/Acoustic_decoy_ws/install/ros_gz_example_bringup:/home/zyshin3/gazebo_maritime/Acoustic_decoy_ws/install/ros_gz_example_gazebo:/home/zyshin3/gazebo_maritime/Acoustic_decoy_ws/install/ros_gz_example_description:/home/zyshin3/gazebo_maritime/Acoustic_decoy_ws/install/ros_gz_example_application:/opt/ros/jazzy/opt/gz_sim_vendor:/opt/ros/jazzy/opt/gz_sensors_vendor:/opt/ros/jazzy/opt/gz_physics_vendor:/opt/ros/jazzy/opt/sdformat_vendor:/opt/ros/jazzy/opt/gz_gui_vendor:/opt/ros/jazzy/opt/gz_transport_vendor:/opt/ros/jazzy/opt/gz_rendering_vendor:/opt/ros/jazzy/opt/gz_plugin_vendor:/opt/ros/jazzy/opt/gz_fuel_tools_vendor:/opt/ros/jazzy/opt/gz_msgs_vendor:/opt/ros/jazzy/opt/gz_common_vendor:/opt/ros/jazzy/opt/gz_math_vendor:/opt/ros/jazzy/opt/gz_utils_vendor:/opt/ros/jazzy/opt/gz_tools_vendor:/opt/ros/jazzy/opt/gz_ogre_next_vendor:/opt/ros/jazzy/opt/gz_dartsim_vendor:/opt/ros/jazzy/opt/gz_cmake_vendor:/opt/ros/jazzy GZ_SIM_RESOURCE_PATH=/home/zyshin3/gazebo_maritime/Acoustic_decoy_ws/install/acoustic_decoy_descriptions/share/acoustic_decoy_descriptions/models:${GZ_SIM_RESOURCE_PATH} /usr/bin/cmake --install /home/zyshin3/gazebo_maritime/Acoustic_decoy_ws/build/acoustic_decoy_gazebo
[2.923s] -- Install configuration: ""
[2.923s] -- Installing: /home/zyshin3/gazebo_maritime/Acoustic_decoy_ws/install/acoustic_decoy_gazebo/lib/acoustic_decoy_gazebo/libBasicSystem.so
[2.923s] -- Set non-toolchain portion of runtime path of "/home/zyshin3/gazebo_maritime/Acoustic_decoy_ws/install/acoustic_decoy_gazebo/lib/acoustic_decoy_gazebo/libBasicSystem.so" to ""
[2.923s] -- Installing: /home/zyshin3/gazebo_maritime/Acoustic_decoy_ws/install/acoustic_decoy_gazebo/lib/acoustic_decoy_gazebo/libFullSystem.so
[2.923s] -- Set non-toolchain portion of runtime path of "/home/zyshin3/gazebo_maritime/Acoustic_decoy_ws/install/acoustic_decoy_gazebo/lib/acoustic_decoy_gazebo/libFullSystem.so" to ""
[2.924s] -- Installing: /home/zyshin3/gazebo_maritime/Acoustic_decoy_ws/install/acoustic_decoy_gazebo/share/acoustic_decoy_gazebo/worlds
[2.924s] -- Installing: /home/zyshin3/gazebo_maritime/Acoustic_decoy_ws/install/acoustic_decoy_gazebo/share/acoustic_decoy_gazebo/worlds/diff_drive.sdf
[2.924s] -- Installing: /home/zyshin3/gazebo_maritime/Acoustic_decoy_ws/install/acoustic_decoy_gazebo/share/acoustic_decoy_gazebo/environment/acoustic_decoy_gazebo.dsv
[2.924s] -- Installing: /home/zyshin3/gazebo_maritime/Acoustic_decoy_ws/install/acoustic_decoy_gazebo/share/acoustic_decoy_gazebo/environment/acoustic_decoy_gazebo.sh
[2.924s] -- Installing: /home/zyshin3/gazebo_maritime/Acoustic_decoy_ws/install/acoustic_decoy_gazebo/share/ament_index/resource_index/package_run_dependencies/acoustic_decoy_gazebo
[2.924s] -- Installing: /home/zyshin3/gazebo_maritime/Acoustic_decoy_ws/install/acoustic_decoy_gazebo/share/ament_index/resource_index/parent_prefix_path/acoustic_decoy_gazebo
[2.924s] -- Installing: /home/zyshin3/gazebo_maritime/Acoustic_decoy_ws/install/acoustic_decoy_gazebo/share/acoustic_decoy_gazebo/environment/ament_prefix_path.sh
[2.924s] -- Installing: /home/zyshin3/gazebo_maritime/Acoustic_decoy_ws/install/acoustic_decoy_gazebo/share/acoustic_decoy_gazebo/environment/ament_prefix_path.dsv
[2.924s] -- Installing: /home/zyshin3/gazebo_maritime/Acoustic_decoy_ws/install/acoustic_decoy_gazebo/share/acoustic_decoy_gazebo/environment/path.sh
[2.924s] -- Installing: /home/zyshin3/gazebo_maritime/Acoustic_decoy_ws/install/acoustic_decoy_gazebo/share/acoustic_decoy_gazebo/environment/path.dsv
[2.924s] -- Installing: /home/zyshin3/gazebo_maritime/Acoustic_decoy_ws/install/acoustic_decoy_gazebo/share/acoustic_decoy_gazebo/local_setup.bash
[2.924s] -- Installing: /home/zyshin3/gazebo_maritime/Acoustic_decoy_ws/install/acoustic_decoy_gazebo/share/acoustic_decoy_gazebo/local_setup.sh
[2.924s] -- Installing: /home/zyshin3/gazebo_maritime/Acoustic_decoy_ws/install/acoustic_decoy_gazebo/share/acoustic_decoy_gazebo/local_setup.zsh
[2.924s] -- Installing: /home/zyshin3/gazebo_maritime/Acoustic_decoy_ws/install/acoustic_decoy_gazebo/share/acoustic_decoy_gazebo/local_setup.dsv
[2.924s] -- Installing: /home/zyshin3/gazebo_maritime/Acoustic_decoy_ws/install/acoustic_decoy_gazebo/share/acoustic_decoy_gazebo/package.dsv
[2.924s] -- Installing: /home/zyshin3/gazebo_maritime/Acoustic_decoy_ws/install/acoustic_decoy_gazebo/share/ament_index/resource_index/packages/acoustic_decoy_gazebo
[2.924s] -- Installing: /home/zyshin3/gazebo_maritime/Acoustic_decoy_ws/install/acoustic_decoy_gazebo/share/acoustic_decoy_gazebo/cmake/acoustic_decoy_gazeboConfig.cmake
[2.924s] -- Installing: /home/zyshin3/gazebo_maritime/Acoustic_decoy_ws/install/acoustic_decoy_gazebo/share/acoustic_decoy_gazebo/cmake/acoustic_decoy_gazeboConfig-version.cmake
[2.924s] -- Installing: /home/zyshin3/gazebo_maritime/Acoustic_decoy_ws/install/acoustic_decoy_gazebo/share/acoustic_decoy_gazebo/package.xml
[2.926s] Invoked command in '/home/zyshin3/gazebo_maritime/Acoustic_decoy_ws/build/acoustic_decoy_gazebo' returned '0': AMENT_PREFIX_PATH=/home/zyshin3/gazebo_maritime/Acoustic_decoy_ws/install/acoustic_decoy_descriptions:${AMENT_PREFIX_PATH} CMAKE_PREFIX_PATH=/home/zyshin3/gazebo_maritime/Acoustic_decoy_ws/install/acoustic_decoy_descriptions:/home/zyshin3/gazebo_maritime/Acoustic_decoy_ws/install/ros_gz_example_bringup:/home/zyshin3/gazebo_maritime/Acoustic_decoy_ws/install/ros_gz_example_gazebo:/home/zyshin3/gazebo_maritime/Acoustic_decoy_ws/install/ros_gz_example_description:/home/zyshin3/gazebo_maritime/Acoustic_decoy_ws/install/ros_gz_example_application:/opt/ros/jazzy/opt/gz_sim_vendor:/opt/ros/jazzy/opt/gz_sensors_vendor:/opt/ros/jazzy/opt/gz_physics_vendor:/opt/ros/jazzy/opt/sdformat_vendor:/opt/ros/jazzy/opt/gz_gui_vendor:/opt/ros/jazzy/opt/gz_transport_vendor:/opt/ros/jazzy/opt/gz_rendering_vendor:/opt/ros/jazzy/opt/gz_plugin_vendor:/opt/ros/jazzy/opt/gz_fuel_tools_vendor:/opt/ros/jazzy/opt/gz_msgs_vendor:/opt/ros/jazzy/opt/gz_common_vendor:/opt/ros/jazzy/opt/gz_math_vendor:/opt/ros/jazzy/opt/gz_utils_vendor:/opt/ros/jazzy/opt/gz_tools_vendor:/opt/ros/jazzy/opt/gz_ogre_next_vendor:/opt/ros/jazzy/opt/gz_dartsim_vendor:/opt/ros/jazzy/opt/gz_cmake_vendor:/opt/ros/jazzy GZ_SIM_RESOURCE_PATH=/home/zyshin3/gazebo_maritime/Acoustic_decoy_ws/install/acoustic_decoy_descriptions/share/acoustic_decoy_descriptions/models:${GZ_SIM_RESOURCE_PATH} /usr/bin/cmake --install /home/zyshin3/gazebo_maritime/Acoustic_decoy_ws/build/acoustic_decoy_gazebo
