[0.049s] DEBUG:colcon:Command line arguments: ['/usr/bin/colcon', 'build']
[0.049s] DEBUG:colcon:Parsed command line arguments: Namespace(log_base=None, log_level=None, verb_name='build', build_base='build', install_base='install', merge_install=False, symlink_install=False, test_result_base=None, continue_on_error=False, executor='parallel', parallel_workers=20, event_handlers=None, ignore_user_meta=False, metas=['./colcon.meta'], base_paths=['.'], packages_ignore=None, packages_ignore_regex=None, paths=None, packages_up_to=None, packages_up_to_regex=None, packages_above=None, packages_above_and_dependencies=None, packages_above_depth=None, packages_select_by_dep=None, packages_skip_by_dep=None, packages_skip_up_to=None, packages_select_build_failed=False, packages_skip_build_finished=False, packages_select_test_failures=False, packages_skip_test_passed=False, packages_select=None, packages_skip=None, packages_select_regex=None, packages_skip_regex=None, packages_start=None, packages_end=None, allow_overriding=[], cmake_args=None, cmake_target=None, cmake_target_skip_unavailable=False, cmake_clean_cache=False, cmake_clean_first=False, cmake_force_configure=False, ament_cmake_args=None, catkin_cmake_args=None, catkin_skip_building_tests=False, mixin_files=None, mixin=None, verb_parser=<colcon_mixin.mixin.mixin_argument.MixinArgumentDecorator object at 0x7ca205288fe0>, verb_extension=<colcon_core.verb.build.BuildVerb object at 0x7ca205288dd0>, main=<bound method BuildVerb.main of <colcon_core.verb.build.BuildVerb object at 0x7ca205288dd0>>, mixin_verb=('build',))
[0.067s] Level 1:colcon.colcon_core.package_discovery:discover_packages(colcon_meta) check parameters
[0.067s] Level 1:colcon.colcon_core.package_discovery:discover_packages(recursive) check parameters
[0.067s] Level 1:colcon.colcon_core.package_discovery:discover_packages(ignore) check parameters
[0.067s] Level 1:colcon.colcon_core.package_discovery:discover_packages(path) check parameters
[0.067s] Level 1:colcon.colcon_core.package_discovery:discover_packages(colcon_meta) discover
[0.067s] Level 1:colcon.colcon_core.package_discovery:discover_packages(recursive) discover
[0.067s] INFO:colcon.colcon_core.package_discovery:Crawling recursively for packages in '/home/zyshin3/gazebo_maritime/Acoustic_decoy_ws'
[0.067s] Level 1:colcon.colcon_core.package_identification:_identify(.) by extensions ['ignore', 'ignore_ament_install']
[0.067s] Level 1:colcon.colcon_core.package_identification:_identify(.) by extension 'ignore'
[0.067s] Level 1:colcon.colcon_core.package_identification:_identify(.) by extension 'ignore_ament_install'
[0.067s] Level 1:colcon.colcon_core.package_identification:_identify(.) by extensions ['colcon_pkg']
[0.067s] Level 1:colcon.colcon_core.package_identification:_identify(.) by extension 'colcon_pkg'
[0.067s] Level 1:colcon.colcon_core.package_identification:_identify(.) by extensions ['colcon_meta']
[0.067s] Level 1:colcon.colcon_core.package_identification:_identify(.) by extension 'colcon_meta'
[0.067s] Level 1:colcon.colcon_core.package_identification:_identify(.) by extensions ['ros']
[0.067s] Level 1:colcon.colcon_core.package_identification:_identify(.) by extension 'ros'
[0.080s] Level 1:colcon.colcon_core.package_identification:_identify(.) by extensions ['cmake', 'python']
[0.080s] Level 1:colcon.colcon_core.package_identification:_identify(.) by extension 'cmake'
[0.080s] Level 1:colcon.colcon_core.package_identification:_identify(.) by extension 'python'
[0.080s] Level 1:colcon.colcon_core.package_identification:_identify(.) by extensions ['python_setup_py']
[0.080s] Level 1:colcon.colcon_core.package_identification:_identify(.) by extension 'python_setup_py'
[0.080s] Level 1:colcon.colcon_core.package_identification:_identify(build) by extensions ['ignore', 'ignore_ament_install']
[0.080s] Level 1:colcon.colcon_core.package_identification:_identify(build) by extension 'ignore'
[0.080s] Level 1:colcon.colcon_core.package_identification:_identify(build) ignored
[0.080s] Level 1:colcon.colcon_core.package_identification:_identify(install) by extensions ['ignore', 'ignore_ament_install']
[0.080s] Level 1:colcon.colcon_core.package_identification:_identify(install) by extension 'ignore'
[0.080s] Level 1:colcon.colcon_core.package_identification:_identify(install) ignored
[0.080s] Level 1:colcon.colcon_core.package_identification:_identify(log) by extensions ['ignore', 'ignore_ament_install']
[0.080s] Level 1:colcon.colcon_core.package_identification:_identify(log) by extension 'ignore'
[0.080s] Level 1:colcon.colcon_core.package_identification:_identify(log) ignored
[0.080s] Level 1:colcon.colcon_core.package_identification:_identify(src) by extensions ['ignore', 'ignore_ament_install']
[0.080s] Level 1:colcon.colcon_core.package_identification:_identify(src) by extension 'ignore'
[0.080s] Level 1:colcon.colcon_core.package_identification:_identify(src) by extension 'ignore_ament_install'
[0.080s] Level 1:colcon.colcon_core.package_identification:_identify(src) by extensions ['colcon_pkg']
[0.080s] Level 1:colcon.colcon_core.package_identification:_identify(src) by extension 'colcon_pkg'
[0.080s] Level 1:colcon.colcon_core.package_identification:_identify(src) by extensions ['colcon_meta']
[0.080s] Level 1:colcon.colcon_core.package_identification:_identify(src) by extension 'colcon_meta'
[0.080s] Level 1:colcon.colcon_core.package_identification:_identify(src) by extensions ['ros']
[0.080s] Level 1:colcon.colcon_core.package_identification:_identify(src) by extension 'ros'
[0.080s] Level 1:colcon.colcon_core.package_identification:_identify(src) by extensions ['cmake', 'python']
[0.080s] Level 1:colcon.colcon_core.package_identification:_identify(src) by extension 'cmake'
[0.080s] Level 1:colcon.colcon_core.package_identification:_identify(src) by extension 'python'
[0.080s] Level 1:colcon.colcon_core.package_identification:_identify(src) by extensions ['python_setup_py']
[0.080s] Level 1:colcon.colcon_core.package_identification:_identify(src) by extension 'python_setup_py'
[0.080s] Level 1:colcon.colcon_core.package_identification:_identify(src/acoustic_decoy_controls) by extensions ['ignore', 'ignore_ament_install']
[0.080s] Level 1:colcon.colcon_core.package_identification:_identify(src/acoustic_decoy_controls) by extension 'ignore'
[0.080s] Level 1:colcon.colcon_core.package_identification:_identify(src/acoustic_decoy_controls) by extension 'ignore_ament_install'
[0.080s] Level 1:colcon.colcon_core.package_identification:_identify(src/acoustic_decoy_controls) by extensions ['colcon_pkg']
[0.080s] Level 1:colcon.colcon_core.package_identification:_identify(src/acoustic_decoy_controls) by extension 'colcon_pkg'
[0.080s] Level 1:colcon.colcon_core.package_identification:_identify(src/acoustic_decoy_controls) by extensions ['colcon_meta']
[0.080s] Level 1:colcon.colcon_core.package_identification:_identify(src/acoustic_decoy_controls) by extension 'colcon_meta'
[0.080s] Level 1:colcon.colcon_core.package_identification:_identify(src/acoustic_decoy_controls) by extensions ['ros']
[0.080s] Level 1:colcon.colcon_core.package_identification:_identify(src/acoustic_decoy_controls) by extension 'ros'
[0.081s] DEBUG:colcon.colcon_core.package_identification:Package 'src/acoustic_decoy_controls' with type 'ros.ament_cmake' and name 'acoustic_decoy_controls'
[0.082s] Level 1:colcon.colcon_core.package_identification:_identify(src/acoustic_decoy_descriptions) by extensions ['ignore', 'ignore_ament_install']
[0.082s] Level 1:colcon.colcon_core.package_identification:_identify(src/acoustic_decoy_descriptions) by extension 'ignore'
[0.082s] Level 1:colcon.colcon_core.package_identification:_identify(src/acoustic_decoy_descriptions) by extension 'ignore_ament_install'
[0.082s] Level 1:colcon.colcon_core.package_identification:_identify(src/acoustic_decoy_descriptions) by extensions ['colcon_pkg']
[0.082s] Level 1:colcon.colcon_core.package_identification:_identify(src/acoustic_decoy_descriptions) by extension 'colcon_pkg'
[0.082s] Level 1:colcon.colcon_core.package_identification:_identify(src/acoustic_decoy_descriptions) by extensions ['colcon_meta']
[0.082s] Level 1:colcon.colcon_core.package_identification:_identify(src/acoustic_decoy_descriptions) by extension 'colcon_meta'
[0.082s] Level 1:colcon.colcon_core.package_identification:_identify(src/acoustic_decoy_descriptions) by extensions ['ros']
[0.082s] Level 1:colcon.colcon_core.package_identification:_identify(src/acoustic_decoy_descriptions) by extension 'ros'
[0.082s] DEBUG:colcon.colcon_core.package_identification:Package 'src/acoustic_decoy_descriptions' with type 'ros.ament_cmake' and name 'acoustic_decoy_descriptions'
[0.082s] Level 1:colcon.colcon_core.package_identification:_identify(src/acoustic_decoy_gazebo) by extensions ['ignore', 'ignore_ament_install']
[0.082s] Level 1:colcon.colcon_core.package_identification:_identify(src/acoustic_decoy_gazebo) by extension 'ignore'
[0.082s] Level 1:colcon.colcon_core.package_identification:_identify(src/acoustic_decoy_gazebo) by extension 'ignore_ament_install'
[0.082s] Level 1:colcon.colcon_core.package_identification:_identify(src/acoustic_decoy_gazebo) by extensions ['colcon_pkg']
[0.082s] Level 1:colcon.colcon_core.package_identification:_identify(src/acoustic_decoy_gazebo) by extension 'colcon_pkg'
[0.082s] Level 1:colcon.colcon_core.package_identification:_identify(src/acoustic_decoy_gazebo) by extensions ['colcon_meta']
[0.082s] Level 1:colcon.colcon_core.package_identification:_identify(src/acoustic_decoy_gazebo) by extension 'colcon_meta'
[0.082s] Level 1:colcon.colcon_core.package_identification:_identify(src/acoustic_decoy_gazebo) by extensions ['ros']
[0.082s] Level 1:colcon.colcon_core.package_identification:_identify(src/acoustic_decoy_gazebo) by extension 'ros'
[0.082s] DEBUG:colcon.colcon_core.package_identification:Package 'src/acoustic_decoy_gazebo' with type 'ros.ament_cmake' and name 'acoustic_decoy_gazebo'
[0.082s] Level 1:colcon.colcon_core.package_identification:_identify(src/acoustic_decoy_starts) by extensions ['ignore', 'ignore_ament_install']
[0.082s] Level 1:colcon.colcon_core.package_identification:_identify(src/acoustic_decoy_starts) by extension 'ignore'
[0.082s] Level 1:colcon.colcon_core.package_identification:_identify(src/acoustic_decoy_starts) by extension 'ignore_ament_install'
[0.082s] Level 1:colcon.colcon_core.package_identification:_identify(src/acoustic_decoy_starts) by extensions ['colcon_pkg']
[0.082s] Level 1:colcon.colcon_core.package_identification:_identify(src/acoustic_decoy_starts) by extension 'colcon_pkg'
[0.082s] Level 1:colcon.colcon_core.package_identification:_identify(src/acoustic_decoy_starts) by extensions ['colcon_meta']
[0.082s] Level 1:colcon.colcon_core.package_identification:_identify(src/acoustic_decoy_starts) by extension 'colcon_meta'
[0.083s] Level 1:colcon.colcon_core.package_identification:_identify(src/acoustic_decoy_starts) by extensions ['ros']
[0.083s] Level 1:colcon.colcon_core.package_identification:_identify(src/acoustic_decoy_starts) by extension 'ros'
[0.083s] DEBUG:colcon.colcon_core.package_identification:Package 'src/acoustic_decoy_starts' with type 'ros.ament_cmake' and name 'acoustic_decoy_starts'
[0.083s] Level 1:colcon.colcon_core.package_discovery:discover_packages(recursive) using defaults
[0.083s] Level 1:colcon.colcon_core.package_discovery:discover_packages(ignore) discover
[0.083s] Level 1:colcon.colcon_core.package_discovery:discover_packages(ignore) using defaults
[0.083s] Level 1:colcon.colcon_core.package_discovery:discover_packages(path) discover
[0.083s] Level 1:colcon.colcon_core.package_discovery:discover_packages(path) using defaults
[0.091s] Level 1:colcon.colcon_core.package_discovery:discover_packages(prefix_path) check parameters
[0.091s] Level 1:colcon.colcon_core.package_discovery:discover_packages(prefix_path) discover
[0.092s] WARNING:colcon.colcon_ros.prefix_path.ament:The path '/home/zyshin3/gazebo_maritime/Acoustic_decoy_ws/install/ros_gz_example_bringup' in the environment variable AMENT_PREFIX_PATH doesn't exist
[0.092s] WARNING:colcon.colcon_ros.prefix_path.ament:The path '/home/zyshin3/gazebo_maritime/Acoustic_decoy_ws/install/ros_gz_example_gazebo' in the environment variable AMENT_PREFIX_PATH doesn't exist
[0.092s] WARNING:colcon.colcon_ros.prefix_path.ament:The path '/home/zyshin3/gazebo_maritime/Acoustic_decoy_ws/install/ros_gz_example_description' in the environment variable AMENT_PREFIX_PATH doesn't exist
[0.092s] WARNING:colcon.colcon_ros.prefix_path.ament:The path '/home/zyshin3/gazebo_maritime/Acoustic_decoy_ws/install/ros_gz_example_application' in the environment variable AMENT_PREFIX_PATH doesn't exist
[0.092s] WARNING:colcon.colcon_ros.prefix_path.catkin:The path '/home/zyshin3/gazebo_maritime/Acoustic_decoy_ws/install/ros_gz_example_bringup' in the environment variable CMAKE_PREFIX_PATH doesn't exist
[0.092s] WARNING:colcon.colcon_ros.prefix_path.catkin:The path '/home/zyshin3/gazebo_maritime/Acoustic_decoy_ws/install/ros_gz_example_gazebo' in the environment variable CMAKE_PREFIX_PATH doesn't exist
[0.092s] WARNING:colcon.colcon_ros.prefix_path.catkin:The path '/home/zyshin3/gazebo_maritime/Acoustic_decoy_ws/install/ros_gz_example_description' in the environment variable CMAKE_PREFIX_PATH doesn't exist
[0.092s] WARNING:colcon.colcon_ros.prefix_path.catkin:The path '/home/zyshin3/gazebo_maritime/Acoustic_decoy_ws/install/ros_gz_example_application' in the environment variable CMAKE_PREFIX_PATH doesn't exist
[0.092s] DEBUG:colcon.colcon_installed_package_information.package_discovery:Found 4 installed packages in /home/zyshin3/gazebo_maritime/Acoustic_decoy_ws/install
[0.093s] DEBUG:colcon.colcon_installed_package_information.package_discovery:Found 367 installed packages in /opt/ros/jazzy
[0.093s] Level 1:colcon.colcon_core.package_discovery:discover_packages(prefix_path) using defaults
[0.117s] Level 5:colcon.colcon_core.verb:set package 'acoustic_decoy_controls' build argument 'cmake_args' from command line to 'None'
[0.117s] Level 5:colcon.colcon_core.verb:set package 'acoustic_decoy_controls' build argument 'cmake_target' from command line to 'None'
[0.117s] Level 5:colcon.colcon_core.verb:set package 'acoustic_decoy_controls' build argument 'cmake_target_skip_unavailable' from command line to 'False'
[0.117s] Level 5:colcon.colcon_core.verb:set package 'acoustic_decoy_controls' build argument 'cmake_clean_cache' from command line to 'False'
[0.117s] Level 5:colcon.colcon_core.verb:set package 'acoustic_decoy_controls' build argument 'cmake_clean_first' from command line to 'False'
[0.117s] Level 5:colcon.colcon_core.verb:set package 'acoustic_decoy_controls' build argument 'cmake_force_configure' from command line to 'False'
[0.117s] Level 5:colcon.colcon_core.verb:set package 'acoustic_decoy_controls' build argument 'ament_cmake_args' from command line to 'None'
[0.117s] Level 5:colcon.colcon_core.verb:set package 'acoustic_decoy_controls' build argument 'catkin_cmake_args' from command line to 'None'
[0.117s] Level 5:colcon.colcon_core.verb:set package 'acoustic_decoy_controls' build argument 'catkin_skip_building_tests' from command line to 'False'
[0.118s] DEBUG:colcon.colcon_core.verb:Building package 'acoustic_decoy_controls' with the following arguments: {'ament_cmake_args': None, 'build_base': '/home/zyshin3/gazebo_maritime/Acoustic_decoy_ws/build/acoustic_decoy_controls', 'catkin_cmake_args': None, 'catkin_skip_building_tests': False, 'cmake_args': None, 'cmake_clean_cache': False, 'cmake_clean_first': False, 'cmake_force_configure': False, 'cmake_target': None, 'cmake_target_skip_unavailable': False, 'install_base': '/home/zyshin3/gazebo_maritime/Acoustic_decoy_ws/install/acoustic_decoy_controls', 'merge_install': False, 'path': '/home/zyshin3/gazebo_maritime/Acoustic_decoy_ws/src/acoustic_decoy_controls', 'symlink_install': False, 'test_result_base': None}
[0.118s] Level 5:colcon.colcon_core.verb:set package 'acoustic_decoy_descriptions' build argument 'cmake_args' from command line to 'None'
[0.118s] Level 5:colcon.colcon_core.verb:set package 'acoustic_decoy_descriptions' build argument 'cmake_target' from command line to 'None'
[0.118s] Level 5:colcon.colcon_core.verb:set package 'acoustic_decoy_descriptions' build argument 'cmake_target_skip_unavailable' from command line to 'False'
[0.118s] Level 5:colcon.colcon_core.verb:set package 'acoustic_decoy_descriptions' build argument 'cmake_clean_cache' from command line to 'False'
[0.118s] Level 5:colcon.colcon_core.verb:set package 'acoustic_decoy_descriptions' build argument 'cmake_clean_first' from command line to 'False'
[0.118s] Level 5:colcon.colcon_core.verb:set package 'acoustic_decoy_descriptions' build argument 'cmake_force_configure' from command line to 'False'
[0.118s] Level 5:colcon.colcon_core.verb:set package 'acoustic_decoy_descriptions' build argument 'ament_cmake_args' from command line to 'None'
[0.118s] Level 5:colcon.colcon_core.verb:set package 'acoustic_decoy_descriptions' build argument 'catkin_cmake_args' from command line to 'None'
[0.118s] Level 5:colcon.colcon_core.verb:set package 'acoustic_decoy_descriptions' build argument 'catkin_skip_building_tests' from command line to 'False'
[0.118s] DEBUG:colcon.colcon_core.verb:Building package 'acoustic_decoy_descriptions' with the following arguments: {'ament_cmake_args': None, 'build_base': '/home/zyshin3/gazebo_maritime/Acoustic_decoy_ws/build/acoustic_decoy_descriptions', 'catkin_cmake_args': None, 'catkin_skip_building_tests': False, 'cmake_args': None, 'cmake_clean_cache': False, 'cmake_clean_first': False, 'cmake_force_configure': False, 'cmake_target': None, 'cmake_target_skip_unavailable': False, 'install_base': '/home/zyshin3/gazebo_maritime/Acoustic_decoy_ws/install/acoustic_decoy_descriptions', 'merge_install': False, 'path': '/home/zyshin3/gazebo_maritime/Acoustic_decoy_ws/src/acoustic_decoy_descriptions', 'symlink_install': False, 'test_result_base': None}
[0.118s] Level 5:colcon.colcon_core.verb:set package 'acoustic_decoy_gazebo' build argument 'cmake_args' from command line to 'None'
[0.118s] Level 5:colcon.colcon_core.verb:set package 'acoustic_decoy_gazebo' build argument 'cmake_target' from command line to 'None'
[0.118s] Level 5:colcon.colcon_core.verb:set package 'acoustic_decoy_gazebo' build argument 'cmake_target_skip_unavailable' from command line to 'False'
[0.118s] Level 5:colcon.colcon_core.verb:set package 'acoustic_decoy_gazebo' build argument 'cmake_clean_cache' from command line to 'False'
[0.118s] Level 5:colcon.colcon_core.verb:set package 'acoustic_decoy_gazebo' build argument 'cmake_clean_first' from command line to 'False'
[0.118s] Level 5:colcon.colcon_core.verb:set package 'acoustic_decoy_gazebo' build argument 'cmake_force_configure' from command line to 'False'
[0.118s] Level 5:colcon.colcon_core.verb:set package 'acoustic_decoy_gazebo' build argument 'ament_cmake_args' from command line to 'None'
[0.118s] Level 5:colcon.colcon_core.verb:set package 'acoustic_decoy_gazebo' build argument 'catkin_cmake_args' from command line to 'None'
[0.118s] Level 5:colcon.colcon_core.verb:set package 'acoustic_decoy_gazebo' build argument 'catkin_skip_building_tests' from command line to 'False'
[0.118s] DEBUG:colcon.colcon_core.verb:Building package 'acoustic_decoy_gazebo' with the following arguments: {'ament_cmake_args': None, 'build_base': '/home/zyshin3/gazebo_maritime/Acoustic_decoy_ws/build/acoustic_decoy_gazebo', 'catkin_cmake_args': None, 'catkin_skip_building_tests': False, 'cmake_args': None, 'cmake_clean_cache': False, 'cmake_clean_first': False, 'cmake_force_configure': False, 'cmake_target': None, 'cmake_target_skip_unavailable': False, 'install_base': '/home/zyshin3/gazebo_maritime/Acoustic_decoy_ws/install/acoustic_decoy_gazebo', 'merge_install': False, 'path': '/home/zyshin3/gazebo_maritime/Acoustic_decoy_ws/src/acoustic_decoy_gazebo', 'symlink_install': False, 'test_result_base': None}
[0.118s] Level 5:colcon.colcon_core.verb:set package 'acoustic_decoy_starts' build argument 'cmake_args' from command line to 'None'
[0.118s] Level 5:colcon.colcon_core.verb:set package 'acoustic_decoy_starts' build argument 'cmake_target' from command line to 'None'
[0.118s] Level 5:colcon.colcon_core.verb:set package 'acoustic_decoy_starts' build argument 'cmake_target_skip_unavailable' from command line to 'False'
[0.118s] Level 5:colcon.colcon_core.verb:set package 'acoustic_decoy_starts' build argument 'cmake_clean_cache' from command line to 'False'
[0.118s] Level 5:colcon.colcon_core.verb:set package 'acoustic_decoy_starts' build argument 'cmake_clean_first' from command line to 'False'
[0.118s] Level 5:colcon.colcon_core.verb:set package 'acoustic_decoy_starts' build argument 'cmake_force_configure' from command line to 'False'
[0.118s] Level 5:colcon.colcon_core.verb:set package 'acoustic_decoy_starts' build argument 'ament_cmake_args' from command line to 'None'
[0.118s] Level 5:colcon.colcon_core.verb:set package 'acoustic_decoy_starts' build argument 'catkin_cmake_args' from command line to 'None'
[0.118s] Level 5:colcon.colcon_core.verb:set package 'acoustic_decoy_starts' build argument 'catkin_skip_building_tests' from command line to 'False'
[0.118s] DEBUG:colcon.colcon_core.verb:Building package 'acoustic_decoy_starts' with the following arguments: {'ament_cmake_args': None, 'build_base': '/home/zyshin3/gazebo_maritime/Acoustic_decoy_ws/build/acoustic_decoy_starts', 'catkin_cmake_args': None, 'catkin_skip_building_tests': False, 'cmake_args': None, 'cmake_clean_cache': False, 'cmake_clean_first': False, 'cmake_force_configure': False, 'cmake_target': None, 'cmake_target_skip_unavailable': False, 'install_base': '/home/zyshin3/gazebo_maritime/Acoustic_decoy_ws/install/acoustic_decoy_starts', 'merge_install': False, 'path': '/home/zyshin3/gazebo_maritime/Acoustic_decoy_ws/src/acoustic_decoy_starts', 'symlink_install': False, 'test_result_base': None}
[0.118s] INFO:colcon.colcon_core.executor:Executing jobs using 'parallel' executor
[0.119s] DEBUG:colcon.colcon_parallel_executor.executor.parallel:run_until_complete
[0.119s] INFO:colcon.colcon_ros.task.ament_cmake.build:Building ROS package in '/home/zyshin3/gazebo_maritime/Acoustic_decoy_ws/src/acoustic_decoy_descriptions' with build type 'ament_cmake'
[0.119s] INFO:colcon.colcon_cmake.task.cmake.build:Building CMake package in '/home/zyshin3/gazebo_maritime/Acoustic_decoy_ws/src/acoustic_decoy_descriptions'
[0.120s] INFO:colcon.colcon_core.plugin_system:Skipping extension 'colcon_core.shell.bat': Not used on non-Windows systems
[0.120s] INFO:colcon.colcon_core.shell:Skip shell extension 'powershell' for command environment: Not usable outside of PowerShell
[0.120s] DEBUG:colcon.colcon_core.shell:Skip shell extension 'dsv' for command environment
[0.122s] INFO:colcon.colcon_ros.task.ament_cmake.build:Building ROS package in '/home/zyshin3/gazebo_maritime/Acoustic_decoy_ws/src/acoustic_decoy_controls' with build type 'ament_cmake'
[0.122s] INFO:colcon.colcon_cmake.task.cmake.build:Building CMake package in '/home/zyshin3/gazebo_maritime/Acoustic_decoy_ws/src/acoustic_decoy_controls'
[0.122s] INFO:colcon.colcon_core.shell:Skip shell extension 'powershell' for command environment: Not usable outside of PowerShell
[0.122s] DEBUG:colcon.colcon_core.shell:Skip shell extension 'dsv' for command environment
[0.126s] DEBUG:colcon.colcon_core.event_handler.log_command:Invoking command in '/home/zyshin3/gazebo_maritime/Acoustic_decoy_ws/build/acoustic_decoy_descriptions': CMAKE_PREFIX_PATH=${CMAKE_PREFIX_PATH}:/opt/ros/jazzy /usr/bin/cmake --build /home/zyshin3/gazebo_maritime/Acoustic_decoy_ws/build/acoustic_decoy_descriptions -- -j20 -l20
[0.127s] DEBUG:colcon.colcon_core.event_handler.log_command:Invoking command in '/home/zyshin3/gazebo_maritime/Acoustic_decoy_ws/build/acoustic_decoy_controls': CMAKE_PREFIX_PATH=${CMAKE_PREFIX_PATH}:/opt/ros/jazzy /usr/bin/cmake --build /home/zyshin3/gazebo_maritime/Acoustic_decoy_ws/build/acoustic_decoy_controls -- -j20 -l20
[0.147s] DEBUG:colcon.colcon_core.event_handler.log_command:Invoked command in '/home/zyshin3/gazebo_maritime/Acoustic_decoy_ws/build/acoustic_decoy_descriptions' returned '0': CMAKE_PREFIX_PATH=${CMAKE_PREFIX_PATH}:/opt/ros/jazzy /usr/bin/cmake --build /home/zyshin3/gazebo_maritime/Acoustic_decoy_ws/build/acoustic_decoy_descriptions -- -j20 -l20
[0.154s] DEBUG:colcon.colcon_core.event_handler.log_command:Invoking command in '/home/zyshin3/gazebo_maritime/Acoustic_decoy_ws/build/acoustic_decoy_descriptions': CMAKE_PREFIX_PATH=${CMAKE_PREFIX_PATH}:/opt/ros/jazzy /usr/bin/cmake --install /home/zyshin3/gazebo_maritime/Acoustic_decoy_ws/build/acoustic_decoy_descriptions
[0.155s] DEBUG:colcon.colcon_core.event_handler.log_command:Invoked command in '/home/zyshin3/gazebo_maritime/Acoustic_decoy_ws/build/acoustic_decoy_controls' returned '0': CMAKE_PREFIX_PATH=${CMAKE_PREFIX_PATH}:/opt/ros/jazzy /usr/bin/cmake --build /home/zyshin3/gazebo_maritime/Acoustic_decoy_ws/build/acoustic_decoy_controls -- -j20 -l20
[0.155s] DEBUG:colcon.colcon_core.event_handler.log_command:Invoking command in '/home/zyshin3/gazebo_maritime/Acoustic_decoy_ws/build/acoustic_decoy_controls': CMAKE_PREFIX_PATH=${CMAKE_PREFIX_PATH}:/opt/ros/jazzy /usr/bin/cmake --install /home/zyshin3/gazebo_maritime/Acoustic_decoy_ws/build/acoustic_decoy_controls
[0.161s] Level 1:colcon.colcon_core.environment:create_environment_scripts_only(acoustic_decoy_descriptions)
[0.161s] DEBUG:colcon.colcon_core.event_handler.log_command:Invoked command in '/home/zyshin3/gazebo_maritime/Acoustic_decoy_ws/build/acoustic_decoy_descriptions' returned '0': CMAKE_PREFIX_PATH=${CMAKE_PREFIX_PATH}:/opt/ros/jazzy /usr/bin/cmake --install /home/zyshin3/gazebo_maritime/Acoustic_decoy_ws/build/acoustic_decoy_descriptions
[0.163s] Level 1:colcon.colcon_core.environment:checking '/home/zyshin3/gazebo_maritime/Acoustic_decoy_ws/install/acoustic_decoy_descriptions' for CMake module files
[0.163s] Level 1:colcon.colcon_core.environment:checking '/home/zyshin3/gazebo_maritime/Acoustic_decoy_ws/install/acoustic_decoy_descriptions' for CMake config files
[0.163s] Level 1:colcon.colcon_core.shell:create_environment_hook('acoustic_decoy_descriptions', 'cmake_prefix_path')
[0.164s] INFO:colcon.colcon_core.shell:Creating environment hook '/home/zyshin3/gazebo_maritime/Acoustic_decoy_ws/install/acoustic_decoy_descriptions/share/acoustic_decoy_descriptions/hook/cmake_prefix_path.ps1'
[0.164s] INFO:colcon.colcon_core.shell:Creating environment descriptor '/home/zyshin3/gazebo_maritime/Acoustic_decoy_ws/install/acoustic_decoy_descriptions/share/acoustic_decoy_descriptions/hook/cmake_prefix_path.dsv'
[0.164s] INFO:colcon.colcon_core.shell:Creating environment hook '/home/zyshin3/gazebo_maritime/Acoustic_decoy_ws/install/acoustic_decoy_descriptions/share/acoustic_decoy_descriptions/hook/cmake_prefix_path.sh'
[0.164s] Level 1:colcon.colcon_core.environment:checking '/home/zyshin3/gazebo_maritime/Acoustic_decoy_ws/install/acoustic_decoy_descriptions/bin'
[0.164s] Level 1:colcon.colcon_core.environment:checking '/home/zyshin3/gazebo_maritime/Acoustic_decoy_ws/install/acoustic_decoy_descriptions/lib/pkgconfig/acoustic_decoy_descriptions.pc'
[0.164s] Level 1:colcon.colcon_core.environment:checking '/home/zyshin3/gazebo_maritime/Acoustic_decoy_ws/install/acoustic_decoy_descriptions/lib/python3.12/site-packages'
[0.164s] Level 1:colcon.colcon_core.environment:checking '/home/zyshin3/gazebo_maritime/Acoustic_decoy_ws/install/acoustic_decoy_descriptions/bin'
[0.165s] INFO:colcon.colcon_core.shell:Creating package script '/home/zyshin3/gazebo_maritime/Acoustic_decoy_ws/install/acoustic_decoy_descriptions/share/acoustic_decoy_descriptions/package.ps1'
[0.165s] INFO:colcon.colcon_core.shell:Creating package descriptor '/home/zyshin3/gazebo_maritime/Acoustic_decoy_ws/install/acoustic_decoy_descriptions/share/acoustic_decoy_descriptions/package.dsv'
[0.165s] INFO:colcon.colcon_core.shell:Creating package script '/home/zyshin3/gazebo_maritime/Acoustic_decoy_ws/install/acoustic_decoy_descriptions/share/acoustic_decoy_descriptions/package.sh'
[0.165s] INFO:colcon.colcon_core.shell:Creating package script '/home/zyshin3/gazebo_maritime/Acoustic_decoy_ws/install/acoustic_decoy_descriptions/share/acoustic_decoy_descriptions/package.bash'
[0.166s] INFO:colcon.colcon_core.shell:Creating package script '/home/zyshin3/gazebo_maritime/Acoustic_decoy_ws/install/acoustic_decoy_descriptions/share/acoustic_decoy_descriptions/package.zsh'
[0.166s] Level 1:colcon.colcon_core.environment:create_file_with_runtime_dependencies(/home/zyshin3/gazebo_maritime/Acoustic_decoy_ws/install/acoustic_decoy_descriptions/share/colcon-core/packages/acoustic_decoy_descriptions)
[0.166s] Level 1:colcon.colcon_core.environment:create_environment_scripts_only(acoustic_decoy_descriptions)
[0.166s] Level 1:colcon.colcon_core.environment:checking '/home/zyshin3/gazebo_maritime/Acoustic_decoy_ws/install/acoustic_decoy_descriptions' for CMake module files
[0.166s] Level 1:colcon.colcon_core.environment:checking '/home/zyshin3/gazebo_maritime/Acoustic_decoy_ws/install/acoustic_decoy_descriptions' for CMake config files
[0.166s] Level 1:colcon.colcon_core.shell:create_environment_hook('acoustic_decoy_descriptions', 'cmake_prefix_path')
[0.166s] INFO:colcon.colcon_core.shell:Creating environment hook '/home/zyshin3/gazebo_maritime/Acoustic_decoy_ws/install/acoustic_decoy_descriptions/share/acoustic_decoy_descriptions/hook/cmake_prefix_path.ps1'
[0.167s] INFO:colcon.colcon_core.shell:Creating environment descriptor '/home/zyshin3/gazebo_maritime/Acoustic_decoy_ws/install/acoustic_decoy_descriptions/share/acoustic_decoy_descriptions/hook/cmake_prefix_path.dsv'
[0.167s] INFO:colcon.colcon_core.shell:Creating environment hook '/home/zyshin3/gazebo_maritime/Acoustic_decoy_ws/install/acoustic_decoy_descriptions/share/acoustic_decoy_descriptions/hook/cmake_prefix_path.sh'
[0.167s] Level 1:colcon.colcon_core.environment:checking '/home/zyshin3/gazebo_maritime/Acoustic_decoy_ws/install/acoustic_decoy_descriptions/bin'
[0.167s] Level 1:colcon.colcon_core.environment:checking '/home/zyshin3/gazebo_maritime/Acoustic_decoy_ws/install/acoustic_decoy_descriptions/lib/pkgconfig/acoustic_decoy_descriptions.pc'
[0.167s] Level 1:colcon.colcon_core.environment:checking '/home/zyshin3/gazebo_maritime/Acoustic_decoy_ws/install/acoustic_decoy_descriptions/lib/python3.12/site-packages'
[0.167s] Level 1:colcon.colcon_core.environment:checking '/home/zyshin3/gazebo_maritime/Acoustic_decoy_ws/install/acoustic_decoy_descriptions/bin'
[0.167s] INFO:colcon.colcon_core.shell:Creating package script '/home/zyshin3/gazebo_maritime/Acoustic_decoy_ws/install/acoustic_decoy_descriptions/share/acoustic_decoy_descriptions/package.ps1'
[0.168s] INFO:colcon.colcon_core.shell:Creating package descriptor '/home/zyshin3/gazebo_maritime/Acoustic_decoy_ws/install/acoustic_decoy_descriptions/share/acoustic_decoy_descriptions/package.dsv'
[0.168s] INFO:colcon.colcon_core.shell:Creating package script '/home/zyshin3/gazebo_maritime/Acoustic_decoy_ws/install/acoustic_decoy_descriptions/share/acoustic_decoy_descriptions/package.sh'
[0.168s] INFO:colcon.colcon_core.shell:Creating package script '/home/zyshin3/gazebo_maritime/Acoustic_decoy_ws/install/acoustic_decoy_descriptions/share/acoustic_decoy_descriptions/package.bash'
[0.168s] INFO:colcon.colcon_core.shell:Creating package script '/home/zyshin3/gazebo_maritime/Acoustic_decoy_ws/install/acoustic_decoy_descriptions/share/acoustic_decoy_descriptions/package.zsh'
[0.168s] Level 1:colcon.colcon_core.environment:create_file_with_runtime_dependencies(/home/zyshin3/gazebo_maritime/Acoustic_decoy_ws/install/acoustic_decoy_descriptions/share/colcon-core/packages/acoustic_decoy_descriptions)
[0.169s] INFO:colcon.colcon_ros.task.ament_cmake.build:Building ROS package in '/home/zyshin3/gazebo_maritime/Acoustic_decoy_ws/src/acoustic_decoy_gazebo' with build type 'ament_cmake'
[0.169s] INFO:colcon.colcon_cmake.task.cmake.build:Building CMake package in '/home/zyshin3/gazebo_maritime/Acoustic_decoy_ws/src/acoustic_decoy_gazebo'
[0.169s] INFO:colcon.colcon_core.shell:Skip shell extension 'powershell' for command environment: Not usable outside of PowerShell
[0.169s] DEBUG:colcon.colcon_core.shell:Skip shell extension 'dsv' for command environment
[0.171s] Level 1:colcon.colcon_core.environment:create_environment_scripts_only(acoustic_decoy_controls)
[0.171s] Level 1:colcon.colcon_core.environment:checking '/home/zyshin3/gazebo_maritime/Acoustic_decoy_ws/install/acoustic_decoy_controls' for CMake module files
[0.171s] DEBUG:colcon.colcon_core.event_handler.log_command:Invoked command in '/home/zyshin3/gazebo_maritime/Acoustic_decoy_ws/build/acoustic_decoy_controls' returned '0': CMAKE_PREFIX_PATH=${CMAKE_PREFIX_PATH}:/opt/ros/jazzy /usr/bin/cmake --install /home/zyshin3/gazebo_maritime/Acoustic_decoy_ws/build/acoustic_decoy_controls
[0.172s] Level 1:colcon.colcon_core.environment:checking '/home/zyshin3/gazebo_maritime/Acoustic_decoy_ws/install/acoustic_decoy_controls' for CMake config files
[0.172s] Level 1:colcon.colcon_core.shell:create_environment_hook('acoustic_decoy_controls', 'cmake_prefix_path')
[0.172s] INFO:colcon.colcon_core.shell:Creating environment hook '/home/zyshin3/gazebo_maritime/Acoustic_decoy_ws/install/acoustic_decoy_controls/share/acoustic_decoy_controls/hook/cmake_prefix_path.ps1'
[0.172s] INFO:colcon.colcon_core.shell:Creating environment descriptor '/home/zyshin3/gazebo_maritime/Acoustic_decoy_ws/install/acoustic_decoy_controls/share/acoustic_decoy_controls/hook/cmake_prefix_path.dsv'
[0.172s] INFO:colcon.colcon_core.shell:Creating environment hook '/home/zyshin3/gazebo_maritime/Acoustic_decoy_ws/install/acoustic_decoy_controls/share/acoustic_decoy_controls/hook/cmake_prefix_path.sh'
[0.172s] Level 1:colcon.colcon_core.environment:checking '/home/zyshin3/gazebo_maritime/Acoustic_decoy_ws/install/acoustic_decoy_controls/bin'
[0.172s] Level 1:colcon.colcon_core.environment:checking '/home/zyshin3/gazebo_maritime/Acoustic_decoy_ws/install/acoustic_decoy_controls/lib/pkgconfig/acoustic_decoy_controls.pc'
[0.173s] Level 1:colcon.colcon_core.environment:checking '/home/zyshin3/gazebo_maritime/Acoustic_decoy_ws/install/acoustic_decoy_controls/lib/python3.12/site-packages'
[0.173s] Level 1:colcon.colcon_core.environment:checking '/home/zyshin3/gazebo_maritime/Acoustic_decoy_ws/install/acoustic_decoy_controls/bin'
[0.173s] INFO:colcon.colcon_core.shell:Creating package script '/home/zyshin3/gazebo_maritime/Acoustic_decoy_ws/install/acoustic_decoy_controls/share/acoustic_decoy_controls/package.ps1'
[0.173s] INFO:colcon.colcon_core.shell:Creating package descriptor '/home/zyshin3/gazebo_maritime/Acoustic_decoy_ws/install/acoustic_decoy_controls/share/acoustic_decoy_controls/package.dsv'
[0.173s] INFO:colcon.colcon_core.shell:Creating package script '/home/zyshin3/gazebo_maritime/Acoustic_decoy_ws/install/acoustic_decoy_controls/share/acoustic_decoy_controls/package.sh'
[0.173s] INFO:colcon.colcon_core.shell:Creating package script '/home/zyshin3/gazebo_maritime/Acoustic_decoy_ws/install/acoustic_decoy_controls/share/acoustic_decoy_controls/package.bash'
[0.174s] INFO:colcon.colcon_core.shell:Creating package script '/home/zyshin3/gazebo_maritime/Acoustic_decoy_ws/install/acoustic_decoy_controls/share/acoustic_decoy_controls/package.zsh'
[0.174s] Level 1:colcon.colcon_core.environment:create_file_with_runtime_dependencies(/home/zyshin3/gazebo_maritime/Acoustic_decoy_ws/install/acoustic_decoy_controls/share/colcon-core/packages/acoustic_decoy_controls)
[0.174s] Level 1:colcon.colcon_core.environment:create_environment_scripts_only(acoustic_decoy_controls)
[0.174s] Level 1:colcon.colcon_core.environment:checking '/home/zyshin3/gazebo_maritime/Acoustic_decoy_ws/install/acoustic_decoy_controls' for CMake module files
[0.174s] Level 1:colcon.colcon_core.environment:checking '/home/zyshin3/gazebo_maritime/Acoustic_decoy_ws/install/acoustic_decoy_controls' for CMake config files
[0.174s] Level 1:colcon.colcon_core.shell:create_environment_hook('acoustic_decoy_controls', 'cmake_prefix_path')
[0.175s] INFO:colcon.colcon_core.shell:Creating environment hook '/home/zyshin3/gazebo_maritime/Acoustic_decoy_ws/install/acoustic_decoy_controls/share/acoustic_decoy_controls/hook/cmake_prefix_path.ps1'
[0.175s] INFO:colcon.colcon_core.shell:Creating environment descriptor '/home/zyshin3/gazebo_maritime/Acoustic_decoy_ws/install/acoustic_decoy_controls/share/acoustic_decoy_controls/hook/cmake_prefix_path.dsv'
[0.175s] INFO:colcon.colcon_core.shell:Creating environment hook '/home/zyshin3/gazebo_maritime/Acoustic_decoy_ws/install/acoustic_decoy_controls/share/acoustic_decoy_controls/hook/cmake_prefix_path.sh'
[0.175s] Level 1:colcon.colcon_core.environment:checking '/home/zyshin3/gazebo_maritime/Acoustic_decoy_ws/install/acoustic_decoy_controls/bin'
[0.175s] Level 1:colcon.colcon_core.environment:checking '/home/zyshin3/gazebo_maritime/Acoustic_decoy_ws/install/acoustic_decoy_controls/lib/pkgconfig/acoustic_decoy_controls.pc'
[0.176s] Level 1:colcon.colcon_core.environment:checking '/home/zyshin3/gazebo_maritime/Acoustic_decoy_ws/install/acoustic_decoy_controls/lib/python3.12/site-packages'
[0.176s] Level 1:colcon.colcon_core.environment:checking '/home/zyshin3/gazebo_maritime/Acoustic_decoy_ws/install/acoustic_decoy_controls/bin'
[0.176s] INFO:colcon.colcon_core.shell:Creating package script '/home/zyshin3/gazebo_maritime/Acoustic_decoy_ws/install/acoustic_decoy_controls/share/acoustic_decoy_controls/package.ps1'
[0.176s] INFO:colcon.colcon_core.shell:Creating package descriptor '/home/zyshin3/gazebo_maritime/Acoustic_decoy_ws/install/acoustic_decoy_controls/share/acoustic_decoy_controls/package.dsv'
[0.176s] INFO:colcon.colcon_core.shell:Creating package script '/home/zyshin3/gazebo_maritime/Acoustic_decoy_ws/install/acoustic_decoy_controls/share/acoustic_decoy_controls/package.sh'
[0.177s] INFO:colcon.colcon_core.shell:Creating package script '/home/zyshin3/gazebo_maritime/Acoustic_decoy_ws/install/acoustic_decoy_controls/share/acoustic_decoy_controls/package.bash'
[0.177s] INFO:colcon.colcon_core.shell:Creating package script '/home/zyshin3/gazebo_maritime/Acoustic_decoy_ws/install/acoustic_decoy_controls/share/acoustic_decoy_controls/package.zsh'
[0.177s] Level 1:colcon.colcon_core.environment:create_file_with_runtime_dependencies(/home/zyshin3/gazebo_maritime/Acoustic_decoy_ws/install/acoustic_decoy_controls/share/colcon-core/packages/acoustic_decoy_controls)
[0.179s] DEBUG:colcon.colcon_core.event_handler.log_command:Invoking command in '/home/zyshin3/gazebo_maritime/Acoustic_decoy_ws/build/acoustic_decoy_gazebo': CMAKE_PREFIX_PATH=/home/zyshin3/gazebo_maritime/Acoustic_decoy_ws/install/acoustic_decoy_descriptions:/home/zyshin3/gazebo_maritime/Acoustic_decoy_ws/install/acoustic_decoy_starts:/home/zyshin3/gazebo_maritime/Acoustic_decoy_ws/install/acoustic_decoy_gazebo:/home/zyshin3/gazebo_maritime/Acoustic_decoy_ws/install/acoustic_decoy_controls:/home/zyshin3/gazebo_maritime/Acoustic_decoy_ws/install/ros_gz_example_bringup:/home/zyshin3/gazebo_maritime/Acoustic_decoy_ws/install/ros_gz_example_gazebo:/home/zyshin3/gazebo_maritime/Acoustic_decoy_ws/install/ros_gz_example_description:/home/zyshin3/gazebo_maritime/Acoustic_decoy_ws/install/ros_gz_example_application:/opt/ros/jazzy/opt/gz_sim_vendor:/opt/ros/jazzy/opt/gz_sensors_vendor:/opt/ros/jazzy/opt/gz_physics_vendor:/opt/ros/jazzy/opt/sdformat_vendor:/opt/ros/jazzy/opt/gz_gui_vendor:/opt/ros/jazzy/opt/gz_transport_vendor:/opt/ros/jazzy/opt/gz_rendering_vendor:/opt/ros/jazzy/opt/gz_plugin_vendor:/opt/ros/jazzy/opt/gz_fuel_tools_vendor:/opt/ros/jazzy/opt/gz_msgs_vendor:/opt/ros/jazzy/opt/gz_common_vendor:/opt/ros/jazzy/opt/gz_math_vendor:/opt/ros/jazzy/opt/gz_utils_vendor:/opt/ros/jazzy/opt/gz_tools_vendor:/opt/ros/jazzy/opt/gz_ogre_next_vendor:/opt/ros/jazzy/opt/gz_dartsim_vendor:/opt/ros/jazzy/opt/gz_cmake_vendor:/opt/ros/jazzy GZ_SIM_RESOURCE_PATH=/home/zyshin3/gazebo_maritime/Acoustic_decoy_ws/install/acoustic_decoy_descriptions/share/acoustic_decoy_descriptions/models:${GZ_SIM_RESOURCE_PATH} /usr/bin/cmake --build /home/zyshin3/gazebo_maritime/Acoustic_decoy_ws/build/acoustic_decoy_gazebo -- -j20 -l20
[0.252s] DEBUG:colcon.colcon_core.event_handler.log_command:Invoked command in '/home/zyshin3/gazebo_maritime/Acoustic_decoy_ws/build/acoustic_decoy_gazebo' returned '0': CMAKE_PREFIX_PATH=/home/zyshin3/gazebo_maritime/Acoustic_decoy_ws/install/acoustic_decoy_descriptions:/home/zyshin3/gazebo_maritime/Acoustic_decoy_ws/install/acoustic_decoy_starts:/home/zyshin3/gazebo_maritime/Acoustic_decoy_ws/install/acoustic_decoy_gazebo:/home/zyshin3/gazebo_maritime/Acoustic_decoy_ws/install/acoustic_decoy_controls:/home/zyshin3/gazebo_maritime/Acoustic_decoy_ws/install/ros_gz_example_bringup:/home/zyshin3/gazebo_maritime/Acoustic_decoy_ws/install/ros_gz_example_gazebo:/home/zyshin3/gazebo_maritime/Acoustic_decoy_ws/install/ros_gz_example_description:/home/zyshin3/gazebo_maritime/Acoustic_decoy_ws/install/ros_gz_example_application:/opt/ros/jazzy/opt/gz_sim_vendor:/opt/ros/jazzy/opt/gz_sensors_vendor:/opt/ros/jazzy/opt/gz_physics_vendor:/opt/ros/jazzy/opt/sdformat_vendor:/opt/ros/jazzy/opt/gz_gui_vendor:/opt/ros/jazzy/opt/gz_transport_vendor:/opt/ros/jazzy/opt/gz_rendering_vendor:/opt/ros/jazzy/opt/gz_plugin_vendor:/opt/ros/jazzy/opt/gz_fuel_tools_vendor:/opt/ros/jazzy/opt/gz_msgs_vendor:/opt/ros/jazzy/opt/gz_common_vendor:/opt/ros/jazzy/opt/gz_math_vendor:/opt/ros/jazzy/opt/gz_utils_vendor:/opt/ros/jazzy/opt/gz_tools_vendor:/opt/ros/jazzy/opt/gz_ogre_next_vendor:/opt/ros/jazzy/opt/gz_dartsim_vendor:/opt/ros/jazzy/opt/gz_cmake_vendor:/opt/ros/jazzy GZ_SIM_RESOURCE_PATH=/home/zyshin3/gazebo_maritime/Acoustic_decoy_ws/install/acoustic_decoy_descriptions/share/acoustic_decoy_descriptions/models:${GZ_SIM_RESOURCE_PATH} /usr/bin/cmake --build /home/zyshin3/gazebo_maritime/Acoustic_decoy_ws/build/acoustic_decoy_gazebo -- -j20 -l20
[0.254s] DEBUG:colcon.colcon_core.event_handler.log_command:Invoking command in '/home/zyshin3/gazebo_maritime/Acoustic_decoy_ws/build/acoustic_decoy_gazebo': CMAKE_PREFIX_PATH=/home/zyshin3/gazebo_maritime/Acoustic_decoy_ws/install/acoustic_decoy_descriptions:/home/zyshin3/gazebo_maritime/Acoustic_decoy_ws/install/acoustic_decoy_starts:/home/zyshin3/gazebo_maritime/Acoustic_decoy_ws/install/acoustic_decoy_gazebo:/home/zyshin3/gazebo_maritime/Acoustic_decoy_ws/install/acoustic_decoy_controls:/home/zyshin3/gazebo_maritime/Acoustic_decoy_ws/install/ros_gz_example_bringup:/home/zyshin3/gazebo_maritime/Acoustic_decoy_ws/install/ros_gz_example_gazebo:/home/zyshin3/gazebo_maritime/Acoustic_decoy_ws/install/ros_gz_example_description:/home/zyshin3/gazebo_maritime/Acoustic_decoy_ws/install/ros_gz_example_application:/opt/ros/jazzy/opt/gz_sim_vendor:/opt/ros/jazzy/opt/gz_sensors_vendor:/opt/ros/jazzy/opt/gz_physics_vendor:/opt/ros/jazzy/opt/sdformat_vendor:/opt/ros/jazzy/opt/gz_gui_vendor:/opt/ros/jazzy/opt/gz_transport_vendor:/opt/ros/jazzy/opt/gz_rendering_vendor:/opt/ros/jazzy/opt/gz_plugin_vendor:/opt/ros/jazzy/opt/gz_fuel_tools_vendor:/opt/ros/jazzy/opt/gz_msgs_vendor:/opt/ros/jazzy/opt/gz_common_vendor:/opt/ros/jazzy/opt/gz_math_vendor:/opt/ros/jazzy/opt/gz_utils_vendor:/opt/ros/jazzy/opt/gz_tools_vendor:/opt/ros/jazzy/opt/gz_ogre_next_vendor:/opt/ros/jazzy/opt/gz_dartsim_vendor:/opt/ros/jazzy/opt/gz_cmake_vendor:/opt/ros/jazzy GZ_SIM_RESOURCE_PATH=/home/zyshin3/gazebo_maritime/Acoustic_decoy_ws/install/acoustic_decoy_descriptions/share/acoustic_decoy_descriptions/models:${GZ_SIM_RESOURCE_PATH} /usr/bin/cmake --install /home/zyshin3/gazebo_maritime/Acoustic_decoy_ws/build/acoustic_decoy_gazebo
[0.263s] Level 1:colcon.colcon_core.environment:create_environment_scripts_only(acoustic_decoy_gazebo)
[0.263s] Level 1:colcon.colcon_core.environment:checking '/home/zyshin3/gazebo_maritime/Acoustic_decoy_ws/install/acoustic_decoy_gazebo' for CMake module files
[0.264s] DEBUG:colcon.colcon_core.event_handler.log_command:Invoked command in '/home/zyshin3/gazebo_maritime/Acoustic_decoy_ws/build/acoustic_decoy_gazebo' returned '0': CMAKE_PREFIX_PATH=/home/zyshin3/gazebo_maritime/Acoustic_decoy_ws/install/acoustic_decoy_descriptions:/home/zyshin3/gazebo_maritime/Acoustic_decoy_ws/install/acoustic_decoy_starts:/home/zyshin3/gazebo_maritime/Acoustic_decoy_ws/install/acoustic_decoy_gazebo:/home/zyshin3/gazebo_maritime/Acoustic_decoy_ws/install/acoustic_decoy_controls:/home/zyshin3/gazebo_maritime/Acoustic_decoy_ws/install/ros_gz_example_bringup:/home/zyshin3/gazebo_maritime/Acoustic_decoy_ws/install/ros_gz_example_gazebo:/home/zyshin3/gazebo_maritime/Acoustic_decoy_ws/install/ros_gz_example_description:/home/zyshin3/gazebo_maritime/Acoustic_decoy_ws/install/ros_gz_example_application:/opt/ros/jazzy/opt/gz_sim_vendor:/opt/ros/jazzy/opt/gz_sensors_vendor:/opt/ros/jazzy/opt/gz_physics_vendor:/opt/ros/jazzy/opt/sdformat_vendor:/opt/ros/jazzy/opt/gz_gui_vendor:/opt/ros/jazzy/opt/gz_transport_vendor:/opt/ros/jazzy/opt/gz_rendering_vendor:/opt/ros/jazzy/opt/gz_plugin_vendor:/opt/ros/jazzy/opt/gz_fuel_tools_vendor:/opt/ros/jazzy/opt/gz_msgs_vendor:/opt/ros/jazzy/opt/gz_common_vendor:/opt/ros/jazzy/opt/gz_math_vendor:/opt/ros/jazzy/opt/gz_utils_vendor:/opt/ros/jazzy/opt/gz_tools_vendor:/opt/ros/jazzy/opt/gz_ogre_next_vendor:/opt/ros/jazzy/opt/gz_dartsim_vendor:/opt/ros/jazzy/opt/gz_cmake_vendor:/opt/ros/jazzy GZ_SIM_RESOURCE_PATH=/home/zyshin3/gazebo_maritime/Acoustic_decoy_ws/install/acoustic_decoy_descriptions/share/acoustic_decoy_descriptions/models:${GZ_SIM_RESOURCE_PATH} /usr/bin/cmake --install /home/zyshin3/gazebo_maritime/Acoustic_decoy_ws/build/acoustic_decoy_gazebo
[0.264s] Level 1:colcon.colcon_core.environment:checking '/home/zyshin3/gazebo_maritime/Acoustic_decoy_ws/install/acoustic_decoy_gazebo' for CMake config files
[0.264s] Level 1:colcon.colcon_core.shell:create_environment_hook('acoustic_decoy_gazebo', 'cmake_prefix_path')
[0.264s] INFO:colcon.colcon_core.shell:Creating environment hook '/home/zyshin3/gazebo_maritime/Acoustic_decoy_ws/install/acoustic_decoy_gazebo/share/acoustic_decoy_gazebo/hook/cmake_prefix_path.ps1'
[0.264s] INFO:colcon.colcon_core.shell:Creating environment descriptor '/home/zyshin3/gazebo_maritime/Acoustic_decoy_ws/install/acoustic_decoy_gazebo/share/acoustic_decoy_gazebo/hook/cmake_prefix_path.dsv'
[0.264s] INFO:colcon.colcon_core.shell:Creating environment hook '/home/zyshin3/gazebo_maritime/Acoustic_decoy_ws/install/acoustic_decoy_gazebo/share/acoustic_decoy_gazebo/hook/cmake_prefix_path.sh'
[0.265s] Level 1:colcon.colcon_core.environment:checking '/home/zyshin3/gazebo_maritime/Acoustic_decoy_ws/install/acoustic_decoy_gazebo/lib'
[0.265s] Level 1:colcon.colcon_core.environment:checking '/home/zyshin3/gazebo_maritime/Acoustic_decoy_ws/install/acoustic_decoy_gazebo/bin'
[0.265s] Level 1:colcon.colcon_core.environment:checking '/home/zyshin3/gazebo_maritime/Acoustic_decoy_ws/install/acoustic_decoy_gazebo/lib/pkgconfig/acoustic_decoy_gazebo.pc'
[0.265s] Level 1:colcon.colcon_core.environment:checking '/home/zyshin3/gazebo_maritime/Acoustic_decoy_ws/install/acoustic_decoy_gazebo/lib/python3.12/site-packages'
[0.265s] Level 1:colcon.colcon_core.environment:checking '/home/zyshin3/gazebo_maritime/Acoustic_decoy_ws/install/acoustic_decoy_gazebo/bin'
[0.265s] INFO:colcon.colcon_core.shell:Creating package script '/home/zyshin3/gazebo_maritime/Acoustic_decoy_ws/install/acoustic_decoy_gazebo/share/acoustic_decoy_gazebo/package.ps1'
[0.265s] INFO:colcon.colcon_core.shell:Creating package descriptor '/home/zyshin3/gazebo_maritime/Acoustic_decoy_ws/install/acoustic_decoy_gazebo/share/acoustic_decoy_gazebo/package.dsv'
[0.265s] INFO:colcon.colcon_core.shell:Creating package script '/home/zyshin3/gazebo_maritime/Acoustic_decoy_ws/install/acoustic_decoy_gazebo/share/acoustic_decoy_gazebo/package.sh'
[0.265s] INFO:colcon.colcon_core.shell:Creating package script '/home/zyshin3/gazebo_maritime/Acoustic_decoy_ws/install/acoustic_decoy_gazebo/share/acoustic_decoy_gazebo/package.bash'
[0.266s] INFO:colcon.colcon_core.shell:Creating package script '/home/zyshin3/gazebo_maritime/Acoustic_decoy_ws/install/acoustic_decoy_gazebo/share/acoustic_decoy_gazebo/package.zsh'
[0.266s] Level 1:colcon.colcon_core.environment:create_file_with_runtime_dependencies(/home/zyshin3/gazebo_maritime/Acoustic_decoy_ws/install/acoustic_decoy_gazebo/share/colcon-core/packages/acoustic_decoy_gazebo)
[0.266s] Level 1:colcon.colcon_core.environment:create_environment_scripts_only(acoustic_decoy_gazebo)
[0.266s] Level 1:colcon.colcon_core.environment:checking '/home/zyshin3/gazebo_maritime/Acoustic_decoy_ws/install/acoustic_decoy_gazebo' for CMake module files
[0.266s] Level 1:colcon.colcon_core.environment:checking '/home/zyshin3/gazebo_maritime/Acoustic_decoy_ws/install/acoustic_decoy_gazebo' for CMake config files
[0.266s] Level 1:colcon.colcon_core.shell:create_environment_hook('acoustic_decoy_gazebo', 'cmake_prefix_path')
[0.266s] INFO:colcon.colcon_core.shell:Creating environment hook '/home/zyshin3/gazebo_maritime/Acoustic_decoy_ws/install/acoustic_decoy_gazebo/share/acoustic_decoy_gazebo/hook/cmake_prefix_path.ps1'
[0.266s] INFO:colcon.colcon_core.shell:Creating environment descriptor '/home/zyshin3/gazebo_maritime/Acoustic_decoy_ws/install/acoustic_decoy_gazebo/share/acoustic_decoy_gazebo/hook/cmake_prefix_path.dsv'
[0.267s] INFO:colcon.colcon_core.shell:Creating environment hook '/home/zyshin3/gazebo_maritime/Acoustic_decoy_ws/install/acoustic_decoy_gazebo/share/acoustic_decoy_gazebo/hook/cmake_prefix_path.sh'
[0.267s] Level 1:colcon.colcon_core.environment:checking '/home/zyshin3/gazebo_maritime/Acoustic_decoy_ws/install/acoustic_decoy_gazebo/lib'
[0.267s] Level 1:colcon.colcon_core.environment:checking '/home/zyshin3/gazebo_maritime/Acoustic_decoy_ws/install/acoustic_decoy_gazebo/bin'
[0.267s] Level 1:colcon.colcon_core.environment:checking '/home/zyshin3/gazebo_maritime/Acoustic_decoy_ws/install/acoustic_decoy_gazebo/lib/pkgconfig/acoustic_decoy_gazebo.pc'
[0.267s] Level 1:colcon.colcon_core.environment:checking '/home/zyshin3/gazebo_maritime/Acoustic_decoy_ws/install/acoustic_decoy_gazebo/lib/python3.12/site-packages'
[0.267s] Level 1:colcon.colcon_core.environment:checking '/home/zyshin3/gazebo_maritime/Acoustic_decoy_ws/install/acoustic_decoy_gazebo/bin'
[0.267s] INFO:colcon.colcon_core.shell:Creating package script '/home/zyshin3/gazebo_maritime/Acoustic_decoy_ws/install/acoustic_decoy_gazebo/share/acoustic_decoy_gazebo/package.ps1'
[0.267s] INFO:colcon.colcon_core.shell:Creating package descriptor '/home/zyshin3/gazebo_maritime/Acoustic_decoy_ws/install/acoustic_decoy_gazebo/share/acoustic_decoy_gazebo/package.dsv'
[0.267s] INFO:colcon.colcon_core.shell:Creating package script '/home/zyshin3/gazebo_maritime/Acoustic_decoy_ws/install/acoustic_decoy_gazebo/share/acoustic_decoy_gazebo/package.sh'
[0.268s] INFO:colcon.colcon_core.shell:Creating package script '/home/zyshin3/gazebo_maritime/Acoustic_decoy_ws/install/acoustic_decoy_gazebo/share/acoustic_decoy_gazebo/package.bash'
[0.268s] INFO:colcon.colcon_core.shell:Creating package script '/home/zyshin3/gazebo_maritime/Acoustic_decoy_ws/install/acoustic_decoy_gazebo/share/acoustic_decoy_gazebo/package.zsh'
[0.268s] Level 1:colcon.colcon_core.environment:create_file_with_runtime_dependencies(/home/zyshin3/gazebo_maritime/Acoustic_decoy_ws/install/acoustic_decoy_gazebo/share/colcon-core/packages/acoustic_decoy_gazebo)
[0.268s] INFO:colcon.colcon_ros.task.ament_cmake.build:Building ROS package in '/home/zyshin3/gazebo_maritime/Acoustic_decoy_ws/src/acoustic_decoy_starts' with build type 'ament_cmake'
[0.268s] INFO:colcon.colcon_cmake.task.cmake.build:Building CMake package in '/home/zyshin3/gazebo_maritime/Acoustic_decoy_ws/src/acoustic_decoy_starts'
[0.268s] INFO:colcon.colcon_core.shell:Skip shell extension 'powershell' for command environment: Not usable outside of PowerShell
[0.268s] DEBUG:colcon.colcon_core.shell:Skip shell extension 'dsv' for command environment
[0.273s] DEBUG:colcon.colcon_core.event_handler.log_command:Invoking command in '/home/zyshin3/gazebo_maritime/Acoustic_decoy_ws/build/acoustic_decoy_starts': CMAKE_PREFIX_PATH=/home/zyshin3/gazebo_maritime/Acoustic_decoy_ws/install/acoustic_decoy_gazebo:/home/zyshin3/gazebo_maritime/Acoustic_decoy_ws/install/acoustic_decoy_descriptions:/home/zyshin3/gazebo_maritime/Acoustic_decoy_ws/install/acoustic_decoy_starts:/home/zyshin3/gazebo_maritime/Acoustic_decoy_ws/install/acoustic_decoy_controls:/home/zyshin3/gazebo_maritime/Acoustic_decoy_ws/install/ros_gz_example_bringup:/home/zyshin3/gazebo_maritime/Acoustic_decoy_ws/install/ros_gz_example_gazebo:/home/zyshin3/gazebo_maritime/Acoustic_decoy_ws/install/ros_gz_example_description:/home/zyshin3/gazebo_maritime/Acoustic_decoy_ws/install/ros_gz_example_application:/opt/ros/jazzy/opt/gz_sim_vendor:/opt/ros/jazzy/opt/gz_sensors_vendor:/opt/ros/jazzy/opt/gz_physics_vendor:/opt/ros/jazzy/opt/sdformat_vendor:/opt/ros/jazzy/opt/gz_gui_vendor:/opt/ros/jazzy/opt/gz_transport_vendor:/opt/ros/jazzy/opt/gz_rendering_vendor:/opt/ros/jazzy/opt/gz_plugin_vendor:/opt/ros/jazzy/opt/gz_fuel_tools_vendor:/opt/ros/jazzy/opt/gz_msgs_vendor:/opt/ros/jazzy/opt/gz_common_vendor:/opt/ros/jazzy/opt/gz_math_vendor:/opt/ros/jazzy/opt/gz_utils_vendor:/opt/ros/jazzy/opt/gz_tools_vendor:/opt/ros/jazzy/opt/gz_ogre_next_vendor:/opt/ros/jazzy/opt/gz_dartsim_vendor:/opt/ros/jazzy/opt/gz_cmake_vendor:/opt/ros/jazzy GZ_SIM_PLUGIN_PATH=/home/zyshin3/gazebo_maritime/Acoustic_decoy_ws/install/acoustic_decoy_gazebo/lib/acoustic_decoy_gazebo GZ_SIM_RESOURCE_PATH=/home/zyshin3/gazebo_maritime/Acoustic_decoy_ws/install/acoustic_decoy_descriptions/share/acoustic_decoy_descriptions/models:${GZ_SIM_RESOURCE_PATH} /usr/bin/cmake --build /home/zyshin3/gazebo_maritime/Acoustic_decoy_ws/build/acoustic_decoy_starts -- -j20 -l20
[0.313s] DEBUG:colcon.colcon_core.event_handler.log_command:Invoked command in '/home/zyshin3/gazebo_maritime/Acoustic_decoy_ws/build/acoustic_decoy_starts' returned '0': CMAKE_PREFIX_PATH=/home/zyshin3/gazebo_maritime/Acoustic_decoy_ws/install/acoustic_decoy_gazebo:/home/zyshin3/gazebo_maritime/Acoustic_decoy_ws/install/acoustic_decoy_descriptions:/home/zyshin3/gazebo_maritime/Acoustic_decoy_ws/install/acoustic_decoy_starts:/home/zyshin3/gazebo_maritime/Acoustic_decoy_ws/install/acoustic_decoy_controls:/home/zyshin3/gazebo_maritime/Acoustic_decoy_ws/install/ros_gz_example_bringup:/home/zyshin3/gazebo_maritime/Acoustic_decoy_ws/install/ros_gz_example_gazebo:/home/zyshin3/gazebo_maritime/Acoustic_decoy_ws/install/ros_gz_example_description:/home/zyshin3/gazebo_maritime/Acoustic_decoy_ws/install/ros_gz_example_application:/opt/ros/jazzy/opt/gz_sim_vendor:/opt/ros/jazzy/opt/gz_sensors_vendor:/opt/ros/jazzy/opt/gz_physics_vendor:/opt/ros/jazzy/opt/sdformat_vendor:/opt/ros/jazzy/opt/gz_gui_vendor:/opt/ros/jazzy/opt/gz_transport_vendor:/opt/ros/jazzy/opt/gz_rendering_vendor:/opt/ros/jazzy/opt/gz_plugin_vendor:/opt/ros/jazzy/opt/gz_fuel_tools_vendor:/opt/ros/jazzy/opt/gz_msgs_vendor:/opt/ros/jazzy/opt/gz_common_vendor:/opt/ros/jazzy/opt/gz_math_vendor:/opt/ros/jazzy/opt/gz_utils_vendor:/opt/ros/jazzy/opt/gz_tools_vendor:/opt/ros/jazzy/opt/gz_ogre_next_vendor:/opt/ros/jazzy/opt/gz_dartsim_vendor:/opt/ros/jazzy/opt/gz_cmake_vendor:/opt/ros/jazzy GZ_SIM_PLUGIN_PATH=/home/zyshin3/gazebo_maritime/Acoustic_decoy_ws/install/acoustic_decoy_gazebo/lib/acoustic_decoy_gazebo GZ_SIM_RESOURCE_PATH=/home/zyshin3/gazebo_maritime/Acoustic_decoy_ws/install/acoustic_decoy_descriptions/share/acoustic_decoy_descriptions/models:${GZ_SIM_RESOURCE_PATH} /usr/bin/cmake --build /home/zyshin3/gazebo_maritime/Acoustic_decoy_ws/build/acoustic_decoy_starts -- -j20 -l20
[0.313s] DEBUG:colcon.colcon_core.event_handler.log_command:Invoking command in '/home/zyshin3/gazebo_maritime/Acoustic_decoy_ws/build/acoustic_decoy_starts': CMAKE_PREFIX_PATH=/home/zyshin3/gazebo_maritime/Acoustic_decoy_ws/install/acoustic_decoy_gazebo:/home/zyshin3/gazebo_maritime/Acoustic_decoy_ws/install/acoustic_decoy_descriptions:/home/zyshin3/gazebo_maritime/Acoustic_decoy_ws/install/acoustic_decoy_starts:/home/zyshin3/gazebo_maritime/Acoustic_decoy_ws/install/acoustic_decoy_controls:/home/zyshin3/gazebo_maritime/Acoustic_decoy_ws/install/ros_gz_example_bringup:/home/zyshin3/gazebo_maritime/Acoustic_decoy_ws/install/ros_gz_example_gazebo:/home/zyshin3/gazebo_maritime/Acoustic_decoy_ws/install/ros_gz_example_description:/home/zyshin3/gazebo_maritime/Acoustic_decoy_ws/install/ros_gz_example_application:/opt/ros/jazzy/opt/gz_sim_vendor:/opt/ros/jazzy/opt/gz_sensors_vendor:/opt/ros/jazzy/opt/gz_physics_vendor:/opt/ros/jazzy/opt/sdformat_vendor:/opt/ros/jazzy/opt/gz_gui_vendor:/opt/ros/jazzy/opt/gz_transport_vendor:/opt/ros/jazzy/opt/gz_rendering_vendor:/opt/ros/jazzy/opt/gz_plugin_vendor:/opt/ros/jazzy/opt/gz_fuel_tools_vendor:/opt/ros/jazzy/opt/gz_msgs_vendor:/opt/ros/jazzy/opt/gz_common_vendor:/opt/ros/jazzy/opt/gz_math_vendor:/opt/ros/jazzy/opt/gz_utils_vendor:/opt/ros/jazzy/opt/gz_tools_vendor:/opt/ros/jazzy/opt/gz_ogre_next_vendor:/opt/ros/jazzy/opt/gz_dartsim_vendor:/opt/ros/jazzy/opt/gz_cmake_vendor:/opt/ros/jazzy GZ_SIM_PLUGIN_PATH=/home/zyshin3/gazebo_maritime/Acoustic_decoy_ws/install/acoustic_decoy_gazebo/lib/acoustic_decoy_gazebo GZ_SIM_RESOURCE_PATH=/home/zyshin3/gazebo_maritime/Acoustic_decoy_ws/install/acoustic_decoy_descriptions/share/acoustic_decoy_descriptions/models:${GZ_SIM_RESOURCE_PATH} /usr/bin/cmake --install /home/zyshin3/gazebo_maritime/Acoustic_decoy_ws/build/acoustic_decoy_starts
[0.321s] Level 1:colcon.colcon_core.environment:create_environment_scripts_only(acoustic_decoy_starts)
[0.321s] Level 1:colcon.colcon_core.environment:checking '/home/zyshin3/gazebo_maritime/Acoustic_decoy_ws/install/acoustic_decoy_starts' for CMake module files
[0.321s] DEBUG:colcon.colcon_core.event_handler.log_command:Invoked command in '/home/zyshin3/gazebo_maritime/Acoustic_decoy_ws/build/acoustic_decoy_starts' returned '0': CMAKE_PREFIX_PATH=/home/zyshin3/gazebo_maritime/Acoustic_decoy_ws/install/acoustic_decoy_gazebo:/home/zyshin3/gazebo_maritime/Acoustic_decoy_ws/install/acoustic_decoy_descriptions:/home/zyshin3/gazebo_maritime/Acoustic_decoy_ws/install/acoustic_decoy_starts:/home/zyshin3/gazebo_maritime/Acoustic_decoy_ws/install/acoustic_decoy_controls:/home/zyshin3/gazebo_maritime/Acoustic_decoy_ws/install/ros_gz_example_bringup:/home/zyshin3/gazebo_maritime/Acoustic_decoy_ws/install/ros_gz_example_gazebo:/home/zyshin3/gazebo_maritime/Acoustic_decoy_ws/install/ros_gz_example_description:/home/zyshin3/gazebo_maritime/Acoustic_decoy_ws/install/ros_gz_example_application:/opt/ros/jazzy/opt/gz_sim_vendor:/opt/ros/jazzy/opt/gz_sensors_vendor:/opt/ros/jazzy/opt/gz_physics_vendor:/opt/ros/jazzy/opt/sdformat_vendor:/opt/ros/jazzy/opt/gz_gui_vendor:/opt/ros/jazzy/opt/gz_transport_vendor:/opt/ros/jazzy/opt/gz_rendering_vendor:/opt/ros/jazzy/opt/gz_plugin_vendor:/opt/ros/jazzy/opt/gz_fuel_tools_vendor:/opt/ros/jazzy/opt/gz_msgs_vendor:/opt/ros/jazzy/opt/gz_common_vendor:/opt/ros/jazzy/opt/gz_math_vendor:/opt/ros/jazzy/opt/gz_utils_vendor:/opt/ros/jazzy/opt/gz_tools_vendor:/opt/ros/jazzy/opt/gz_ogre_next_vendor:/opt/ros/jazzy/opt/gz_dartsim_vendor:/opt/ros/jazzy/opt/gz_cmake_vendor:/opt/ros/jazzy GZ_SIM_PLUGIN_PATH=/home/zyshin3/gazebo_maritime/Acoustic_decoy_ws/install/acoustic_decoy_gazebo/lib/acoustic_decoy_gazebo GZ_SIM_RESOURCE_PATH=/home/zyshin3/gazebo_maritime/Acoustic_decoy_ws/install/acoustic_decoy_descriptions/share/acoustic_decoy_descriptions/models:${GZ_SIM_RESOURCE_PATH} /usr/bin/cmake --install /home/zyshin3/gazebo_maritime/Acoustic_decoy_ws/build/acoustic_decoy_starts
[0.321s] Level 1:colcon.colcon_core.environment:checking '/home/zyshin3/gazebo_maritime/Acoustic_decoy_ws/install/acoustic_decoy_starts' for CMake config files
[0.321s] Level 1:colcon.colcon_core.shell:create_environment_hook('acoustic_decoy_starts', 'cmake_prefix_path')
[0.322s] INFO:colcon.colcon_core.shell:Creating environment hook '/home/zyshin3/gazebo_maritime/Acoustic_decoy_ws/install/acoustic_decoy_starts/share/acoustic_decoy_starts/hook/cmake_prefix_path.ps1'
[0.322s] INFO:colcon.colcon_core.shell:Creating environment descriptor '/home/zyshin3/gazebo_maritime/Acoustic_decoy_ws/install/acoustic_decoy_starts/share/acoustic_decoy_starts/hook/cmake_prefix_path.dsv'
[0.322s] INFO:colcon.colcon_core.shell:Creating environment hook '/home/zyshin3/gazebo_maritime/Acoustic_decoy_ws/install/acoustic_decoy_starts/share/acoustic_decoy_starts/hook/cmake_prefix_path.sh'
[0.322s] Level 1:colcon.colcon_core.environment:checking '/home/zyshin3/gazebo_maritime/Acoustic_decoy_ws/install/acoustic_decoy_starts/bin'
[0.322s] Level 1:colcon.colcon_core.environment:checking '/home/zyshin3/gazebo_maritime/Acoustic_decoy_ws/install/acoustic_decoy_starts/lib/pkgconfig/acoustic_decoy_starts.pc'
[0.322s] Level 1:colcon.colcon_core.environment:checking '/home/zyshin3/gazebo_maritime/Acoustic_decoy_ws/install/acoustic_decoy_starts/lib/python3.12/site-packages'
[0.322s] Level 1:colcon.colcon_core.environment:checking '/home/zyshin3/gazebo_maritime/Acoustic_decoy_ws/install/acoustic_decoy_starts/bin'
[0.322s] INFO:colcon.colcon_core.shell:Creating package script '/home/zyshin3/gazebo_maritime/Acoustic_decoy_ws/install/acoustic_decoy_starts/share/acoustic_decoy_starts/package.ps1'
[0.323s] INFO:colcon.colcon_core.shell:Creating package descriptor '/home/zyshin3/gazebo_maritime/Acoustic_decoy_ws/install/acoustic_decoy_starts/share/acoustic_decoy_starts/package.dsv'
[0.323s] INFO:colcon.colcon_core.shell:Creating package script '/home/zyshin3/gazebo_maritime/Acoustic_decoy_ws/install/acoustic_decoy_starts/share/acoustic_decoy_starts/package.sh'
[0.323s] INFO:colcon.colcon_core.shell:Creating package script '/home/zyshin3/gazebo_maritime/Acoustic_decoy_ws/install/acoustic_decoy_starts/share/acoustic_decoy_starts/package.bash'
[0.323s] INFO:colcon.colcon_core.shell:Creating package script '/home/zyshin3/gazebo_maritime/Acoustic_decoy_ws/install/acoustic_decoy_starts/share/acoustic_decoy_starts/package.zsh'
[0.323s] Level 1:colcon.colcon_core.environment:create_file_with_runtime_dependencies(/home/zyshin3/gazebo_maritime/Acoustic_decoy_ws/install/acoustic_decoy_starts/share/colcon-core/packages/acoustic_decoy_starts)
[0.323s] Level 1:colcon.colcon_core.environment:create_environment_scripts_only(acoustic_decoy_starts)
[0.323s] Level 1:colcon.colcon_core.environment:checking '/home/zyshin3/gazebo_maritime/Acoustic_decoy_ws/install/acoustic_decoy_starts' for CMake module files
[0.324s] Level 1:colcon.colcon_core.environment:checking '/home/zyshin3/gazebo_maritime/Acoustic_decoy_ws/install/acoustic_decoy_starts' for CMake config files
[0.324s] Level 1:colcon.colcon_core.shell:create_environment_hook('acoustic_decoy_starts', 'cmake_prefix_path')
[0.324s] INFO:colcon.colcon_core.shell:Creating environment hook '/home/zyshin3/gazebo_maritime/Acoustic_decoy_ws/install/acoustic_decoy_starts/share/acoustic_decoy_starts/hook/cmake_prefix_path.ps1'
[0.324s] INFO:colcon.colcon_core.shell:Creating environment descriptor '/home/zyshin3/gazebo_maritime/Acoustic_decoy_ws/install/acoustic_decoy_starts/share/acoustic_decoy_starts/hook/cmake_prefix_path.dsv'
[0.324s] INFO:colcon.colcon_core.shell:Creating environment hook '/home/zyshin3/gazebo_maritime/Acoustic_decoy_ws/install/acoustic_decoy_starts/share/acoustic_decoy_starts/hook/cmake_prefix_path.sh'
[0.324s] Level 1:colcon.colcon_core.environment:checking '/home/zyshin3/gazebo_maritime/Acoustic_decoy_ws/install/acoustic_decoy_starts/bin'
[0.324s] Level 1:colcon.colcon_core.environment:checking '/home/zyshin3/gazebo_maritime/Acoustic_decoy_ws/install/acoustic_decoy_starts/lib/pkgconfig/acoustic_decoy_starts.pc'
[0.324s] Level 1:colcon.colcon_core.environment:checking '/home/zyshin3/gazebo_maritime/Acoustic_decoy_ws/install/acoustic_decoy_starts/lib/python3.12/site-packages'
[0.324s] Level 1:colcon.colcon_core.environment:checking '/home/zyshin3/gazebo_maritime/Acoustic_decoy_ws/install/acoustic_decoy_starts/bin'
[0.325s] INFO:colcon.colcon_core.shell:Creating package script '/home/zyshin3/gazebo_maritime/Acoustic_decoy_ws/install/acoustic_decoy_starts/share/acoustic_decoy_starts/package.ps1'
[0.325s] INFO:colcon.colcon_core.shell:Creating package descriptor '/home/zyshin3/gazebo_maritime/Acoustic_decoy_ws/install/acoustic_decoy_starts/share/acoustic_decoy_starts/package.dsv'
[0.325s] INFO:colcon.colcon_core.shell:Creating package script '/home/zyshin3/gazebo_maritime/Acoustic_decoy_ws/install/acoustic_decoy_starts/share/acoustic_decoy_starts/package.sh'
[0.325s] INFO:colcon.colcon_core.shell:Creating package script '/home/zyshin3/gazebo_maritime/Acoustic_decoy_ws/install/acoustic_decoy_starts/share/acoustic_decoy_starts/package.bash'
[0.325s] INFO:colcon.colcon_core.shell:Creating package script '/home/zyshin3/gazebo_maritime/Acoustic_decoy_ws/install/acoustic_decoy_starts/share/acoustic_decoy_starts/package.zsh'
[0.325s] Level 1:colcon.colcon_core.environment:create_file_with_runtime_dependencies(/home/zyshin3/gazebo_maritime/Acoustic_decoy_ws/install/acoustic_decoy_starts/share/colcon-core/packages/acoustic_decoy_starts)
[0.325s] DEBUG:colcon.colcon_parallel_executor.executor.parallel:closing loop
[0.326s] DEBUG:colcon.colcon_parallel_executor.executor.parallel:loop closed
[0.326s] DEBUG:colcon.colcon_parallel_executor.executor.parallel:run_until_complete finished with '0'
[0.326s] DEBUG:colcon.colcon_core.event_reactor:joining thread
[0.331s] INFO:colcon.colcon_core.plugin_system:Skipping extension 'colcon_notification.desktop_notification.terminal_notifier': Not used on non-Darwin systems
[0.331s] INFO:colcon.colcon_core.plugin_system:Skipping extension 'colcon_notification.desktop_notification.win32': Not used on non-Windows systems
[0.331s] INFO:colcon.colcon_notification.desktop_notification:Sending desktop notification using 'notify2'
[0.350s] DEBUG:colcon.colcon_core.event_reactor:joined thread
[0.351s] INFO:colcon.colcon_core.shell:Creating prefix script '/home/zyshin3/gazebo_maritime/Acoustic_decoy_ws/install/local_setup.ps1'
[0.352s] INFO:colcon.colcon_core.shell:Creating prefix util module '/home/zyshin3/gazebo_maritime/Acoustic_decoy_ws/install/_local_setup_util_ps1.py'
[0.353s] INFO:colcon.colcon_core.shell:Creating prefix chain script '/home/zyshin3/gazebo_maritime/Acoustic_decoy_ws/install/setup.ps1'
[0.354s] INFO:colcon.colcon_core.shell:Creating prefix script '/home/zyshin3/gazebo_maritime/Acoustic_decoy_ws/install/local_setup.sh'
[0.354s] INFO:colcon.colcon_core.shell:Creating prefix util module '/home/zyshin3/gazebo_maritime/Acoustic_decoy_ws/install/_local_setup_util_sh.py'
[0.354s] INFO:colcon.colcon_core.shell:Creating prefix chain script '/home/zyshin3/gazebo_maritime/Acoustic_decoy_ws/install/setup.sh'
[0.355s] INFO:colcon.colcon_core.shell:Creating prefix script '/home/zyshin3/gazebo_maritime/Acoustic_decoy_ws/install/local_setup.bash'
[0.355s] INFO:colcon.colcon_core.shell:Creating prefix chain script '/home/zyshin3/gazebo_maritime/Acoustic_decoy_ws/install/setup.bash'
[0.355s] INFO:colcon.colcon_core.shell:Creating prefix script '/home/zyshin3/gazebo_maritime/Acoustic_decoy_ws/install/local_setup.zsh'
[0.356s] INFO:colcon.colcon_core.shell:Creating prefix chain script '/home/zyshin3/gazebo_maritime/Acoustic_decoy_ws/install/setup.zsh'
