[0.006s] Invoking command in '/home/zyshin3/gazebo_maritime/Acoustic_decoy_ws/build/acoustic_decoy_descriptions': CMAKE_PREFIX_PATH=${CMAKE_PREFIX_PATH}:/opt/ros/jazzy /usr/bin/cmake --build /home/zyshin3/gazebo_maritime/Acoustic_decoy_ws/build/acoustic_decoy_descriptions -- -j20 -l20
[0.045s] Invoked command in '/home/zyshin3/gazebo_maritime/Acoustic_decoy_ws/build/acoustic_decoy_descriptions' returned '0': CMAKE_PREFIX_PATH=${CMAKE_PREFIX_PATH}:/opt/ros/jazzy /usr/bin/cmake --build /home/zyshin3/gazebo_maritime/Acoustic_decoy_ws/build/acoustic_decoy_descriptions -- -j20 -l20
[0.051s] Invoking command in '/home/zyshin3/gazebo_maritime/Acoustic_decoy_ws/build/acoustic_decoy_descriptions': CMAKE_PREFIX_PATH=${CMAKE_PREFIX_PATH}:/opt/ros/jazzy /usr/bin/cmake --install /home/zyshin3/gazebo_maritime/Acoustic_decoy_ws/build/acoustic_decoy_descriptions
[0.055s] -- Install configuration: ""
[0.055s] -- Up-to-date: /home/zyshin3/gazebo_maritime/Acoustic_decoy_ws/install/acoustic_decoy_descriptions/share/acoustic_decoy_descriptions/models
[0.055s] -- Up-to-date: /home/zyshin3/gazebo_maritime/Acoustic_decoy_ws/install/acoustic_decoy_descriptions/share/acoustic_decoy_descriptions/models/rrbot
[0.055s] -- Up-to-date: /home/zyshin3/gazebo_maritime/Acoustic_decoy_ws/install/acoustic_decoy_descriptions/share/acoustic_decoy_descriptions/models/rrbot/model.sdf
[0.055s] -- Up-to-date: /home/zyshin3/gazebo_maritime/Acoustic_decoy_ws/install/acoustic_decoy_descriptions/share/acoustic_decoy_descriptions/models/diff_drive
[0.055s] -- Up-to-date: /home/zyshin3/gazebo_maritime/Acoustic_decoy_ws/install/acoustic_decoy_descriptions/share/acoustic_decoy_descriptions/models/diff_drive/model.config
[0.055s] -- Up-to-date: /home/zyshin3/gazebo_maritime/Acoustic_decoy_ws/install/acoustic_decoy_descriptions/share/acoustic_decoy_descriptions/models/diff_drive/model.sdf
[0.055s] -- Up-to-date: /home/zyshin3/gazebo_maritime/Acoustic_decoy_ws/install/acoustic_decoy_descriptions/share/acoustic_decoy_descriptions/environment/acoustic_decoy_descriptions.dsv
[0.055s] -- Up-to-date: /home/zyshin3/gazebo_maritime/Acoustic_decoy_ws/install/acoustic_decoy_descriptions/share/acoustic_decoy_descriptions/environment/acoustic_decoy_descriptions.sh
[0.055s] -- Up-to-date: /home/zyshin3/gazebo_maritime/Acoustic_decoy_ws/install/acoustic_decoy_descriptions/share/ament_index/resource_index/package_run_dependencies/acoustic_decoy_descriptions
[0.055s] -- Up-to-date: /home/zyshin3/gazebo_maritime/Acoustic_decoy_ws/install/acoustic_decoy_descriptions/share/ament_index/resource_index/parent_prefix_path/acoustic_decoy_descriptions
[0.055s] -- Up-to-date: /home/zyshin3/gazebo_maritime/Acoustic_decoy_ws/install/acoustic_decoy_descriptions/share/acoustic_decoy_descriptions/environment/ament_prefix_path.sh
[0.055s] -- Up-to-date: /home/zyshin3/gazebo_maritime/Acoustic_decoy_ws/install/acoustic_decoy_descriptions/share/acoustic_decoy_descriptions/environment/ament_prefix_path.dsv
[0.056s] -- Up-to-date: /home/zyshin3/gazebo_maritime/Acoustic_decoy_ws/install/acoustic_decoy_descriptions/share/acoustic_decoy_descriptions/environment/path.sh
[0.056s] -- Up-to-date: /home/zyshin3/gazebo_maritime/Acoustic_decoy_ws/install/acoustic_decoy_descriptions/share/acoustic_decoy_descriptions/environment/path.dsv
[0.056s] -- Up-to-date: /home/zyshin3/gazebo_maritime/Acoustic_decoy_ws/install/acoustic_decoy_descriptions/share/acoustic_decoy_descriptions/local_setup.bash
[0.056s] -- Up-to-date: /home/zyshin3/gazebo_maritime/Acoustic_decoy_ws/install/acoustic_decoy_descriptions/share/acoustic_decoy_descriptions/local_setup.sh
[0.056s] -- Up-to-date: /home/zyshin3/gazebo_maritime/Acoustic_decoy_ws/install/acoustic_decoy_descriptions/share/acoustic_decoy_descriptions/local_setup.zsh
[0.056s] -- Up-to-date: /home/zyshin3/gazebo_maritime/Acoustic_decoy_ws/install/acoustic_decoy_descriptions/share/acoustic_decoy_descriptions/local_setup.dsv
[0.056s] -- Up-to-date: /home/zyshin3/gazebo_maritime/Acoustic_decoy_ws/install/acoustic_decoy_descriptions/share/acoustic_decoy_descriptions/package.dsv
[0.056s] -- Up-to-date: /home/zyshin3/gazebo_maritime/Acoustic_decoy_ws/install/acoustic_decoy_descriptions/share/ament_index/resource_index/packages/acoustic_decoy_descriptions
[0.056s] -- Up-to-date: /home/zyshin3/gazebo_maritime/Acoustic_decoy_ws/install/acoustic_decoy_descriptions/share/acoustic_decoy_descriptions/cmake/acoustic_decoy_descriptionsConfig.cmake
[0.056s] -- Up-to-date: /home/zyshin3/gazebo_maritime/Acoustic_decoy_ws/install/acoustic_decoy_descriptions/share/acoustic_decoy_descriptions/cmake/acoustic_decoy_descriptionsConfig-version.cmake
[0.056s] -- Up-to-date: /home/zyshin3/gazebo_maritime/Acoustic_decoy_ws/install/acoustic_decoy_descriptions/share/acoustic_decoy_descriptions/package.xml
[0.056s] Invoked command in '/home/zyshin3/gazebo_maritime/Acoustic_decoy_ws/build/acoustic_decoy_descriptions' returned '0': CMAKE_PREFIX_PATH=${CMAKE_PREFIX_PATH}:/opt/ros/jazzy /usr/bin/cmake --install /home/zyshin3/gazebo_maritime/Acoustic_decoy_ws/build/acoustic_decoy_descriptions
