-- The C compiler identification is GNU 13.3.0
-- The CXX compiler identification is GNU 13.3.0
-- Detecting C compiler ABI info
-- Detecting C compiler ABI info - done
-- Check for working C compiler: /usr/bin/cc - skipped
-- Detecting C compile features
-- Detecting C compile features - done
-- Detecting CXX compiler ABI info
-- Detecting CXX compiler ABI info - done
-- Check for working CXX compiler: /usr/bin/c++ - skipped
-- Detecting CXX compile features
-- Detecting CXX compile features - done
-- Found ament_cmake: 2.5.4 (/opt/ros/jazzy/share/ament_cmake/cmake)
-- Found Python3: /usr/bin/python3 (found version "3.12.3") found components: Interpreter 
-- Found acoustic_decoy_descriptions: 0.0.0 (/home/zyshin3/gazebo_maritime/Acoustic_decoy_ws/install/acoustic_decoy_descriptions/share/acoustic_decoy_descriptions/cmake)
-- Found acoustic_decoy_gazebo: 0.0.0 (/home/zyshin3/gazebo_maritime/Acoustic_decoy_ws/install/acoustic_decoy_gazebo/share/acoustic_decoy_gazebo/cmake)
-- Found ament_lint_auto: 0.17.2 (/opt/ros/jazzy/share/ament_lint_auto/cmake)
-- Configuring done (0.7s)
-- Generating done (0.0s)
-- Build files have been written to: /home/zyshin3/gazebo_maritime/Acoustic_decoy_ws/build/acoustic_decoy_starts
-- Install configuration: ""
-- Installing: /home/zyshin3/gazebo_maritime/Acoustic_decoy_ws/install/acoustic_decoy_starts/share/acoustic_decoy_starts/launch
-- Installing: /home/zyshin3/gazebo_maritime/Acoustic_decoy_ws/install/acoustic_decoy_starts/share/acoustic_decoy_starts/launch/rrbot_setup.launch.py
-- Installing: /home/zyshin3/gazebo_maritime/Acoustic_decoy_ws/install/acoustic_decoy_starts/share/acoustic_decoy_starts/launch/diff_drive.launch.py
-- Installing: /home/zyshin3/gazebo_maritime/Acoustic_decoy_ws/install/acoustic_decoy_starts/share/acoustic_decoy_starts/config
-- Installing: /home/zyshin3/gazebo_maritime/Acoustic_decoy_ws/install/acoustic_decoy_starts/share/acoustic_decoy_starts/config/ros_gz_example_bridge.yaml
-- Installing: /home/zyshin3/gazebo_maritime/Acoustic_decoy_ws/install/acoustic_decoy_starts/share/acoustic_decoy_starts/config/diff_drive.rviz
-- Installing: /home/zyshin3/gazebo_maritime/Acoustic_decoy_ws/install/acoustic_decoy_starts/share/acoustic_decoy_starts/config/rrbot.rviz
-- Installing: /home/zyshin3/gazebo_maritime/Acoustic_decoy_ws/install/acoustic_decoy_starts/share/ament_index/resource_index/package_run_dependencies/acoustic_decoy_starts
-- Installing: /home/zyshin3/gazebo_maritime/Acoustic_decoy_ws/install/acoustic_decoy_starts/share/ament_index/resource_index/parent_prefix_path/acoustic_decoy_starts
-- Installing: /home/zyshin3/gazebo_maritime/Acoustic_decoy_ws/install/acoustic_decoy_starts/share/acoustic_decoy_starts/environment/ament_prefix_path.sh
-- Installing: /home/zyshin3/gazebo_maritime/Acoustic_decoy_ws/install/acoustic_decoy_starts/share/acoustic_decoy_starts/environment/ament_prefix_path.dsv
-- Installing: /home/zyshin3/gazebo_maritime/Acoustic_decoy_ws/install/acoustic_decoy_starts/share/acoustic_decoy_starts/environment/path.sh
-- Installing: /home/zyshin3/gazebo_maritime/Acoustic_decoy_ws/install/acoustic_decoy_starts/share/acoustic_decoy_starts/environment/path.dsv
-- Installing: /home/zyshin3/gazebo_maritime/Acoustic_decoy_ws/install/acoustic_decoy_starts/share/acoustic_decoy_starts/local_setup.bash
-- Installing: /home/zyshin3/gazebo_maritime/Acoustic_decoy_ws/install/acoustic_decoy_starts/share/acoustic_decoy_starts/local_setup.sh
-- Installing: /home/zyshin3/gazebo_maritime/Acoustic_decoy_ws/install/acoustic_decoy_starts/share/acoustic_decoy_starts/local_setup.zsh
-- Installing: /home/zyshin3/gazebo_maritime/Acoustic_decoy_ws/install/acoustic_decoy_starts/share/acoustic_decoy_starts/local_setup.dsv
-- Installing: /home/zyshin3/gazebo_maritime/Acoustic_decoy_ws/install/acoustic_decoy_starts/share/acoustic_decoy_starts/package.dsv
-- Installing: /home/zyshin3/gazebo_maritime/Acoustic_decoy_ws/install/acoustic_decoy_starts/share/ament_index/resource_index/packages/acoustic_decoy_starts
-- Installing: /home/zyshin3/gazebo_maritime/Acoustic_decoy_ws/install/acoustic_decoy_starts/share/acoustic_decoy_starts/cmake/acoustic_decoy_startsConfig.cmake
-- Installing: /home/zyshin3/gazebo_maritime/Acoustic_decoy_ws/install/acoustic_decoy_starts/share/acoustic_decoy_starts/cmake/acoustic_decoy_startsConfig-version.cmake
-- Installing: /home/zyshin3/gazebo_maritime/Acoustic_decoy_ws/install/acoustic_decoy_starts/share/acoustic_decoy_starts/package.xml
