[ 50%] Built target FullSystem
[100%] Built target BasicSystem
-- Install configuration: ""
-- Up-to-date: /home/zyshin3/gazebo_maritime/Acoustic_decoy_ws/install/acoustic_decoy_gazebo/lib/acoustic_decoy_gazebo/libBasicSystem.so
-- Up-to-date: /home/zyshin3/gazebo_maritime/Acoustic_decoy_ws/install/acoustic_decoy_gazebo/lib/acoustic_decoy_gazebo/libFullSystem.so
-- Up-to-date: /home/zyshin3/gazebo_maritime/Acoustic_decoy_ws/install/acoustic_decoy_gazebo/share/acoustic_decoy_gazebo/worlds
-- Installing: /home/zyshin3/gazebo_maritime/Acoustic_decoy_ws/install/acoustic_decoy_gazebo/share/acoustic_decoy_gazebo/worlds/diff_drive.sdf
-- Up-to-date: /home/zyshin3/gazebo_maritime/Acoustic_decoy_ws/install/acoustic_decoy_gazebo/share/acoustic_decoy_gazebo/environment/acoustic_decoy_gazebo.dsv
-- Up-to-date: /home/zyshin3/gazebo_maritime/Acoustic_decoy_ws/install/acoustic_decoy_gazebo/share/acoustic_decoy_gazebo/environment/acoustic_decoy_gazebo.sh
-- Up-to-date: /home/zyshin3/gazebo_maritime/Acoustic_decoy_ws/install/acoustic_decoy_gazebo/share/ament_index/resource_index/package_run_dependencies/acoustic_decoy_gazebo
-- Up-to-date: /home/zyshin3/gazebo_maritime/Acoustic_decoy_ws/install/acoustic_decoy_gazebo/share/ament_index/resource_index/parent_prefix_path/acoustic_decoy_gazebo
-- Up-to-date: /home/zyshin3/gazebo_maritime/Acoustic_decoy_ws/install/acoustic_decoy_gazebo/share/acoustic_decoy_gazebo/environment/ament_prefix_path.sh
-- Up-to-date: /home/zyshin3/gazebo_maritime/Acoustic_decoy_ws/install/acoustic_decoy_gazebo/share/acoustic_decoy_gazebo/environment/ament_prefix_path.dsv
-- Up-to-date: /home/zyshin3/gazebo_maritime/Acoustic_decoy_ws/install/acoustic_decoy_gazebo/share/acoustic_decoy_gazebo/environment/path.sh
-- Up-to-date: /home/zyshin3/gazebo_maritime/Acoustic_decoy_ws/install/acoustic_decoy_gazebo/share/acoustic_decoy_gazebo/environment/path.dsv
-- Up-to-date: /home/zyshin3/gazebo_maritime/Acoustic_decoy_ws/install/acoustic_decoy_gazebo/share/acoustic_decoy_gazebo/local_setup.bash
-- Up-to-date: /home/zyshin3/gazebo_maritime/Acoustic_decoy_ws/install/acoustic_decoy_gazebo/share/acoustic_decoy_gazebo/local_setup.sh
-- Up-to-date: /home/zyshin3/gazebo_maritime/Acoustic_decoy_ws/install/acoustic_decoy_gazebo/share/acoustic_decoy_gazebo/local_setup.zsh
-- Up-to-date: /home/zyshin3/gazebo_maritime/Acoustic_decoy_ws/install/acoustic_decoy_gazebo/share/acoustic_decoy_gazebo/local_setup.dsv
-- Installing: /home/zyshin3/gazebo_maritime/Acoustic_decoy_ws/install/acoustic_decoy_gazebo/share/acoustic_decoy_gazebo/package.dsv
-- Up-to-date: /home/zyshin3/gazebo_maritime/Acoustic_decoy_ws/install/acoustic_decoy_gazebo/share/ament_index/resource_index/packages/acoustic_decoy_gazebo
-- Up-to-date: /home/zyshin3/gazebo_maritime/Acoustic_decoy_ws/install/acoustic_decoy_gazebo/share/acoustic_decoy_gazebo/cmake/acoustic_decoy_gazeboConfig.cmake
-- Up-to-date: /home/zyshin3/gazebo_maritime/Acoustic_decoy_ws/install/acoustic_decoy_gazebo/share/acoustic_decoy_gazebo/cmake/acoustic_decoy_gazeboConfig-version.cmake
-- Up-to-date: /home/zyshin3/gazebo_maritime/Acoustic_decoy_ws/install/acoustic_decoy_gazebo/share/acoustic_decoy_gazebo/package.xml
